[2025-01-12T13:13:44.126+0000] {local_task_job_runner.py:123} INFO - ::group::Pre task execution logs
[2025-01-12T13:13:44.147+0000] {taskinstance.py:2613} INFO - Dependencies all met for dep_context=non-requeueable deps ti=<TaskInstance: my_second_dbt_dag.run_dbt_model scheduled__2025-01-11T00:00:00+00:00 [queued]>
[2025-01-12T13:13:44.158+0000] {taskinstance.py:2613} INFO - Dependencies all met for dep_context=requeueable deps ti=<TaskInstance: my_second_dbt_dag.run_dbt_model scheduled__2025-01-11T00:00:00+00:00 [queued]>
[2025-01-12T13:13:44.159+0000] {taskinstance.py:2866} INFO - Starting attempt 2 of 2
[2025-01-12T13:13:44.180+0000] {taskinstance.py:2889} INFO - Executing <Task(PythonOperator): run_dbt_model> on 2025-01-11 00:00:00+00:00
[2025-01-12T13:13:44.192+0000] {standard_task_runner.py:104} INFO - Running: ['***', 'tasks', 'run', 'my_second_dbt_dag', 'run_dbt_model', 'scheduled__2025-01-11T00:00:00+00:00', '--job-id', '11', '--raw', '--subdir', 'DAGS_FOLDER/my_second_dbt_dag.py', '--cfg-path', '/tmp/tmpd0oyczmx']
[2025-01-12T13:13:44.196+0000] {standard_task_runner.py:105} INFO - Job 11: Subtask run_dbt_model
[2025-01-12T13:13:44.198+0000] {logging_mixin.py:190} WARNING - /home/***/.local/lib/python3.12/site-packages/***/task/task_runner/standard_task_runner.py:70 DeprecationWarning: This process (pid=411) is multi-threaded, use of fork() may lead to deadlocks in the child.
[2025-01-12T13:13:44.200+0000] {standard_task_runner.py:72} INFO - Started process 414 to run task
[2025-01-12T13:13:44.260+0000] {task_command.py:467} INFO - Running <TaskInstance: my_second_dbt_dag.run_dbt_model scheduled__2025-01-11T00:00:00+00:00 [running]> on host 0c3be2a2e4e9
[2025-01-12T13:13:44.353+0000] {taskinstance.py:3132} INFO - Exporting env vars: AIRFLOW_CTX_DAG_OWNER='***' AIRFLOW_CTX_DAG_ID='my_second_dbt_dag' AIRFLOW_CTX_TASK_ID='run_dbt_model' AIRFLOW_CTX_EXECUTION_DATE='2025-01-11T00:00:00+00:00' AIRFLOW_CTX_TRY_NUMBER='2' AIRFLOW_CTX_DAG_RUN_ID='scheduled__2025-01-11T00:00:00+00:00'
[2025-01-12T13:13:44.354+0000] {taskinstance.py:731} INFO - ::endgroup::
[2025-01-12T13:13:44.809+0000] {logging_mixin.py:190} INFO - Error during DBT run: Traceback (most recent call last):
  File "/home/***/.local/bin/dbt", line 5, in <module>
    from dbt.cli.main import cli
  File "/home/***/.local/lib/python3.12/site-packages/dbt/cli/__init__.py", line 1, in <module>
    from .main import cli as dbt_cli  # noqa
    ^^^^^^^^^^^^^^^^^^^^^^^^^^^^^^^^
  File "/home/***/.local/lib/python3.12/site-packages/dbt/cli/main.py", line 11, in <module>
    from dbt.adapters.factory import register_adapter
  File "/home/***/.local/lib/python3.12/site-packages/dbt/adapters/factory.py", line 9, in <module>
    from dbt_common.events.functions import fire_event
  File "/home/***/.local/lib/python3.12/site-packages/dbt_common/events/__init__.py", line 1, in <module>
    from dbt_common.events.base_types import EventLevel
  File "/home/***/.local/lib/python3.12/site-packages/dbt_common/events/base_types.py", line 4, in <module>
    from dbt_common.events import types_pb2
  File "/home/***/.local/lib/python3.12/site-packages/dbt_common/events/types_pb2.py", line 9, in <module>
    from google.protobuf import runtime_version as _runtime_version
ImportError: cannot import name 'runtime_version' from 'google.protobuf' (/home/***/.local/lib/python3.12/site-packages/google/protobuf/__init__.py)
[2025-01-12T13:13:44.810+0000] {taskinstance.py:3311} ERROR - Task failed with exception
Traceback (most recent call last):
  File "/home/airflow/.local/lib/python3.12/site-packages/airflow/models/taskinstance.py", line 767, in _execute_task
    result = _execute_callable(context=context, **execute_callable_kwargs)
             ^^^^^^^^^^^^^^^^^^^^^^^^^^^^^^^^^^^^^^^^^^^^^^^^^^^^^^^^^^^^^
  File "/home/airflow/.local/lib/python3.12/site-packages/airflow/models/taskinstance.py", line 733, in _execute_callable
    return ExecutionCallableRunner(
           ^^^^^^^^^^^^^^^^^^^^^^^^
  File "/home/airflow/.local/lib/python3.12/site-packages/airflow/utils/operator_helpers.py", line 252, in run
    return self.func(*args, **kwargs)
           ^^^^^^^^^^^^^^^^^^^^^^^^^^
  File "/home/airflow/.local/lib/python3.12/site-packages/airflow/models/baseoperator.py", line 422, in wrapper
    return func(self, *args, **kwargs)
           ^^^^^^^^^^^^^^^^^^^^^^^^^^^
  File "/home/airflow/.local/lib/python3.12/site-packages/airflow/operators/python.py", line 238, in execute
    return_value = self.execute_callable()
                   ^^^^^^^^^^^^^^^^^^^^^^^
  File "/home/airflow/.local/lib/python3.12/site-packages/airflow/operators/python.py", line 256, in execute_callable
    return runner.run(*self.op_args, **self.op_kwargs)
           ^^^^^^^^^^^^^^^^^^^^^^^^^^^^^^^^^^^^^^^^^^^
  File "/home/airflow/.local/lib/python3.12/site-packages/airflow/utils/operator_helpers.py", line 252, in run
    return self.func(*args, **kwargs)
           ^^^^^^^^^^^^^^^^^^^^^^^^^^
  File "/opt/airflow/dags/my_second_dbt_dag.py", line 17, in run_dbt_model
    raise e  # Raise again to make sure the task fails correctly
    ^^^^^^^
  File "/opt/airflow/dags/my_second_dbt_dag.py", line 8, in run_dbt_model
    result = subprocess.run(
             ^^^^^^^^^^^^^^^
  File "/usr/local/lib/python3.12/subprocess.py", line 571, in run
    raise CalledProcessError(retcode, process.args,
subprocess.CalledProcessError: Command '['dbt', 'run', '--project-dir', '/opt/dbt-project', '--profiles-dir', '/opt/dbt-project']' returned non-zero exit status 1.
[2025-01-12T13:13:44.824+0000] {taskinstance.py:1225} INFO - Marking task as FAILED. dag_id=my_second_dbt_dag, task_id=run_dbt_model, run_id=scheduled__2025-01-11T00:00:00+00:00, execution_date=20250111T000000, start_date=20250112T131344, end_date=20250112T131344
[2025-01-12T13:13:44.838+0000] {taskinstance.py:340} INFO - ::group::Post task execution logs
[2025-01-12T13:13:44.838+0000] {standard_task_runner.py:124} ERROR - Failed to execute job 11 for task run_dbt_model (Command '['dbt', 'run', '--project-dir', '/opt/dbt-project', '--profiles-dir', '/opt/dbt-project']' returned non-zero exit status 1.; 414)
Traceback (most recent call last):
  File "/home/airflow/.local/lib/python3.12/site-packages/airflow/task/task_runner/standard_task_runner.py", line 117, in _start_by_fork
    ret = args.func(args, dag=self.dag)
          ^^^^^^^^^^^^^^^^^^^^^^^^^^^^^
  File "/home/airflow/.local/lib/python3.12/site-packages/airflow/cli/cli_config.py", line 49, in command
    return func(*args, **kwargs)
           ^^^^^^^^^^^^^^^^^^^^^
  File "/home/airflow/.local/lib/python3.12/site-packages/airflow/utils/cli.py", line 116, in wrapper
    return f(*args, **kwargs)
           ^^^^^^^^^^^^^^^^^^
  File "/home/airflow/.local/lib/python3.12/site-packages/airflow/cli/commands/task_command.py", line 483, in task_run
    task_return_code = _run_task_by_selected_method(args, _dag, ti)
                       ^^^^^^^^^^^^^^^^^^^^^^^^^^^^^^^^^^^^^^^^^^^^
  File "/home/airflow/.local/lib/python3.12/site-packages/airflow/cli/commands/task_command.py", line 256, in _run_task_by_selected_method
    return _run_raw_task(args, ti)
           ^^^^^^^^^^^^^^^^^^^^^^^
  File "/home/airflow/.local/lib/python3.12/site-packages/airflow/cli/commands/task_command.py", line 341, in _run_raw_task
    return ti._run_raw_task(
           ^^^^^^^^^^^^^^^^^
  File "/home/airflow/.local/lib/python3.12/site-packages/airflow/utils/session.py", line 97, in wrapper
    return func(*args, session=session, **kwargs)
           ^^^^^^^^^^^^^^^^^^^^^^^^^^^^^^^^^^^^^^
  File "/home/airflow/.local/lib/python3.12/site-packages/airflow/models/taskinstance.py", line 3005, in _run_raw_task
    return _run_raw_task(
           ^^^^^^^^^^^^^^
  File "/home/airflow/.local/lib/python3.12/site-packages/airflow/models/taskinstance.py", line 273, in _run_raw_task
    TaskInstance._execute_task_with_callbacks(
  File "/home/airflow/.local/lib/python3.12/site-packages/airflow/models/taskinstance.py", line 3159, in _execute_task_with_callbacks
    result = self._execute_task(context, task_orig)
             ^^^^^^^^^^^^^^^^^^^^^^^^^^^^^^^^^^^^^^
  File "/home/airflow/.local/lib/python3.12/site-packages/airflow/models/taskinstance.py", line 3183, in _execute_task
    return _execute_task(self, context, task_orig)
           ^^^^^^^^^^^^^^^^^^^^^^^^^^^^^^^^^^^^^^^
  File "/home/airflow/.local/lib/python3.12/site-packages/airflow/models/taskinstance.py", line 767, in _execute_task
    result = _execute_callable(context=context, **execute_callable_kwargs)
             ^^^^^^^^^^^^^^^^^^^^^^^^^^^^^^^^^^^^^^^^^^^^^^^^^^^^^^^^^^^^^
  File "/home/airflow/.local/lib/python3.12/site-packages/airflow/models/taskinstance.py", line 733, in _execute_callable
    return ExecutionCallableRunner(
           ^^^^^^^^^^^^^^^^^^^^^^^^
  File "/home/airflow/.local/lib/python3.12/site-packages/airflow/utils/operator_helpers.py", line 252, in run
    return self.func(*args, **kwargs)
           ^^^^^^^^^^^^^^^^^^^^^^^^^^
  File "/home/airflow/.local/lib/python3.12/site-packages/airflow/models/baseoperator.py", line 422, in wrapper
    return func(self, *args, **kwargs)
           ^^^^^^^^^^^^^^^^^^^^^^^^^^^
  File "/home/airflow/.local/lib/python3.12/site-packages/airflow/operators/python.py", line 238, in execute
    return_value = self.execute_callable()
                   ^^^^^^^^^^^^^^^^^^^^^^^
  File "/home/airflow/.local/lib/python3.12/site-packages/airflow/operators/python.py", line 256, in execute_callable
    return runner.run(*self.op_args, **self.op_kwargs)
           ^^^^^^^^^^^^^^^^^^^^^^^^^^^^^^^^^^^^^^^^^^^
  File "/home/airflow/.local/lib/python3.12/site-packages/airflow/utils/operator_helpers.py", line 252, in run
    return self.func(*args, **kwargs)
           ^^^^^^^^^^^^^^^^^^^^^^^^^^
  File "/opt/airflow/dags/my_second_dbt_dag.py", line 17, in run_dbt_model
    raise e  # Raise again to make sure the task fails correctly
    ^^^^^^^
  File "/opt/airflow/dags/my_second_dbt_dag.py", line 8, in run_dbt_model
    result = subprocess.run(
             ^^^^^^^^^^^^^^^
  File "/usr/local/lib/python3.12/subprocess.py", line 571, in run
    raise CalledProcessError(retcode, process.args,
subprocess.CalledProcessError: Command '['dbt', 'run', '--project-dir', '/opt/dbt-project', '--profiles-dir', '/opt/dbt-project']' returned non-zero exit status 1.
[2025-01-12T13:13:44.858+0000] {local_task_job_runner.py:266} INFO - Task exited with return code 1
[2025-01-12T13:13:44.874+0000] {local_task_job_runner.py:245} INFO - ::endgroup::
[2025-01-12T13:36:18.681+0000] {local_task_job_runner.py:123} INFO - ::group::Pre task execution logs
[2025-01-12T13:36:18.699+0000] {taskinstance.py:2613} INFO - Dependencies all met for dep_context=non-requeueable deps ti=<TaskInstance: my_second_dbt_dag.run_dbt_model scheduled__2025-01-11T00:00:00+00:00 [queued]>
[2025-01-12T13:36:18.707+0000] {taskinstance.py:2613} INFO - Dependencies all met for dep_context=requeueable deps ti=<TaskInstance: my_second_dbt_dag.run_dbt_model scheduled__2025-01-11T00:00:00+00:00 [queued]>
[2025-01-12T13:36:18.708+0000] {taskinstance.py:2866} INFO - Starting attempt 2 of 2
[2025-01-12T13:36:18.723+0000] {taskinstance.py:2889} INFO - Executing <Task(PythonOperator): run_dbt_model> on 2025-01-11 00:00:00+00:00
[2025-01-12T13:36:18.732+0000] {standard_task_runner.py:104} INFO - Running: ['***', 'tasks', 'run', 'my_second_dbt_dag', 'run_dbt_model', 'scheduled__2025-01-11T00:00:00+00:00', '--job-id', '9', '--raw', '--subdir', 'DAGS_FOLDER/my_second_dbt_dag.py', '--cfg-path', '/tmp/tmp3kblsb7f']
[2025-01-12T13:36:18.735+0000] {standard_task_runner.py:105} INFO - Job 9: Subtask run_dbt_model
[2025-01-12T13:36:18.737+0000] {logging_mixin.py:190} WARNING - /home/***/.local/lib/python3.12/site-packages/***/task/task_runner/standard_task_runner.py:70 DeprecationWarning: This process (pid=435) is multi-threaded, use of fork() may lead to deadlocks in the child.
[2025-01-12T13:36:18.738+0000] {standard_task_runner.py:72} INFO - Started process 436 to run task
[2025-01-12T13:36:18.792+0000] {task_command.py:467} INFO - Running <TaskInstance: my_second_dbt_dag.run_dbt_model scheduled__2025-01-11T00:00:00+00:00 [running]> on host 10a7333bcdf9
[2025-01-12T13:36:18.875+0000] {taskinstance.py:3132} INFO - Exporting env vars: AIRFLOW_CTX_DAG_OWNER='***' AIRFLOW_CTX_DAG_ID='my_second_dbt_dag' AIRFLOW_CTX_TASK_ID='run_dbt_model' AIRFLOW_CTX_EXECUTION_DATE='2025-01-11T00:00:00+00:00' AIRFLOW_CTX_TRY_NUMBER='2' AIRFLOW_CTX_DAG_RUN_ID='scheduled__2025-01-11T00:00:00+00:00'
[2025-01-12T13:36:18.877+0000] {taskinstance.py:731} INFO - ::endgroup::
[2025-01-12T13:36:25.254+0000] {logging_mixin.py:190} INFO - 13:36:22  Running with dbt=1.6.1
13:36:22  Registered adapter: postgres=1.6.1
13:36:23  Found 4 models, 2 seeds, 2 sources, 0 exposures, 0 metrics, 464 macros, 0 groups, 0 semantic models
13:36:23  
13:36:23  Concurrency: 1 threads (target='dev')
13:36:23  
13:36:23  1 of 4 START sql table model jin_schema.my_first_dbt_model ..................... [RUN]
13:36:24  1 of 4 OK created sql table model jin_schema.my_first_dbt_model ................ [SELECT 2 in 0.17s]
13:36:24  2 of 4 START sql table model jin_schema.my_fifth_dag_dbt_model ................. [RUN]
13:36:24  2 of 4 OK created sql table model jin_schema.my_fifth_dag_dbt_model ............ [SELECT 2 in 0.09s]
13:36:24  3 of 4 START sql table model jin_schema.my_second_dbt_model .................... [RUN]
13:36:24  3 of 4 OK created sql table model jin_schema.my_second_dbt_model ............... [SELECT 1 in 0.10s]
13:36:24  4 of 4 START sql table model jin_schema.my_third_dbt_model ..................... [RUN]
13:36:24  4 of 4 OK created sql table model jin_schema.my_third_dbt_model ................ [SELECT 2 in 0.13s]
13:36:24  
13:36:24  Finished running 4 table models in 0 hours 0 minutes and 0.64 seconds (0.64s).
13:36:24  
13:36:24  Completed successfully
13:36:24  
13:36:24  Done. PASS=4 WARN=0 ERROR=0 SKIP=0 TOTAL=4
[2025-01-12T13:36:25.255+0000] {python.py:240} INFO - Done. Returned value was: None
[2025-01-12T13:36:25.265+0000] {taskinstance.py:340} INFO - ::group::Post task execution logs
[2025-01-12T13:36:25.266+0000] {taskinstance.py:352} INFO - Marking task as SUCCESS. dag_id=my_second_dbt_dag, task_id=run_dbt_model, run_id=scheduled__2025-01-11T00:00:00+00:00, execution_date=20250111T000000, start_date=20250112T133618, end_date=20250112T133625
[2025-01-12T13:36:25.303+0000] {local_task_job_runner.py:266} INFO - Task exited with return code 0
[2025-01-12T13:36:25.316+0000] {taskinstance.py:3895} INFO - 0 downstream tasks scheduled from follow-on schedule check
[2025-01-12T13:36:25.319+0000] {local_task_job_runner.py:245} INFO - ::endgroup::
