[2025-01-24T18:24:34.211+0000] {local_task_job_runner.py:123} INFO - ::group::Pre task execution logs
[2025-01-24T18:24:34.239+0000] {taskinstance.py:2613} INFO - Dependencies all met for dep_context=non-requeueable deps ti=<TaskInstance: my_second_dbt_dag.run_dbt_model manual__2025-01-24T18:24:33.598956+00:00 [queued]>
[2025-01-24T18:24:34.253+0000] {taskinstance.py:2613} INFO - Dependencies all met for dep_context=requeueable deps ti=<TaskInstance: my_second_dbt_dag.run_dbt_model manual__2025-01-24T18:24:33.598956+00:00 [queued]>
[2025-01-24T18:24:34.254+0000] {taskinstance.py:2866} INFO - Starting attempt 1 of 2
[2025-01-24T18:24:34.279+0000] {taskinstance.py:2889} INFO - Executing <Task(PythonOperator): run_dbt_model> on 2025-01-24 18:24:33.598956+00:00
[2025-01-24T18:24:34.294+0000] {standard_task_runner.py:104} INFO - Running: ['***', 'tasks', 'run', 'my_second_dbt_dag', 'run_dbt_model', 'manual__2025-01-24T18:24:33.598956+00:00', '--job-id', '4', '--raw', '--subdir', 'DAGS_FOLDER/my_second_dbt_dag.py', '--cfg-path', '/tmp/tmpeqklnf6w']
[2025-01-24T18:24:34.302+0000] {standard_task_runner.py:105} INFO - Job 4: Subtask run_dbt_model
[2025-01-24T18:24:34.305+0000] {logging_mixin.py:190} WARNING - /home/***/.local/lib/python3.12/site-packages/***/task/task_runner/standard_task_runner.py:70 DeprecationWarning: This process (pid=340) is multi-threaded, use of fork() may lead to deadlocks in the child.
[2025-01-24T18:24:34.307+0000] {standard_task_runner.py:72} INFO - Started process 343 to run task
[2025-01-24T18:24:34.464+0000] {task_command.py:467} INFO - Running <TaskInstance: my_second_dbt_dag.run_dbt_model manual__2025-01-24T18:24:33.598956+00:00 [running]> on host b4a1ef9b7f63
[2025-01-24T18:24:34.555+0000] {taskinstance.py:3132} INFO - Exporting env vars: AIRFLOW_CTX_DAG_OWNER='***' AIRFLOW_CTX_DAG_ID='my_second_dbt_dag' AIRFLOW_CTX_TASK_ID='run_dbt_model' AIRFLOW_CTX_EXECUTION_DATE='2025-01-24T18:24:33.598956+00:00' AIRFLOW_CTX_TRY_NUMBER='1' AIRFLOW_CTX_DAG_RUN_ID='manual__2025-01-24T18:24:33.598956+00:00'
[2025-01-24T18:24:34.556+0000] {taskinstance.py:731} INFO - ::endgroup::
[2025-01-24T18:24:39.336+0000] {logging_mixin.py:190} INFO - 18:24:37  Running with dbt=1.6.1
18:24:37  Registered adapter: postgres=1.6.1
18:24:38  Found 4 models, 2 sources, 0 exposures, 0 metrics, 464 macros, 0 groups, 0 semantic models
18:24:38  
18:24:38  Concurrency: 1 threads (target='dev')
18:24:38  
18:24:38  1 of 4 START sql table model jin_schema.my_first_dbt_model ..................... [RUN]
18:24:38  1 of 4 OK created sql table model jin_schema.my_first_dbt_model ................ [SELECT 2 in 0.14s]
18:24:38  2 of 4 START sql table model jin_schema.my_first_duplicate_model ............... [RUN]
18:24:38  2 of 4 OK created sql table model jin_schema.my_first_duplicate_model .......... [SELECT 2 in 0.07s]
18:24:38  3 of 4 START sql table model jin_schema.my_second_dbt_model .................... [RUN]
18:24:38  3 of 4 OK created sql table model jin_schema.my_second_dbt_model ............... [SELECT 1 in 0.05s]
18:24:38  4 of 4 START sql table model jin_schema.my_third_dbt_model ..................... [RUN]
18:24:38  4 of 4 OK created sql table model jin_schema.my_third_dbt_model ................ [SELECT 2 in 0.04s]
18:24:38  
18:24:38  Finished running 4 table models in 0 hours 0 minutes and 0.41 seconds (0.41s).
18:24:38  
18:24:38  Completed successfully
18:24:38  
18:24:38  Done. PASS=4 WARN=0 ERROR=0 SKIP=0 TOTAL=4
[2025-01-24T18:24:39.336+0000] {python.py:240} INFO - Done. Returned value was: None
[2025-01-24T18:24:39.347+0000] {taskinstance.py:340} INFO - ::group::Post task execution logs
[2025-01-24T18:24:39.348+0000] {taskinstance.py:352} INFO - Marking task as SUCCESS. dag_id=my_second_dbt_dag, task_id=run_dbt_model, run_id=manual__2025-01-24T18:24:33.598956+00:00, execution_date=20250124T182433, start_date=20250124T182434, end_date=20250124T182439
[2025-01-24T18:24:39.369+0000] {local_task_job_runner.py:266} INFO - Task exited with return code 0
[2025-01-24T18:24:39.383+0000] {taskinstance.py:3895} INFO - 0 downstream tasks scheduled from follow-on schedule check
[2025-01-24T18:24:39.385+0000] {local_task_job_runner.py:245} INFO - ::endgroup::
