[2025-01-19T14:18:29.654+0000] {local_task_job_runner.py:123} INFO - ::group::Pre task execution logs
[2025-01-19T14:18:29.867+0000] {taskinstance.py:2613} INFO - Dependencies all met for dep_context=non-requeueable deps ti=<TaskInstance: my_second_dbt_dag.run_dbt_model scheduled__2025-01-18T00:00:00+00:00 [queued]>
[2025-01-19T14:18:30.032+0000] {taskinstance.py:2613} INFO - Dependencies all met for dep_context=requeueable deps ti=<TaskInstance: my_second_dbt_dag.run_dbt_model scheduled__2025-01-18T00:00:00+00:00 [queued]>
[2025-01-19T14:18:30.036+0000] {taskinstance.py:2866} INFO - Starting attempt 1 of 2
[2025-01-19T14:18:30.237+0000] {taskinstance.py:2889} INFO - Executing <Task(PythonOperator): run_dbt_model> on 2025-01-18 00:00:00+00:00
[2025-01-19T14:18:30.311+0000] {standard_task_runner.py:104} INFO - Running: ['***', 'tasks', 'run', 'my_second_dbt_dag', 'run_dbt_model', 'scheduled__2025-01-18T00:00:00+00:00', '--job-id', '36', '--raw', '--subdir', 'DAGS_FOLDER/my_second_dbt_dag.py', '--cfg-path', '/tmp/tmpjyksmld8']
[2025-01-19T14:18:30.347+0000] {standard_task_runner.py:105} INFO - Job 36: Subtask run_dbt_model
[2025-01-19T14:18:30.738+0000] {logging_mixin.py:190} WARNING - /home/***/.local/lib/python3.12/site-packages/***/task/task_runner/standard_task_runner.py:70 DeprecationWarning: This process (pid=16300) is multi-threaded, use of fork() may lead to deadlocks in the child.
[2025-01-19T14:18:30.746+0000] {standard_task_runner.py:72} INFO - Started process 16301 to run task
[2025-01-19T14:18:31.682+0000] {task_command.py:467} INFO - Running <TaskInstance: my_second_dbt_dag.run_dbt_model scheduled__2025-01-18T00:00:00+00:00 [running]> on host 10a7333bcdf9
[2025-01-19T14:18:32.788+0000] {taskinstance.py:3132} INFO - Exporting env vars: AIRFLOW_CTX_DAG_OWNER='***' AIRFLOW_CTX_DAG_ID='my_second_dbt_dag' AIRFLOW_CTX_TASK_ID='run_dbt_model' AIRFLOW_CTX_EXECUTION_DATE='2025-01-18T00:00:00+00:00' AIRFLOW_CTX_TRY_NUMBER='1' AIRFLOW_CTX_DAG_RUN_ID='scheduled__2025-01-18T00:00:00+00:00'
[2025-01-19T14:18:32.807+0000] {taskinstance.py:731} INFO - ::endgroup::
[2025-01-19T14:19:13.220+0000] {logging_mixin.py:190} INFO - 14:19:01  Running with dbt=1.6.1
14:19:03  Registered adapter: postgres=1.6.1
14:19:08  Found 4 models, 2 seeds, 2 sources, 0 exposures, 0 metrics, 464 macros, 0 groups, 0 semantic models
14:19:08  
14:19:08  Concurrency: 1 threads (target='dev')
14:19:08  
14:19:08  1 of 4 START sql table model jin_schema.my_first_dbt_model ..................... [RUN]
14:19:09  1 of 4 OK created sql table model jin_schema.my_first_dbt_model ................ [SELECT 2 in 0.66s]
14:19:09  2 of 4 START sql table model jin_schema.my_fifth_dag_dbt_model ................. [RUN]
14:19:09  2 of 4 OK created sql table model jin_schema.my_fifth_dag_dbt_model ............ [SELECT 2 in 0.27s]
14:19:09  3 of 4 START sql table model jin_schema.my_second_dbt_model .................... [RUN]
14:19:10  3 of 4 OK created sql table model jin_schema.my_second_dbt_model ............... [SELECT 1 in 0.31s]
14:19:10  4 of 4 START sql table model jin_schema.my_third_dbt_model ..................... [RUN]
14:19:10  4 of 4 OK created sql table model jin_schema.my_third_dbt_model ................ [SELECT 2 in 0.42s]
14:19:10  
14:19:10  Finished running 4 table models in 0 hours 0 minutes and 2.38 seconds (2.38s).
14:19:11  
14:19:11  Completed successfully
14:19:11  
14:19:11  Done. PASS=4 WARN=0 ERROR=0 SKIP=0 TOTAL=4
[2025-01-19T14:19:13.226+0000] {python.py:240} INFO - Done. Returned value was: None
[2025-01-19T14:19:13.271+0000] {taskinstance.py:340} INFO - ::group::Post task execution logs
[2025-01-19T14:19:13.275+0000] {taskinstance.py:352} INFO - Marking task as SUCCESS. dag_id=my_second_dbt_dag, task_id=run_dbt_model, run_id=scheduled__2025-01-18T00:00:00+00:00, execution_date=20250118T000000, start_date=20250119T141829, end_date=20250119T141913
[2025-01-19T14:19:13.379+0000] {local_task_job_runner.py:266} INFO - Task exited with return code 0
[2025-01-19T14:19:13.444+0000] {taskinstance.py:3895} INFO - 0 downstream tasks scheduled from follow-on schedule check
[2025-01-19T14:19:13.452+0000] {local_task_job_runner.py:245} INFO - ::endgroup::
