[2025-01-11T22:05:00.326+0000] {local_task_job_runner.py:123} INFO - ::group::Pre task execution logs
[2025-01-11T22:05:00.345+0000] {taskinstance.py:2613} INFO - Dependencies all met for dep_context=non-requeueable deps ti=<TaskInstance: my_first_dbt_dag.run_dbt_model manual__2025-01-11T22:04:58.962903+00:00 [queued]>
[2025-01-11T22:05:00.359+0000] {taskinstance.py:2613} INFO - Dependencies all met for dep_context=requeueable deps ti=<TaskInstance: my_first_dbt_dag.run_dbt_model manual__2025-01-11T22:04:58.962903+00:00 [queued]>
[2025-01-11T22:05:00.360+0000] {taskinstance.py:2866} INFO - Starting attempt 1 of 2
[2025-01-11T22:05:00.384+0000] {taskinstance.py:2889} INFO - Executing <Task(PythonOperator): run_dbt_model> on 2025-01-11 22:04:58.962903+00:00
[2025-01-11T22:05:00.391+0000] {standard_task_runner.py:104} INFO - Running: ['***', 'tasks', 'run', 'my_first_dbt_dag', 'run_dbt_model', 'manual__2025-01-11T22:04:58.962903+00:00', '--job-id', '4', '--raw', '--subdir', 'DAGS_FOLDER/my_first_dbt_dag.py', '--cfg-path', '/tmp/tmp4vbb1yjl']
[2025-01-11T22:05:00.393+0000] {logging_mixin.py:190} WARNING - /home/***/.local/lib/python3.12/site-packages/***/task/task_runner/standard_task_runner.py:70 DeprecationWarning: This process (pid=197) is multi-threaded, use of fork() may lead to deadlocks in the child.
[2025-01-11T22:05:00.394+0000] {standard_task_runner.py:105} INFO - Job 4: Subtask run_dbt_model
[2025-01-11T22:05:00.394+0000] {standard_task_runner.py:72} INFO - Started process 198 to run task
[2025-01-11T22:05:00.438+0000] {task_command.py:467} INFO - Running <TaskInstance: my_first_dbt_dag.run_dbt_model manual__2025-01-11T22:04:58.962903+00:00 [running]> on host 559442d12ea9
[2025-01-11T22:05:00.514+0000] {taskinstance.py:3132} INFO - Exporting env vars: AIRFLOW_CTX_DAG_OWNER='***' AIRFLOW_CTX_DAG_ID='my_first_dbt_dag' AIRFLOW_CTX_TASK_ID='run_dbt_model' AIRFLOW_CTX_EXECUTION_DATE='2025-01-11T22:04:58.962903+00:00' AIRFLOW_CTX_TRY_NUMBER='1' AIRFLOW_CTX_DAG_RUN_ID='manual__2025-01-11T22:04:58.962903+00:00'
[2025-01-11T22:05:00.515+0000] {taskinstance.py:731} INFO - ::endgroup::
[2025-01-11T22:05:04.580+0000] {logging_mixin.py:190} INFO - 22:05:02  Running with dbt=1.9.1
22:05:02  Registered adapter: postgres=1.9.0
22:05:03  Found 4 models, 2 seeds, 5 data tests, 2 sources, 546 macros
22:05:03  
22:05:03  Concurrency: 1 threads (target='dev')
22:05:03  
22:05:03  1 of 1 START sql table model jin_schema.my_first_dbt_model ..................... [RUN]
22:05:03  1 of 1 OK created sql table model jin_schema.my_first_dbt_model ................ [SELECT 2 in 0.12s]
22:05:03  
22:05:03  Finished running 1 table model in 0 hours 0 minutes and 0.24 seconds (0.24s).
22:05:03  
22:05:03  Completed successfully
22:05:03  
22:05:03  Done. PASS=1 WARN=0 ERROR=0 SKIP=0 TOTAL=1
[2025-01-11T22:05:04.580+0000] {python.py:240} INFO - Done. Returned value was: None
[2025-01-11T22:05:04.588+0000] {taskinstance.py:340} INFO - ::group::Post task execution logs
[2025-01-11T22:05:04.589+0000] {taskinstance.py:352} INFO - Marking task as SUCCESS. dag_id=my_first_dbt_dag, task_id=run_dbt_model, run_id=manual__2025-01-11T22:04:58.962903+00:00, execution_date=20250111T220458, start_date=20250111T220500, end_date=20250111T220504
[2025-01-11T22:05:04.630+0000] {local_task_job_runner.py:266} INFO - Task exited with return code 0
[2025-01-11T22:05:04.641+0000] {taskinstance.py:3895} INFO - 0 downstream tasks scheduled from follow-on schedule check
[2025-01-11T22:05:04.643+0000] {local_task_job_runner.py:245} INFO - ::endgroup::
