[2025-01-24T18:10:35.315+0000] {local_task_job_runner.py:123} INFO - ::group::Pre task execution logs
[2025-01-24T18:10:35.333+0000] {taskinstance.py:2613} INFO - Dependencies all met for dep_context=non-requeueable deps ti=<TaskInstance: my_second_dbt_dag.run_dbt_model manual__2025-01-24T18:10:34.655511+00:00 [queued]>
[2025-01-24T18:10:35.342+0000] {taskinstance.py:2613} INFO - Dependencies all met for dep_context=requeueable deps ti=<TaskInstance: my_second_dbt_dag.run_dbt_model manual__2025-01-24T18:10:34.655511+00:00 [queued]>
[2025-01-24T18:10:35.344+0000] {taskinstance.py:2866} INFO - Starting attempt 1 of 2
[2025-01-24T18:10:35.360+0000] {taskinstance.py:2889} INFO - Executing <Task(PythonOperator): run_dbt_model> on 2025-01-24 18:10:34.655511+00:00
[2025-01-24T18:10:35.367+0000] {standard_task_runner.py:104} INFO - Running: ['***', 'tasks', 'run', 'my_second_dbt_dag', 'run_dbt_model', 'manual__2025-01-24T18:10:34.655511+00:00', '--job-id', '19', '--raw', '--subdir', 'DAGS_FOLDER/my_second_dbt_dag.py', '--cfg-path', '/tmp/tmp4jy9jqqa']
[2025-01-24T18:10:35.370+0000] {standard_task_runner.py:105} INFO - Job 19: Subtask run_dbt_model
[2025-01-24T18:10:35.371+0000] {logging_mixin.py:190} WARNING - /home/***/.local/lib/python3.12/site-packages/***/task/task_runner/standard_task_runner.py:70 DeprecationWarning: This process (pid=1506) is multi-threaded, use of fork() may lead to deadlocks in the child.
[2025-01-24T18:10:35.373+0000] {standard_task_runner.py:72} INFO - Started process 1507 to run task
[2025-01-24T18:10:35.425+0000] {task_command.py:467} INFO - Running <TaskInstance: my_second_dbt_dag.run_dbt_model manual__2025-01-24T18:10:34.655511+00:00 [running]> on host 77d03311c267
[2025-01-24T18:10:35.537+0000] {taskinstance.py:3132} INFO - Exporting env vars: AIRFLOW_CTX_DAG_OWNER='***' AIRFLOW_CTX_DAG_ID='my_second_dbt_dag' AIRFLOW_CTX_TASK_ID='run_dbt_model' AIRFLOW_CTX_EXECUTION_DATE='2025-01-24T18:10:34.655511+00:00' AIRFLOW_CTX_TRY_NUMBER='1' AIRFLOW_CTX_DAG_RUN_ID='manual__2025-01-24T18:10:34.655511+00:00'
[2025-01-24T18:10:35.539+0000] {taskinstance.py:731} INFO - ::endgroup::
[2025-01-24T18:10:39.617+0000] {logging_mixin.py:190} INFO - 18:10:37  Running with dbt=1.6.1
18:10:37  Registered adapter: postgres=1.6.1
18:10:38  Found 4 models, 2 sources, 0 exposures, 0 metrics, 464 macros, 0 groups, 0 semantic models
18:10:38  
18:10:38  Concurrency: 1 threads (target='dev')
18:10:38  
18:10:38  1 of 4 START sql table model jin_schema.my_first_dbt_model ..................... [RUN]
18:10:38  1 of 4 OK created sql table model jin_schema.my_first_dbt_model ................ [SELECT 2 in 0.14s]
18:10:38  2 of 4 START sql table model jin_schema.my_first_duplicate_model ............... [RUN]
18:10:38  2 of 4 OK created sql table model jin_schema.my_first_duplicate_model .......... [SELECT 2 in 0.05s]
18:10:38  3 of 4 START sql table model jin_schema.my_second_dbt_model .................... [RUN]
18:10:38  3 of 4 OK created sql table model jin_schema.my_second_dbt_model ............... [SELECT 1 in 0.06s]
18:10:38  4 of 4 START sql table model jin_schema.my_third_dbt_model ..................... [RUN]
18:10:38  4 of 4 OK created sql table model jin_schema.my_third_dbt_model ................ [SELECT 2 in 0.07s]
18:10:38  
18:10:38  Finished running 4 table models in 0 hours 0 minutes and 0.43 seconds (0.43s).
18:10:38  
18:10:38  Completed successfully
18:10:38  
18:10:38  Done. PASS=4 WARN=0 ERROR=0 SKIP=0 TOTAL=4
[2025-01-24T18:10:39.618+0000] {python.py:240} INFO - Done. Returned value was: None
[2025-01-24T18:10:39.629+0000] {taskinstance.py:340} INFO - ::group::Post task execution logs
[2025-01-24T18:10:39.629+0000] {taskinstance.py:352} INFO - Marking task as SUCCESS. dag_id=my_second_dbt_dag, task_id=run_dbt_model, run_id=manual__2025-01-24T18:10:34.655511+00:00, execution_date=20250124T181034, start_date=20250124T181035, end_date=20250124T181039
[2025-01-24T18:10:39.649+0000] {local_task_job_runner.py:266} INFO - Task exited with return code 0
[2025-01-24T18:10:39.661+0000] {taskinstance.py:3895} INFO - 0 downstream tasks scheduled from follow-on schedule check
[2025-01-24T18:10:39.663+0000] {local_task_job_runner.py:245} INFO - ::endgroup::
