[2025-01-07T18:46:37.906+0000] {processor.py:186} INFO - Started process (PID=161) to work on /opt/airflow/dags/placeholder_dag.py
[2025-01-07T18:46:37.907+0000] {processor.py:914} INFO - Processing file /opt/airflow/dags/placeholder_dag.py for tasks to queue
[2025-01-07T18:46:37.909+0000] {logging_mixin.py:190} INFO - [2025-01-07T18:46:37.909+0000] {dagbag.py:588} INFO - Filling up the DagBag from /opt/airflow/dags/placeholder_dag.py
[2025-01-07T18:46:37.934+0000] {processor.py:925} INFO - DAG(s) 'placeholder_dag' retrieved from /opt/airflow/dags/placeholder_dag.py
[2025-01-07T18:46:38.134+0000] {logging_mixin.py:190} INFO - [2025-01-07T18:46:38.134+0000] {override.py:1911} INFO - Created Permission View: can delete on DAG:placeholder_dag
[2025-01-07T18:46:38.143+0000] {logging_mixin.py:190} INFO - [2025-01-07T18:46:38.143+0000] {override.py:1911} INFO - Created Permission View: can read on DAG:placeholder_dag
[2025-01-07T18:46:38.151+0000] {logging_mixin.py:190} INFO - [2025-01-07T18:46:38.151+0000] {override.py:1911} INFO - Created Permission View: can edit on DAG:placeholder_dag
[2025-01-07T18:46:38.161+0000] {logging_mixin.py:190} INFO - [2025-01-07T18:46:38.161+0000] {override.py:1911} INFO - Created Permission View: can delete on DAG Run:placeholder_dag
[2025-01-07T18:46:38.170+0000] {logging_mixin.py:190} INFO - [2025-01-07T18:46:38.170+0000] {override.py:1911} INFO - Created Permission View: menu access on DAG Run:placeholder_dag
[2025-01-07T18:46:38.180+0000] {logging_mixin.py:190} INFO - [2025-01-07T18:46:38.180+0000] {override.py:1911} INFO - Created Permission View: can read on DAG Run:placeholder_dag
[2025-01-07T18:46:38.192+0000] {logging_mixin.py:190} INFO - [2025-01-07T18:46:38.191+0000] {override.py:1911} INFO - Created Permission View: can create on DAG Run:placeholder_dag
[2025-01-07T18:46:38.193+0000] {logging_mixin.py:190} INFO - [2025-01-07T18:46:38.193+0000] {dag.py:3239} INFO - Sync 1 DAGs
[2025-01-07T18:46:38.211+0000] {logging_mixin.py:190} INFO - [2025-01-07T18:46:38.211+0000] {dag.py:3262} INFO - Creating ORM DAG for placeholder_dag
[2025-01-07T18:46:38.228+0000] {logging_mixin.py:190} INFO - [2025-01-07T18:46:38.228+0000] {dag.py:4180} INFO - Setting next_dagrun for placeholder_dag to 2025-01-06 00:00:00+00:00, run_after=2025-01-07 00:00:00+00:00
[2025-01-07T18:46:38.257+0000] {processor.py:208} INFO - Processing /opt/airflow/dags/placeholder_dag.py took 0.356 seconds
[2025-01-07T18:47:08.586+0000] {processor.py:186} INFO - Started process (PID=171) to work on /opt/airflow/dags/placeholder_dag.py
[2025-01-07T18:47:08.587+0000] {processor.py:914} INFO - Processing file /opt/airflow/dags/placeholder_dag.py for tasks to queue
[2025-01-07T18:47:08.589+0000] {logging_mixin.py:190} INFO - [2025-01-07T18:47:08.589+0000] {dagbag.py:588} INFO - Filling up the DagBag from /opt/airflow/dags/placeholder_dag.py
[2025-01-07T18:47:08.616+0000] {processor.py:925} INFO - DAG(s) 'placeholder_dag' retrieved from /opt/airflow/dags/placeholder_dag.py
[2025-01-07T18:47:08.637+0000] {logging_mixin.py:190} INFO - [2025-01-07T18:47:08.637+0000] {dag.py:3239} INFO - Sync 1 DAGs
[2025-01-07T18:47:08.666+0000] {logging_mixin.py:190} INFO - [2025-01-07T18:47:08.666+0000] {dag.py:4180} INFO - Setting next_dagrun for placeholder_dag to 2025-01-06 00:00:00+00:00, run_after=2025-01-07 00:00:00+00:00
[2025-01-07T18:47:08.688+0000] {processor.py:208} INFO - Processing /opt/airflow/dags/placeholder_dag.py took 0.108 seconds
[2025-01-07T18:47:39.041+0000] {processor.py:186} INFO - Started process (PID=185) to work on /opt/airflow/dags/placeholder_dag.py
[2025-01-07T18:47:39.042+0000] {processor.py:914} INFO - Processing file /opt/airflow/dags/placeholder_dag.py for tasks to queue
[2025-01-07T18:47:39.047+0000] {logging_mixin.py:190} INFO - [2025-01-07T18:47:39.046+0000] {dagbag.py:588} INFO - Filling up the DagBag from /opt/airflow/dags/placeholder_dag.py
[2025-01-07T18:47:39.068+0000] {processor.py:925} INFO - DAG(s) 'placeholder_dag' retrieved from /opt/airflow/dags/placeholder_dag.py
[2025-01-07T18:47:39.091+0000] {logging_mixin.py:190} INFO - [2025-01-07T18:47:39.091+0000] {dag.py:3239} INFO - Sync 1 DAGs
[2025-01-07T18:47:39.110+0000] {logging_mixin.py:190} INFO - [2025-01-07T18:47:39.110+0000] {dag.py:4180} INFO - Setting next_dagrun for placeholder_dag to 2025-01-06 00:00:00+00:00, run_after=2025-01-07 00:00:00+00:00
[2025-01-07T18:47:39.129+0000] {processor.py:208} INFO - Processing /opt/airflow/dags/placeholder_dag.py took 0.094 seconds
[2025-01-07T18:48:09.512+0000] {processor.py:186} INFO - Started process (PID=195) to work on /opt/airflow/dags/placeholder_dag.py
[2025-01-07T18:48:09.513+0000] {processor.py:914} INFO - Processing file /opt/airflow/dags/placeholder_dag.py for tasks to queue
[2025-01-07T18:48:09.516+0000] {logging_mixin.py:190} INFO - [2025-01-07T18:48:09.516+0000] {dagbag.py:588} INFO - Filling up the DagBag from /opt/airflow/dags/placeholder_dag.py
[2025-01-07T18:48:09.543+0000] {processor.py:925} INFO - DAG(s) 'placeholder_dag' retrieved from /opt/airflow/dags/placeholder_dag.py
[2025-01-07T18:48:09.564+0000] {logging_mixin.py:190} INFO - [2025-01-07T18:48:09.564+0000] {dag.py:3239} INFO - Sync 1 DAGs
[2025-01-07T18:48:09.586+0000] {logging_mixin.py:190} INFO - [2025-01-07T18:48:09.586+0000] {dag.py:4180} INFO - Setting next_dagrun for placeholder_dag to 2025-01-06 00:00:00+00:00, run_after=2025-01-07 00:00:00+00:00
[2025-01-07T18:48:09.605+0000] {processor.py:208} INFO - Processing /opt/airflow/dags/placeholder_dag.py took 0.099 seconds
[2025-01-07T18:48:39.989+0000] {processor.py:186} INFO - Started process (PID=205) to work on /opt/airflow/dags/placeholder_dag.py
[2025-01-07T18:48:39.991+0000] {processor.py:914} INFO - Processing file /opt/airflow/dags/placeholder_dag.py for tasks to queue
[2025-01-07T18:48:39.994+0000] {logging_mixin.py:190} INFO - [2025-01-07T18:48:39.994+0000] {dagbag.py:588} INFO - Filling up the DagBag from /opt/airflow/dags/placeholder_dag.py
[2025-01-07T18:48:40.022+0000] {processor.py:925} INFO - DAG(s) 'placeholder_dag' retrieved from /opt/airflow/dags/placeholder_dag.py
[2025-01-07T18:48:40.049+0000] {logging_mixin.py:190} INFO - [2025-01-07T18:48:40.049+0000] {dag.py:3239} INFO - Sync 1 DAGs
[2025-01-07T18:48:40.079+0000] {logging_mixin.py:190} INFO - [2025-01-07T18:48:40.078+0000] {dag.py:4180} INFO - Setting next_dagrun for placeholder_dag to 2025-01-06 00:00:00+00:00, run_after=2025-01-07 00:00:00+00:00
[2025-01-07T18:48:40.102+0000] {processor.py:208} INFO - Processing /opt/airflow/dags/placeholder_dag.py took 0.120 seconds
[2025-01-07T18:49:10.470+0000] {processor.py:186} INFO - Started process (PID=219) to work on /opt/airflow/dags/placeholder_dag.py
[2025-01-07T18:49:10.471+0000] {processor.py:914} INFO - Processing file /opt/airflow/dags/placeholder_dag.py for tasks to queue
[2025-01-07T18:49:10.475+0000] {logging_mixin.py:190} INFO - [2025-01-07T18:49:10.475+0000] {dagbag.py:588} INFO - Filling up the DagBag from /opt/airflow/dags/placeholder_dag.py
[2025-01-07T18:49:10.504+0000] {processor.py:925} INFO - DAG(s) 'placeholder_dag' retrieved from /opt/airflow/dags/placeholder_dag.py
[2025-01-07T18:49:10.530+0000] {logging_mixin.py:190} INFO - [2025-01-07T18:49:10.530+0000] {dag.py:3239} INFO - Sync 1 DAGs
[2025-01-07T18:49:10.555+0000] {logging_mixin.py:190} INFO - [2025-01-07T18:49:10.554+0000] {dag.py:4180} INFO - Setting next_dagrun for placeholder_dag to 2025-01-06 00:00:00+00:00, run_after=2025-01-07 00:00:00+00:00
[2025-01-07T18:49:10.578+0000] {processor.py:208} INFO - Processing /opt/airflow/dags/placeholder_dag.py took 0.115 seconds
[2025-01-07T18:49:40.957+0000] {processor.py:186} INFO - Started process (PID=229) to work on /opt/airflow/dags/placeholder_dag.py
[2025-01-07T18:49:40.958+0000] {processor.py:914} INFO - Processing file /opt/airflow/dags/placeholder_dag.py for tasks to queue
[2025-01-07T18:49:40.961+0000] {logging_mixin.py:190} INFO - [2025-01-07T18:49:40.961+0000] {dagbag.py:588} INFO - Filling up the DagBag from /opt/airflow/dags/placeholder_dag.py
[2025-01-07T18:49:40.982+0000] {processor.py:925} INFO - DAG(s) 'placeholder_dag' retrieved from /opt/airflow/dags/placeholder_dag.py
[2025-01-07T18:49:41.007+0000] {logging_mixin.py:190} INFO - [2025-01-07T18:49:41.007+0000] {dag.py:3239} INFO - Sync 1 DAGs
[2025-01-07T18:49:41.032+0000] {logging_mixin.py:190} INFO - [2025-01-07T18:49:41.032+0000] {dag.py:4180} INFO - Setting next_dagrun for placeholder_dag to 2025-01-06 00:00:00+00:00, run_after=2025-01-07 00:00:00+00:00
[2025-01-07T18:49:41.053+0000] {processor.py:208} INFO - Processing /opt/airflow/dags/placeholder_dag.py took 0.106 seconds
[2025-01-07T18:50:11.459+0000] {processor.py:186} INFO - Started process (PID=239) to work on /opt/airflow/dags/placeholder_dag.py
[2025-01-07T18:50:11.460+0000] {processor.py:914} INFO - Processing file /opt/airflow/dags/placeholder_dag.py for tasks to queue
[2025-01-07T18:50:11.463+0000] {logging_mixin.py:190} INFO - [2025-01-07T18:50:11.462+0000] {dagbag.py:588} INFO - Filling up the DagBag from /opt/airflow/dags/placeholder_dag.py
[2025-01-07T18:50:11.483+0000] {processor.py:925} INFO - DAG(s) 'placeholder_dag' retrieved from /opt/airflow/dags/placeholder_dag.py
[2025-01-07T18:50:11.499+0000] {logging_mixin.py:190} INFO - [2025-01-07T18:50:11.499+0000] {dag.py:3239} INFO - Sync 1 DAGs
[2025-01-07T18:50:11.517+0000] {logging_mixin.py:190} INFO - [2025-01-07T18:50:11.517+0000] {dag.py:4180} INFO - Setting next_dagrun for placeholder_dag to 2025-01-06 00:00:00+00:00, run_after=2025-01-07 00:00:00+00:00
[2025-01-07T18:50:11.534+0000] {processor.py:208} INFO - Processing /opt/airflow/dags/placeholder_dag.py took 0.080 seconds
[2025-01-07T18:50:41.944+0000] {processor.py:186} INFO - Started process (PID=249) to work on /opt/airflow/dags/placeholder_dag.py
[2025-01-07T18:50:41.945+0000] {processor.py:914} INFO - Processing file /opt/airflow/dags/placeholder_dag.py for tasks to queue
[2025-01-07T18:50:41.948+0000] {logging_mixin.py:190} INFO - [2025-01-07T18:50:41.947+0000] {dagbag.py:588} INFO - Filling up the DagBag from /opt/airflow/dags/placeholder_dag.py
[2025-01-07T18:50:41.973+0000] {processor.py:925} INFO - DAG(s) 'placeholder_dag' retrieved from /opt/airflow/dags/placeholder_dag.py
[2025-01-07T18:50:41.997+0000] {logging_mixin.py:190} INFO - [2025-01-07T18:50:41.997+0000] {dag.py:3239} INFO - Sync 1 DAGs
[2025-01-07T18:50:42.023+0000] {logging_mixin.py:190} INFO - [2025-01-07T18:50:42.023+0000] {dag.py:4180} INFO - Setting next_dagrun for placeholder_dag to 2025-01-06 00:00:00+00:00, run_after=2025-01-07 00:00:00+00:00
[2025-01-07T18:50:42.044+0000] {processor.py:208} INFO - Processing /opt/airflow/dags/placeholder_dag.py took 0.108 seconds
[2025-01-07T18:51:12.440+0000] {processor.py:186} INFO - Started process (PID=259) to work on /opt/airflow/dags/placeholder_dag.py
[2025-01-07T18:51:12.441+0000] {processor.py:914} INFO - Processing file /opt/airflow/dags/placeholder_dag.py for tasks to queue
[2025-01-07T18:51:12.444+0000] {logging_mixin.py:190} INFO - [2025-01-07T18:51:12.443+0000] {dagbag.py:588} INFO - Filling up the DagBag from /opt/airflow/dags/placeholder_dag.py
[2025-01-07T18:51:12.472+0000] {processor.py:925} INFO - DAG(s) 'placeholder_dag' retrieved from /opt/airflow/dags/placeholder_dag.py
[2025-01-07T18:51:12.493+0000] {logging_mixin.py:190} INFO - [2025-01-07T18:51:12.493+0000] {dag.py:3239} INFO - Sync 1 DAGs
[2025-01-07T18:51:12.512+0000] {logging_mixin.py:190} INFO - [2025-01-07T18:51:12.512+0000] {dag.py:4180} INFO - Setting next_dagrun for placeholder_dag to 2025-01-06 00:00:00+00:00, run_after=2025-01-07 00:00:00+00:00
[2025-01-07T18:51:12.532+0000] {processor.py:208} INFO - Processing /opt/airflow/dags/placeholder_dag.py took 0.096 seconds
[2025-01-07T18:51:43.023+0000] {processor.py:186} INFO - Started process (PID=269) to work on /opt/airflow/dags/placeholder_dag.py
[2025-01-07T18:51:43.024+0000] {processor.py:914} INFO - Processing file /opt/airflow/dags/placeholder_dag.py for tasks to queue
[2025-01-07T18:51:43.027+0000] {logging_mixin.py:190} INFO - [2025-01-07T18:51:43.027+0000] {dagbag.py:588} INFO - Filling up the DagBag from /opt/airflow/dags/placeholder_dag.py
[2025-01-07T18:51:43.051+0000] {processor.py:925} INFO - DAG(s) 'placeholder_dag' retrieved from /opt/airflow/dags/placeholder_dag.py
[2025-01-07T18:51:43.079+0000] {logging_mixin.py:190} INFO - [2025-01-07T18:51:43.078+0000] {dag.py:3239} INFO - Sync 1 DAGs
[2025-01-07T18:51:43.105+0000] {logging_mixin.py:190} INFO - [2025-01-07T18:51:43.105+0000] {dag.py:4180} INFO - Setting next_dagrun for placeholder_dag to 2025-01-06 00:00:00+00:00, run_after=2025-01-07 00:00:00+00:00
[2025-01-07T18:51:43.126+0000] {processor.py:208} INFO - Processing /opt/airflow/dags/placeholder_dag.py took 0.109 seconds
[2025-01-07T18:52:13.512+0000] {processor.py:186} INFO - Started process (PID=279) to work on /opt/airflow/dags/placeholder_dag.py
[2025-01-07T18:52:13.514+0000] {processor.py:914} INFO - Processing file /opt/airflow/dags/placeholder_dag.py for tasks to queue
[2025-01-07T18:52:13.520+0000] {logging_mixin.py:190} INFO - [2025-01-07T18:52:13.519+0000] {dagbag.py:588} INFO - Filling up the DagBag from /opt/airflow/dags/placeholder_dag.py
[2025-01-07T18:52:13.553+0000] {processor.py:925} INFO - DAG(s) 'placeholder_dag' retrieved from /opt/airflow/dags/placeholder_dag.py
[2025-01-07T18:52:13.586+0000] {logging_mixin.py:190} INFO - [2025-01-07T18:52:13.586+0000] {dag.py:3239} INFO - Sync 1 DAGs
[2025-01-07T18:52:13.611+0000] {logging_mixin.py:190} INFO - [2025-01-07T18:52:13.611+0000] {dag.py:4180} INFO - Setting next_dagrun for placeholder_dag to 2025-01-06 00:00:00+00:00, run_after=2025-01-07 00:00:00+00:00
[2025-01-07T18:52:13.636+0000] {processor.py:208} INFO - Processing /opt/airflow/dags/placeholder_dag.py took 0.131 seconds
[2025-01-07T18:52:44.014+0000] {processor.py:186} INFO - Started process (PID=289) to work on /opt/airflow/dags/placeholder_dag.py
[2025-01-07T18:52:44.016+0000] {processor.py:914} INFO - Processing file /opt/airflow/dags/placeholder_dag.py for tasks to queue
[2025-01-07T18:52:44.018+0000] {logging_mixin.py:190} INFO - [2025-01-07T18:52:44.018+0000] {dagbag.py:588} INFO - Filling up the DagBag from /opt/airflow/dags/placeholder_dag.py
[2025-01-07T18:52:44.040+0000] {processor.py:925} INFO - DAG(s) 'placeholder_dag' retrieved from /opt/airflow/dags/placeholder_dag.py
[2025-01-07T18:52:44.067+0000] {logging_mixin.py:190} INFO - [2025-01-07T18:52:44.066+0000] {dag.py:3239} INFO - Sync 1 DAGs
[2025-01-07T18:52:44.093+0000] {logging_mixin.py:190} INFO - [2025-01-07T18:52:44.093+0000] {dag.py:4180} INFO - Setting next_dagrun for placeholder_dag to 2025-01-06 00:00:00+00:00, run_after=2025-01-07 00:00:00+00:00
[2025-01-07T18:52:44.117+0000] {processor.py:208} INFO - Processing /opt/airflow/dags/placeholder_dag.py took 0.109 seconds
[2025-01-07T18:53:14.503+0000] {processor.py:186} INFO - Started process (PID=299) to work on /opt/airflow/dags/placeholder_dag.py
[2025-01-07T18:53:14.504+0000] {processor.py:914} INFO - Processing file /opt/airflow/dags/placeholder_dag.py for tasks to queue
[2025-01-07T18:53:14.506+0000] {logging_mixin.py:190} INFO - [2025-01-07T18:53:14.506+0000] {dagbag.py:588} INFO - Filling up the DagBag from /opt/airflow/dags/placeholder_dag.py
[2025-01-07T18:53:14.535+0000] {processor.py:925} INFO - DAG(s) 'placeholder_dag' retrieved from /opt/airflow/dags/placeholder_dag.py
[2025-01-07T18:53:14.569+0000] {logging_mixin.py:190} INFO - [2025-01-07T18:53:14.568+0000] {dag.py:3239} INFO - Sync 1 DAGs
[2025-01-07T18:53:14.606+0000] {logging_mixin.py:190} INFO - [2025-01-07T18:53:14.605+0000] {dag.py:4180} INFO - Setting next_dagrun for placeholder_dag to 2025-01-06 00:00:00+00:00, run_after=2025-01-07 00:00:00+00:00
[2025-01-07T18:53:14.633+0000] {processor.py:208} INFO - Processing /opt/airflow/dags/placeholder_dag.py took 0.139 seconds
[2025-01-07T18:53:44.993+0000] {processor.py:186} INFO - Started process (PID=309) to work on /opt/airflow/dags/placeholder_dag.py
[2025-01-07T18:53:44.994+0000] {processor.py:914} INFO - Processing file /opt/airflow/dags/placeholder_dag.py for tasks to queue
[2025-01-07T18:53:44.996+0000] {logging_mixin.py:190} INFO - [2025-01-07T18:53:44.996+0000] {dagbag.py:588} INFO - Filling up the DagBag from /opt/airflow/dags/placeholder_dag.py
[2025-01-07T18:53:45.017+0000] {processor.py:925} INFO - DAG(s) 'placeholder_dag' retrieved from /opt/airflow/dags/placeholder_dag.py
[2025-01-07T18:53:45.036+0000] {logging_mixin.py:190} INFO - [2025-01-07T18:53:45.036+0000] {dag.py:3239} INFO - Sync 1 DAGs
[2025-01-07T18:53:45.054+0000] {logging_mixin.py:190} INFO - [2025-01-07T18:53:45.054+0000] {dag.py:4180} INFO - Setting next_dagrun for placeholder_dag to 2025-01-06 00:00:00+00:00, run_after=2025-01-07 00:00:00+00:00
[2025-01-07T18:53:45.080+0000] {processor.py:208} INFO - Processing /opt/airflow/dags/placeholder_dag.py took 0.092 seconds
[2025-01-07T18:54:15.415+0000] {processor.py:186} INFO - Started process (PID=319) to work on /opt/airflow/dags/placeholder_dag.py
[2025-01-07T18:54:15.416+0000] {processor.py:914} INFO - Processing file /opt/airflow/dags/placeholder_dag.py for tasks to queue
[2025-01-07T18:54:15.417+0000] {logging_mixin.py:190} INFO - [2025-01-07T18:54:15.417+0000] {dagbag.py:588} INFO - Filling up the DagBag from /opt/airflow/dags/placeholder_dag.py
[2025-01-07T18:54:15.431+0000] {processor.py:925} INFO - DAG(s) 'placeholder_dag' retrieved from /opt/airflow/dags/placeholder_dag.py
[2025-01-07T18:54:15.448+0000] {logging_mixin.py:190} INFO - [2025-01-07T18:54:15.448+0000] {dag.py:3239} INFO - Sync 1 DAGs
[2025-01-07T18:54:15.466+0000] {logging_mixin.py:190} INFO - [2025-01-07T18:54:15.466+0000] {dag.py:4180} INFO - Setting next_dagrun for placeholder_dag to 2025-01-06 00:00:00+00:00, run_after=2025-01-07 00:00:00+00:00
[2025-01-07T18:54:15.483+0000] {processor.py:208} INFO - Processing /opt/airflow/dags/placeholder_dag.py took 0.072 seconds
[2025-01-07T18:54:45.863+0000] {processor.py:186} INFO - Started process (PID=329) to work on /opt/airflow/dags/placeholder_dag.py
[2025-01-07T18:54:45.864+0000] {processor.py:914} INFO - Processing file /opt/airflow/dags/placeholder_dag.py for tasks to queue
[2025-01-07T18:54:45.866+0000] {logging_mixin.py:190} INFO - [2025-01-07T18:54:45.866+0000] {dagbag.py:588} INFO - Filling up the DagBag from /opt/airflow/dags/placeholder_dag.py
[2025-01-07T18:54:45.893+0000] {processor.py:925} INFO - DAG(s) 'placeholder_dag' retrieved from /opt/airflow/dags/placeholder_dag.py
[2025-01-07T18:54:45.924+0000] {logging_mixin.py:190} INFO - [2025-01-07T18:54:45.924+0000] {dag.py:3239} INFO - Sync 1 DAGs
[2025-01-07T18:54:45.951+0000] {logging_mixin.py:190} INFO - [2025-01-07T18:54:45.951+0000] {dag.py:4180} INFO - Setting next_dagrun for placeholder_dag to 2025-01-06 00:00:00+00:00, run_after=2025-01-07 00:00:00+00:00
[2025-01-07T18:54:45.978+0000] {processor.py:208} INFO - Processing /opt/airflow/dags/placeholder_dag.py took 0.121 seconds
[2025-01-07T19:10:04.205+0000] {processor.py:186} INFO - Started process (PID=161) to work on /opt/airflow/dags/placeholder_dag.py
[2025-01-07T19:10:04.207+0000] {processor.py:914} INFO - Processing file /opt/airflow/dags/placeholder_dag.py for tasks to queue
[2025-01-07T19:10:04.209+0000] {logging_mixin.py:190} INFO - [2025-01-07T19:10:04.209+0000] {dagbag.py:588} INFO - Filling up the DagBag from /opt/airflow/dags/placeholder_dag.py
[2025-01-07T19:10:04.241+0000] {processor.py:925} INFO - DAG(s) 'placeholder_dag' retrieved from /opt/airflow/dags/placeholder_dag.py
[2025-01-07T19:10:04.570+0000] {logging_mixin.py:190} INFO - [2025-01-07T19:10:04.569+0000] {override.py:1911} INFO - Created Permission View: can delete on DAG:placeholder_dag
[2025-01-07T19:10:04.581+0000] {logging_mixin.py:190} INFO - [2025-01-07T19:10:04.580+0000] {override.py:1911} INFO - Created Permission View: can read on DAG:placeholder_dag
[2025-01-07T19:10:04.587+0000] {logging_mixin.py:190} INFO - [2025-01-07T19:10:04.586+0000] {override.py:1911} INFO - Created Permission View: can edit on DAG:placeholder_dag
[2025-01-07T19:10:04.595+0000] {logging_mixin.py:190} INFO - [2025-01-07T19:10:04.594+0000] {override.py:1911} INFO - Created Permission View: can delete on DAG Run:placeholder_dag
[2025-01-07T19:10:04.602+0000] {logging_mixin.py:190} INFO - [2025-01-07T19:10:04.602+0000] {override.py:1911} INFO - Created Permission View: can create on DAG Run:placeholder_dag
[2025-01-07T19:10:04.613+0000] {logging_mixin.py:190} INFO - [2025-01-07T19:10:04.612+0000] {override.py:1911} INFO - Created Permission View: can read on DAG Run:placeholder_dag
[2025-01-07T19:10:04.624+0000] {logging_mixin.py:190} INFO - [2025-01-07T19:10:04.623+0000] {override.py:1911} INFO - Created Permission View: menu access on DAG Run:placeholder_dag
[2025-01-07T19:10:04.625+0000] {logging_mixin.py:190} INFO - [2025-01-07T19:10:04.625+0000] {dag.py:3239} INFO - Sync 1 DAGs
[2025-01-07T19:10:04.647+0000] {logging_mixin.py:190} INFO - [2025-01-07T19:10:04.647+0000] {dag.py:3262} INFO - Creating ORM DAG for placeholder_dag
[2025-01-07T19:10:04.663+0000] {logging_mixin.py:190} INFO - [2025-01-07T19:10:04.662+0000] {dag.py:4180} INFO - Setting next_dagrun for placeholder_dag to 2025-01-06 00:00:00+00:00, run_after=2025-01-07 00:00:00+00:00
[2025-01-07T19:10:04.692+0000] {processor.py:208} INFO - Processing /opt/airflow/dags/placeholder_dag.py took 0.497 seconds
[2025-01-07T19:10:35.027+0000] {processor.py:186} INFO - Started process (PID=175) to work on /opt/airflow/dags/placeholder_dag.py
[2025-01-07T19:10:35.027+0000] {processor.py:914} INFO - Processing file /opt/airflow/dags/placeholder_dag.py for tasks to queue
[2025-01-07T19:10:35.029+0000] {logging_mixin.py:190} INFO - [2025-01-07T19:10:35.029+0000] {dagbag.py:588} INFO - Filling up the DagBag from /opt/airflow/dags/placeholder_dag.py
[2025-01-07T19:10:35.047+0000] {processor.py:925} INFO - DAG(s) 'placeholder_dag' retrieved from /opt/airflow/dags/placeholder_dag.py
[2025-01-07T19:10:35.065+0000] {logging_mixin.py:190} INFO - [2025-01-07T19:10:35.065+0000] {dag.py:3239} INFO - Sync 1 DAGs
[2025-01-07T19:10:35.084+0000] {logging_mixin.py:190} INFO - [2025-01-07T19:10:35.084+0000] {dag.py:4180} INFO - Setting next_dagrun for placeholder_dag to 2025-01-06 00:00:00+00:00, run_after=2025-01-07 00:00:00+00:00
[2025-01-07T19:10:35.100+0000] {processor.py:208} INFO - Processing /opt/airflow/dags/placeholder_dag.py took 0.079 seconds
[2025-01-07T19:11:05.461+0000] {processor.py:186} INFO - Started process (PID=189) to work on /opt/airflow/dags/placeholder_dag.py
[2025-01-07T19:11:05.462+0000] {processor.py:914} INFO - Processing file /opt/airflow/dags/placeholder_dag.py for tasks to queue
[2025-01-07T19:11:05.464+0000] {logging_mixin.py:190} INFO - [2025-01-07T19:11:05.464+0000] {dagbag.py:588} INFO - Filling up the DagBag from /opt/airflow/dags/placeholder_dag.py
[2025-01-07T19:11:05.481+0000] {processor.py:925} INFO - DAG(s) 'placeholder_dag' retrieved from /opt/airflow/dags/placeholder_dag.py
[2025-01-07T19:11:05.513+0000] {logging_mixin.py:190} INFO - [2025-01-07T19:11:05.513+0000] {dag.py:3239} INFO - Sync 1 DAGs
[2025-01-07T19:11:05.539+0000] {logging_mixin.py:190} INFO - [2025-01-07T19:11:05.539+0000] {dag.py:4180} INFO - Setting next_dagrun for placeholder_dag to 2025-01-06 00:00:00+00:00, run_after=2025-01-07 00:00:00+00:00
[2025-01-07T19:11:05.559+0000] {processor.py:208} INFO - Processing /opt/airflow/dags/placeholder_dag.py took 0.102 seconds
[2025-01-07T19:11:35.877+0000] {processor.py:186} INFO - Started process (PID=199) to work on /opt/airflow/dags/placeholder_dag.py
[2025-01-07T19:11:35.878+0000] {processor.py:914} INFO - Processing file /opt/airflow/dags/placeholder_dag.py for tasks to queue
[2025-01-07T19:11:35.881+0000] {logging_mixin.py:190} INFO - [2025-01-07T19:11:35.880+0000] {dagbag.py:588} INFO - Filling up the DagBag from /opt/airflow/dags/placeholder_dag.py
[2025-01-07T19:11:35.907+0000] {processor.py:925} INFO - DAG(s) 'placeholder_dag' retrieved from /opt/airflow/dags/placeholder_dag.py
[2025-01-07T19:11:35.932+0000] {logging_mixin.py:190} INFO - [2025-01-07T19:11:35.932+0000] {dag.py:3239} INFO - Sync 1 DAGs
[2025-01-07T19:11:35.958+0000] {logging_mixin.py:190} INFO - [2025-01-07T19:11:35.957+0000] {dag.py:4180} INFO - Setting next_dagrun for placeholder_dag to 2025-01-06 00:00:00+00:00, run_after=2025-01-07 00:00:00+00:00
[2025-01-07T19:11:35.977+0000] {processor.py:208} INFO - Processing /opt/airflow/dags/placeholder_dag.py took 0.108 seconds
[2025-01-07T19:12:06.320+0000] {processor.py:186} INFO - Started process (PID=209) to work on /opt/airflow/dags/placeholder_dag.py
[2025-01-07T19:12:06.321+0000] {processor.py:914} INFO - Processing file /opt/airflow/dags/placeholder_dag.py for tasks to queue
[2025-01-07T19:12:06.324+0000] {logging_mixin.py:190} INFO - [2025-01-07T19:12:06.323+0000] {dagbag.py:588} INFO - Filling up the DagBag from /opt/airflow/dags/placeholder_dag.py
[2025-01-07T19:12:06.342+0000] {processor.py:925} INFO - DAG(s) 'placeholder_dag' retrieved from /opt/airflow/dags/placeholder_dag.py
[2025-01-07T19:12:06.361+0000] {logging_mixin.py:190} INFO - [2025-01-07T19:12:06.361+0000] {dag.py:3239} INFO - Sync 1 DAGs
[2025-01-07T19:12:06.387+0000] {logging_mixin.py:190} INFO - [2025-01-07T19:12:06.387+0000] {dag.py:4180} INFO - Setting next_dagrun for placeholder_dag to 2025-01-06 00:00:00+00:00, run_after=2025-01-07 00:00:00+00:00
[2025-01-07T19:12:06.407+0000] {processor.py:208} INFO - Processing /opt/airflow/dags/placeholder_dag.py took 0.093 seconds
[2025-01-07T19:12:36.749+0000] {processor.py:186} INFO - Started process (PID=219) to work on /opt/airflow/dags/placeholder_dag.py
[2025-01-07T19:12:36.750+0000] {processor.py:914} INFO - Processing file /opt/airflow/dags/placeholder_dag.py for tasks to queue
[2025-01-07T19:12:36.753+0000] {logging_mixin.py:190} INFO - [2025-01-07T19:12:36.752+0000] {dagbag.py:588} INFO - Filling up the DagBag from /opt/airflow/dags/placeholder_dag.py
[2025-01-07T19:12:36.778+0000] {processor.py:925} INFO - DAG(s) 'placeholder_dag' retrieved from /opt/airflow/dags/placeholder_dag.py
[2025-01-07T19:12:36.811+0000] {logging_mixin.py:190} INFO - [2025-01-07T19:12:36.811+0000] {dag.py:3239} INFO - Sync 1 DAGs
[2025-01-07T19:12:36.846+0000] {logging_mixin.py:190} INFO - [2025-01-07T19:12:36.845+0000] {dag.py:4180} INFO - Setting next_dagrun for placeholder_dag to 2025-01-06 00:00:00+00:00, run_after=2025-01-07 00:00:00+00:00
[2025-01-07T19:12:36.870+0000] {processor.py:208} INFO - Processing /opt/airflow/dags/placeholder_dag.py took 0.130 seconds
[2025-01-07T19:13:07.308+0000] {processor.py:186} INFO - Started process (PID=229) to work on /opt/airflow/dags/placeholder_dag.py
[2025-01-07T19:13:07.309+0000] {processor.py:914} INFO - Processing file /opt/airflow/dags/placeholder_dag.py for tasks to queue
[2025-01-07T19:13:07.312+0000] {logging_mixin.py:190} INFO - [2025-01-07T19:13:07.311+0000] {dagbag.py:588} INFO - Filling up the DagBag from /opt/airflow/dags/placeholder_dag.py
[2025-01-07T19:13:07.337+0000] {processor.py:925} INFO - DAG(s) 'placeholder_dag' retrieved from /opt/airflow/dags/placeholder_dag.py
[2025-01-07T19:13:07.364+0000] {logging_mixin.py:190} INFO - [2025-01-07T19:13:07.364+0000] {dag.py:3239} INFO - Sync 1 DAGs
[2025-01-07T19:13:07.390+0000] {logging_mixin.py:190} INFO - [2025-01-07T19:13:07.389+0000] {dag.py:4180} INFO - Setting next_dagrun for placeholder_dag to 2025-01-06 00:00:00+00:00, run_after=2025-01-07 00:00:00+00:00
[2025-01-07T19:13:07.412+0000] {processor.py:208} INFO - Processing /opt/airflow/dags/placeholder_dag.py took 0.112 seconds
[2025-01-07T19:13:37.790+0000] {processor.py:186} INFO - Started process (PID=239) to work on /opt/airflow/dags/placeholder_dag.py
[2025-01-07T19:13:37.791+0000] {processor.py:914} INFO - Processing file /opt/airflow/dags/placeholder_dag.py for tasks to queue
[2025-01-07T19:13:37.794+0000] {logging_mixin.py:190} INFO - [2025-01-07T19:13:37.793+0000] {dagbag.py:588} INFO - Filling up the DagBag from /opt/airflow/dags/placeholder_dag.py
[2025-01-07T19:13:37.815+0000] {processor.py:925} INFO - DAG(s) 'placeholder_dag' retrieved from /opt/airflow/dags/placeholder_dag.py
[2025-01-07T19:13:37.844+0000] {logging_mixin.py:190} INFO - [2025-01-07T19:13:37.843+0000] {dag.py:3239} INFO - Sync 1 DAGs
[2025-01-07T19:13:37.871+0000] {logging_mixin.py:190} INFO - [2025-01-07T19:13:37.871+0000] {dag.py:4180} INFO - Setting next_dagrun for placeholder_dag to 2025-01-06 00:00:00+00:00, run_after=2025-01-07 00:00:00+00:00
[2025-01-07T19:13:37.896+0000] {processor.py:208} INFO - Processing /opt/airflow/dags/placeholder_dag.py took 0.112 seconds
[2025-01-07T19:14:08.243+0000] {processor.py:186} INFO - Started process (PID=249) to work on /opt/airflow/dags/placeholder_dag.py
[2025-01-07T19:14:08.243+0000] {processor.py:914} INFO - Processing file /opt/airflow/dags/placeholder_dag.py for tasks to queue
[2025-01-07T19:14:08.247+0000] {logging_mixin.py:190} INFO - [2025-01-07T19:14:08.246+0000] {dagbag.py:588} INFO - Filling up the DagBag from /opt/airflow/dags/placeholder_dag.py
[2025-01-07T19:14:08.275+0000] {processor.py:925} INFO - DAG(s) 'placeholder_dag' retrieved from /opt/airflow/dags/placeholder_dag.py
[2025-01-07T19:14:08.308+0000] {logging_mixin.py:190} INFO - [2025-01-07T19:14:08.308+0000] {dag.py:3239} INFO - Sync 1 DAGs
[2025-01-07T19:14:08.341+0000] {logging_mixin.py:190} INFO - [2025-01-07T19:14:08.341+0000] {dag.py:4180} INFO - Setting next_dagrun for placeholder_dag to 2025-01-06 00:00:00+00:00, run_after=2025-01-07 00:00:00+00:00
[2025-01-07T19:14:08.366+0000] {processor.py:208} INFO - Processing /opt/airflow/dags/placeholder_dag.py took 0.131 seconds
[2025-01-07T19:14:38.797+0000] {processor.py:186} INFO - Started process (PID=259) to work on /opt/airflow/dags/placeholder_dag.py
[2025-01-07T19:14:38.798+0000] {processor.py:914} INFO - Processing file /opt/airflow/dags/placeholder_dag.py for tasks to queue
[2025-01-07T19:14:38.801+0000] {logging_mixin.py:190} INFO - [2025-01-07T19:14:38.800+0000] {dagbag.py:588} INFO - Filling up the DagBag from /opt/airflow/dags/placeholder_dag.py
[2025-01-07T19:14:38.826+0000] {processor.py:925} INFO - DAG(s) 'placeholder_dag' retrieved from /opt/airflow/dags/placeholder_dag.py
[2025-01-07T19:14:38.850+0000] {logging_mixin.py:190} INFO - [2025-01-07T19:14:38.849+0000] {dag.py:3239} INFO - Sync 1 DAGs
[2025-01-07T19:14:38.873+0000] {logging_mixin.py:190} INFO - [2025-01-07T19:14:38.873+0000] {dag.py:4180} INFO - Setting next_dagrun for placeholder_dag to 2025-01-06 00:00:00+00:00, run_after=2025-01-07 00:00:00+00:00
[2025-01-07T19:14:38.896+0000] {processor.py:208} INFO - Processing /opt/airflow/dags/placeholder_dag.py took 0.105 seconds
[2025-01-07T19:15:09.355+0000] {processor.py:186} INFO - Started process (PID=269) to work on /opt/airflow/dags/placeholder_dag.py
[2025-01-07T19:15:09.356+0000] {processor.py:914} INFO - Processing file /opt/airflow/dags/placeholder_dag.py for tasks to queue
[2025-01-07T19:15:09.359+0000] {logging_mixin.py:190} INFO - [2025-01-07T19:15:09.359+0000] {dagbag.py:588} INFO - Filling up the DagBag from /opt/airflow/dags/placeholder_dag.py
[2025-01-07T19:15:09.384+0000] {processor.py:925} INFO - DAG(s) 'placeholder_dag' retrieved from /opt/airflow/dags/placeholder_dag.py
[2025-01-07T19:15:09.410+0000] {logging_mixin.py:190} INFO - [2025-01-07T19:15:09.410+0000] {dag.py:3239} INFO - Sync 1 DAGs
[2025-01-07T19:15:09.438+0000] {logging_mixin.py:190} INFO - [2025-01-07T19:15:09.438+0000] {dag.py:4180} INFO - Setting next_dagrun for placeholder_dag to 2025-01-06 00:00:00+00:00, run_after=2025-01-07 00:00:00+00:00
[2025-01-07T19:15:09.464+0000] {processor.py:208} INFO - Processing /opt/airflow/dags/placeholder_dag.py took 0.115 seconds
[2025-01-07T19:15:39.880+0000] {processor.py:186} INFO - Started process (PID=279) to work on /opt/airflow/dags/placeholder_dag.py
[2025-01-07T19:15:39.881+0000] {processor.py:914} INFO - Processing file /opt/airflow/dags/placeholder_dag.py for tasks to queue
[2025-01-07T19:15:39.884+0000] {logging_mixin.py:190} INFO - [2025-01-07T19:15:39.883+0000] {dagbag.py:588} INFO - Filling up the DagBag from /opt/airflow/dags/placeholder_dag.py
[2025-01-07T19:15:39.909+0000] {processor.py:925} INFO - DAG(s) 'placeholder_dag' retrieved from /opt/airflow/dags/placeholder_dag.py
[2025-01-07T19:15:39.944+0000] {logging_mixin.py:190} INFO - [2025-01-07T19:15:39.943+0000] {dag.py:3239} INFO - Sync 1 DAGs
[2025-01-07T19:15:39.975+0000] {logging_mixin.py:190} INFO - [2025-01-07T19:15:39.975+0000] {dag.py:4180} INFO - Setting next_dagrun for placeholder_dag to 2025-01-06 00:00:00+00:00, run_after=2025-01-07 00:00:00+00:00
[2025-01-07T19:15:39.996+0000] {processor.py:208} INFO - Processing /opt/airflow/dags/placeholder_dag.py took 0.122 seconds
[2025-01-07T19:16:10.328+0000] {processor.py:186} INFO - Started process (PID=289) to work on /opt/airflow/dags/placeholder_dag.py
[2025-01-07T19:16:10.332+0000] {processor.py:914} INFO - Processing file /opt/airflow/dags/placeholder_dag.py for tasks to queue
[2025-01-07T19:16:10.335+0000] {logging_mixin.py:190} INFO - [2025-01-07T19:16:10.334+0000] {dagbag.py:588} INFO - Filling up the DagBag from /opt/airflow/dags/placeholder_dag.py
[2025-01-07T19:16:10.358+0000] {processor.py:925} INFO - DAG(s) 'placeholder_dag' retrieved from /opt/airflow/dags/placeholder_dag.py
[2025-01-07T19:16:10.379+0000] {logging_mixin.py:190} INFO - [2025-01-07T19:16:10.379+0000] {dag.py:3239} INFO - Sync 1 DAGs
[2025-01-07T19:16:10.400+0000] {logging_mixin.py:190} INFO - [2025-01-07T19:16:10.399+0000] {dag.py:4180} INFO - Setting next_dagrun for placeholder_dag to 2025-01-06 00:00:00+00:00, run_after=2025-01-07 00:00:00+00:00
[2025-01-07T19:16:10.415+0000] {processor.py:208} INFO - Processing /opt/airflow/dags/placeholder_dag.py took 0.093 seconds
[2025-01-07T19:16:40.747+0000] {processor.py:186} INFO - Started process (PID=299) to work on /opt/airflow/dags/placeholder_dag.py
[2025-01-07T19:16:40.748+0000] {processor.py:914} INFO - Processing file /opt/airflow/dags/placeholder_dag.py for tasks to queue
[2025-01-07T19:16:40.750+0000] {logging_mixin.py:190} INFO - [2025-01-07T19:16:40.750+0000] {dagbag.py:588} INFO - Filling up the DagBag from /opt/airflow/dags/placeholder_dag.py
[2025-01-07T19:16:40.768+0000] {processor.py:925} INFO - DAG(s) 'placeholder_dag' retrieved from /opt/airflow/dags/placeholder_dag.py
[2025-01-07T19:16:40.788+0000] {logging_mixin.py:190} INFO - [2025-01-07T19:16:40.788+0000] {dag.py:3239} INFO - Sync 1 DAGs
[2025-01-07T19:16:40.807+0000] {logging_mixin.py:190} INFO - [2025-01-07T19:16:40.806+0000] {dag.py:4180} INFO - Setting next_dagrun for placeholder_dag to 2025-01-06 00:00:00+00:00, run_after=2025-01-07 00:00:00+00:00
[2025-01-07T19:16:40.822+0000] {processor.py:208} INFO - Processing /opt/airflow/dags/placeholder_dag.py took 0.083 seconds
[2025-01-07T19:18:06.721+0000] {processor.py:186} INFO - Started process (PID=161) to work on /opt/airflow/dags/placeholder_dag.py
[2025-01-07T19:18:06.722+0000] {processor.py:914} INFO - Processing file /opt/airflow/dags/placeholder_dag.py for tasks to queue
[2025-01-07T19:18:06.724+0000] {logging_mixin.py:190} INFO - [2025-01-07T19:18:06.724+0000] {dagbag.py:588} INFO - Filling up the DagBag from /opt/airflow/dags/placeholder_dag.py
[2025-01-07T19:18:06.747+0000] {processor.py:925} INFO - DAG(s) 'placeholder_dag' retrieved from /opt/airflow/dags/placeholder_dag.py
[2025-01-07T19:18:07.016+0000] {logging_mixin.py:190} INFO - [2025-01-07T19:18:07.016+0000] {override.py:1911} INFO - Created Permission View: can delete on DAG:placeholder_dag
[2025-01-07T19:18:07.026+0000] {logging_mixin.py:190} INFO - [2025-01-07T19:18:07.026+0000] {override.py:1911} INFO - Created Permission View: can edit on DAG:placeholder_dag
[2025-01-07T19:18:07.032+0000] {logging_mixin.py:190} INFO - [2025-01-07T19:18:07.031+0000] {override.py:1911} INFO - Created Permission View: can read on DAG:placeholder_dag
[2025-01-07T19:18:07.038+0000] {logging_mixin.py:190} INFO - [2025-01-07T19:18:07.038+0000] {override.py:1911} INFO - Created Permission View: can delete on DAG Run:placeholder_dag
[2025-01-07T19:18:07.043+0000] {logging_mixin.py:190} INFO - [2025-01-07T19:18:07.043+0000] {override.py:1911} INFO - Created Permission View: can create on DAG Run:placeholder_dag
[2025-01-07T19:18:07.048+0000] {logging_mixin.py:190} INFO - [2025-01-07T19:18:07.048+0000] {override.py:1911} INFO - Created Permission View: can read on DAG Run:placeholder_dag
[2025-01-07T19:18:07.054+0000] {logging_mixin.py:190} INFO - [2025-01-07T19:18:07.054+0000] {override.py:1911} INFO - Created Permission View: menu access on DAG Run:placeholder_dag
[2025-01-07T19:18:07.054+0000] {logging_mixin.py:190} INFO - [2025-01-07T19:18:07.054+0000] {dag.py:3239} INFO - Sync 1 DAGs
[2025-01-07T19:18:07.063+0000] {logging_mixin.py:190} INFO - [2025-01-07T19:18:07.063+0000] {dag.py:3262} INFO - Creating ORM DAG for placeholder_dag
[2025-01-07T19:18:07.074+0000] {logging_mixin.py:190} INFO - [2025-01-07T19:18:07.074+0000] {dag.py:4180} INFO - Setting next_dagrun for placeholder_dag to 2025-01-06 00:00:00+00:00, run_after=2025-01-07 00:00:00+00:00
[2025-01-07T19:18:07.090+0000] {processor.py:208} INFO - Processing /opt/airflow/dags/placeholder_dag.py took 0.374 seconds
[2025-01-07T19:18:37.474+0000] {processor.py:186} INFO - Started process (PID=175) to work on /opt/airflow/dags/placeholder_dag.py
[2025-01-07T19:18:37.475+0000] {processor.py:914} INFO - Processing file /opt/airflow/dags/placeholder_dag.py for tasks to queue
[2025-01-07T19:18:37.476+0000] {logging_mixin.py:190} INFO - [2025-01-07T19:18:37.476+0000] {dagbag.py:588} INFO - Filling up the DagBag from /opt/airflow/dags/placeholder_dag.py
[2025-01-07T19:18:37.496+0000] {processor.py:925} INFO - DAG(s) 'placeholder_dag' retrieved from /opt/airflow/dags/placeholder_dag.py
[2025-01-07T19:18:37.511+0000] {logging_mixin.py:190} INFO - [2025-01-07T19:18:37.511+0000] {dag.py:3239} INFO - Sync 1 DAGs
[2025-01-07T19:18:37.530+0000] {logging_mixin.py:190} INFO - [2025-01-07T19:18:37.530+0000] {dag.py:4180} INFO - Setting next_dagrun for placeholder_dag to 2025-01-06 00:00:00+00:00, run_after=2025-01-07 00:00:00+00:00
[2025-01-07T19:18:37.545+0000] {processor.py:208} INFO - Processing /opt/airflow/dags/placeholder_dag.py took 0.074 seconds
[2025-01-07T19:19:07.977+0000] {processor.py:186} INFO - Started process (PID=185) to work on /opt/airflow/dags/placeholder_dag.py
[2025-01-07T19:19:07.978+0000] {processor.py:914} INFO - Processing file /opt/airflow/dags/placeholder_dag.py for tasks to queue
[2025-01-07T19:19:07.981+0000] {logging_mixin.py:190} INFO - [2025-01-07T19:19:07.981+0000] {dagbag.py:588} INFO - Filling up the DagBag from /opt/airflow/dags/placeholder_dag.py
[2025-01-07T19:19:08.009+0000] {processor.py:925} INFO - DAG(s) 'placeholder_dag' retrieved from /opt/airflow/dags/placeholder_dag.py
[2025-01-07T19:19:08.035+0000] {logging_mixin.py:190} INFO - [2025-01-07T19:19:08.035+0000] {dag.py:3239} INFO - Sync 1 DAGs
[2025-01-07T19:19:08.060+0000] {logging_mixin.py:190} INFO - [2025-01-07T19:19:08.060+0000] {dag.py:4180} INFO - Setting next_dagrun for placeholder_dag to 2025-01-06 00:00:00+00:00, run_after=2025-01-07 00:00:00+00:00
[2025-01-07T19:19:08.083+0000] {processor.py:208} INFO - Processing /opt/airflow/dags/placeholder_dag.py took 0.114 seconds
[2025-01-07T19:19:38.462+0000] {processor.py:186} INFO - Started process (PID=195) to work on /opt/airflow/dags/placeholder_dag.py
[2025-01-07T19:19:38.463+0000] {processor.py:914} INFO - Processing file /opt/airflow/dags/placeholder_dag.py for tasks to queue
[2025-01-07T19:19:38.465+0000] {logging_mixin.py:190} INFO - [2025-01-07T19:19:38.465+0000] {dagbag.py:588} INFO - Filling up the DagBag from /opt/airflow/dags/placeholder_dag.py
[2025-01-07T19:19:38.490+0000] {processor.py:925} INFO - DAG(s) 'placeholder_dag' retrieved from /opt/airflow/dags/placeholder_dag.py
[2025-01-07T19:19:38.517+0000] {logging_mixin.py:190} INFO - [2025-01-07T19:19:38.516+0000] {dag.py:3239} INFO - Sync 1 DAGs
[2025-01-07T19:19:38.541+0000] {logging_mixin.py:190} INFO - [2025-01-07T19:19:38.541+0000] {dag.py:4180} INFO - Setting next_dagrun for placeholder_dag to 2025-01-06 00:00:00+00:00, run_after=2025-01-07 00:00:00+00:00
[2025-01-07T19:19:38.562+0000] {processor.py:208} INFO - Processing /opt/airflow/dags/placeholder_dag.py took 0.107 seconds
[2025-01-07T19:20:08.961+0000] {processor.py:186} INFO - Started process (PID=205) to work on /opt/airflow/dags/placeholder_dag.py
[2025-01-07T19:20:08.962+0000] {processor.py:914} INFO - Processing file /opt/airflow/dags/placeholder_dag.py for tasks to queue
[2025-01-07T19:20:08.965+0000] {logging_mixin.py:190} INFO - [2025-01-07T19:20:08.965+0000] {dagbag.py:588} INFO - Filling up the DagBag from /opt/airflow/dags/placeholder_dag.py
[2025-01-07T19:20:08.989+0000] {processor.py:925} INFO - DAG(s) 'placeholder_dag' retrieved from /opt/airflow/dags/placeholder_dag.py
[2025-01-07T19:20:09.015+0000] {logging_mixin.py:190} INFO - [2025-01-07T19:20:09.015+0000] {dag.py:3239} INFO - Sync 1 DAGs
[2025-01-07T19:20:09.039+0000] {logging_mixin.py:190} INFO - [2025-01-07T19:20:09.038+0000] {dag.py:4180} INFO - Setting next_dagrun for placeholder_dag to 2025-01-06 00:00:00+00:00, run_after=2025-01-07 00:00:00+00:00
[2025-01-07T19:20:09.062+0000] {processor.py:208} INFO - Processing /opt/airflow/dags/placeholder_dag.py took 0.110 seconds
[2025-01-07T19:20:39.538+0000] {processor.py:186} INFO - Started process (PID=215) to work on /opt/airflow/dags/placeholder_dag.py
[2025-01-07T19:20:39.539+0000] {processor.py:914} INFO - Processing file /opt/airflow/dags/placeholder_dag.py for tasks to queue
[2025-01-07T19:20:39.541+0000] {logging_mixin.py:190} INFO - [2025-01-07T19:20:39.541+0000] {dagbag.py:588} INFO - Filling up the DagBag from /opt/airflow/dags/placeholder_dag.py
[2025-01-07T19:20:39.557+0000] {processor.py:925} INFO - DAG(s) 'placeholder_dag' retrieved from /opt/airflow/dags/placeholder_dag.py
[2025-01-07T19:20:39.574+0000] {logging_mixin.py:190} INFO - [2025-01-07T19:20:39.574+0000] {dag.py:3239} INFO - Sync 1 DAGs
[2025-01-07T19:20:39.597+0000] {logging_mixin.py:190} INFO - [2025-01-07T19:20:39.597+0000] {dag.py:4180} INFO - Setting next_dagrun for placeholder_dag to 2025-01-06 00:00:00+00:00, run_after=2025-01-07 00:00:00+00:00
[2025-01-07T19:20:39.612+0000] {processor.py:208} INFO - Processing /opt/airflow/dags/placeholder_dag.py took 0.078 seconds
[2025-01-07T19:21:10.049+0000] {processor.py:186} INFO - Started process (PID=227) to work on /opt/airflow/dags/placeholder_dag.py
[2025-01-07T19:21:10.051+0000] {processor.py:914} INFO - Processing file /opt/airflow/dags/placeholder_dag.py for tasks to queue
[2025-01-07T19:21:10.059+0000] {logging_mixin.py:190} INFO - [2025-01-07T19:21:10.058+0000] {dagbag.py:588} INFO - Filling up the DagBag from /opt/airflow/dags/placeholder_dag.py
[2025-01-07T19:21:10.111+0000] {processor.py:925} INFO - DAG(s) 'placeholder_dag' retrieved from /opt/airflow/dags/placeholder_dag.py
[2025-01-07T19:22:10.418+0000] {processor.py:186} INFO - Started process (PID=161) to work on /opt/airflow/dags/placeholder_dag.py
[2025-01-07T19:22:10.419+0000] {processor.py:914} INFO - Processing file /opt/airflow/dags/placeholder_dag.py for tasks to queue
[2025-01-07T19:22:10.420+0000] {logging_mixin.py:190} INFO - [2025-01-07T19:22:10.420+0000] {dagbag.py:588} INFO - Filling up the DagBag from /opt/airflow/dags/placeholder_dag.py
[2025-01-07T19:22:10.435+0000] {processor.py:925} INFO - DAG(s) 'placeholder_dag' retrieved from /opt/airflow/dags/placeholder_dag.py
[2025-01-07T19:22:10.625+0000] {logging_mixin.py:190} INFO - [2025-01-07T19:22:10.624+0000] {override.py:1911} INFO - Created Permission View: can edit on DAG:placeholder_dag
[2025-01-07T19:22:10.635+0000] {logging_mixin.py:190} INFO - [2025-01-07T19:22:10.635+0000] {override.py:1911} INFO - Created Permission View: can delete on DAG:placeholder_dag
[2025-01-07T19:22:10.644+0000] {logging_mixin.py:190} INFO - [2025-01-07T19:22:10.643+0000] {override.py:1911} INFO - Created Permission View: can read on DAG:placeholder_dag
[2025-01-07T19:22:10.653+0000] {logging_mixin.py:190} INFO - [2025-01-07T19:22:10.653+0000] {override.py:1911} INFO - Created Permission View: menu access on DAG Run:placeholder_dag
[2025-01-07T19:22:10.661+0000] {logging_mixin.py:190} INFO - [2025-01-07T19:22:10.661+0000] {override.py:1911} INFO - Created Permission View: can create on DAG Run:placeholder_dag
[2025-01-07T19:22:10.669+0000] {logging_mixin.py:190} INFO - [2025-01-07T19:22:10.669+0000] {override.py:1911} INFO - Created Permission View: can delete on DAG Run:placeholder_dag
[2025-01-07T19:22:10.679+0000] {logging_mixin.py:190} INFO - [2025-01-07T19:22:10.679+0000] {override.py:1911} INFO - Created Permission View: can read on DAG Run:placeholder_dag
[2025-01-07T19:22:10.680+0000] {logging_mixin.py:190} INFO - [2025-01-07T19:22:10.680+0000] {dag.py:3239} INFO - Sync 1 DAGs
[2025-01-07T19:22:10.692+0000] {logging_mixin.py:190} INFO - [2025-01-07T19:22:10.692+0000] {dag.py:3262} INFO - Creating ORM DAG for placeholder_dag
[2025-01-07T19:22:10.702+0000] {logging_mixin.py:190} INFO - [2025-01-07T19:22:10.701+0000] {dag.py:4180} INFO - Setting next_dagrun for placeholder_dag to 2025-01-06 00:00:00+00:00, run_after=2025-01-07 00:00:00+00:00
[2025-01-07T19:22:10.721+0000] {processor.py:208} INFO - Processing /opt/airflow/dags/placeholder_dag.py took 0.309 seconds
[2025-01-07T19:22:40.788+0000] {processor.py:186} INFO - Started process (PID=171) to work on /opt/airflow/dags/placeholder_dag.py
[2025-01-07T19:22:40.789+0000] {processor.py:914} INFO - Processing file /opt/airflow/dags/placeholder_dag.py for tasks to queue
[2025-01-07T19:22:40.793+0000] {logging_mixin.py:190} INFO - [2025-01-07T19:22:40.792+0000] {dagbag.py:588} INFO - Filling up the DagBag from /opt/airflow/dags/placeholder_dag.py
[2025-01-07T19:22:40.816+0000] {processor.py:925} INFO - DAG(s) 'placeholder_dag' retrieved from /opt/airflow/dags/placeholder_dag.py
[2025-01-07T19:22:40.847+0000] {logging_mixin.py:190} INFO - [2025-01-07T19:22:40.847+0000] {dag.py:3239} INFO - Sync 1 DAGs
[2025-01-07T19:22:40.883+0000] {logging_mixin.py:190} INFO - [2025-01-07T19:22:40.882+0000] {dag.py:4180} INFO - Setting next_dagrun for placeholder_dag to 2025-01-06 00:00:00+00:00, run_after=2025-01-07 00:00:00+00:00
[2025-01-07T19:22:40.905+0000] {processor.py:208} INFO - Processing /opt/airflow/dags/placeholder_dag.py took 0.124 seconds
[2025-01-07T19:23:11.149+0000] {processor.py:186} INFO - Started process (PID=181) to work on /opt/airflow/dags/placeholder_dag.py
[2025-01-07T19:23:11.150+0000] {processor.py:914} INFO - Processing file /opt/airflow/dags/placeholder_dag.py for tasks to queue
[2025-01-07T19:23:11.152+0000] {logging_mixin.py:190} INFO - [2025-01-07T19:23:11.152+0000] {dagbag.py:588} INFO - Filling up the DagBag from /opt/airflow/dags/placeholder_dag.py
[2025-01-07T19:23:11.173+0000] {processor.py:925} INFO - DAG(s) 'placeholder_dag' retrieved from /opt/airflow/dags/placeholder_dag.py
[2025-01-07T19:23:11.207+0000] {logging_mixin.py:190} INFO - [2025-01-07T19:23:11.207+0000] {dag.py:3239} INFO - Sync 1 DAGs
[2025-01-07T19:23:11.236+0000] {logging_mixin.py:190} INFO - [2025-01-07T19:23:11.236+0000] {dag.py:4180} INFO - Setting next_dagrun for placeholder_dag to 2025-01-06 00:00:00+00:00, run_after=2025-01-07 00:00:00+00:00
[2025-01-07T19:23:11.266+0000] {processor.py:208} INFO - Processing /opt/airflow/dags/placeholder_dag.py took 0.125 seconds
[2025-01-07T19:25:27.214+0000] {processor.py:186} INFO - Started process (PID=161) to work on /opt/airflow/dags/placeholder_dag.py
[2025-01-07T19:25:27.216+0000] {processor.py:914} INFO - Processing file /opt/airflow/dags/placeholder_dag.py for tasks to queue
[2025-01-07T19:25:27.217+0000] {logging_mixin.py:190} INFO - [2025-01-07T19:25:27.217+0000] {dagbag.py:588} INFO - Filling up the DagBag from /opt/airflow/dags/placeholder_dag.py
[2025-01-07T19:25:27.250+0000] {processor.py:925} INFO - DAG(s) 'placeholder_dag' retrieved from /opt/airflow/dags/placeholder_dag.py
[2025-01-07T19:25:27.437+0000] {logging_mixin.py:190} INFO - [2025-01-07T19:25:27.437+0000] {override.py:1911} INFO - Created Permission View: can delete on DAG:placeholder_dag
[2025-01-07T19:25:27.447+0000] {logging_mixin.py:190} INFO - [2025-01-07T19:25:27.447+0000] {override.py:1911} INFO - Created Permission View: can read on DAG:placeholder_dag
[2025-01-07T19:25:27.455+0000] {logging_mixin.py:190} INFO - [2025-01-07T19:25:27.455+0000] {override.py:1911} INFO - Created Permission View: can edit on DAG:placeholder_dag
[2025-01-07T19:25:27.465+0000] {logging_mixin.py:190} INFO - [2025-01-07T19:25:27.465+0000] {override.py:1911} INFO - Created Permission View: can create on DAG Run:placeholder_dag
[2025-01-07T19:25:27.475+0000] {logging_mixin.py:190} INFO - [2025-01-07T19:25:27.474+0000] {override.py:1911} INFO - Created Permission View: can delete on DAG Run:placeholder_dag
[2025-01-07T19:25:27.483+0000] {logging_mixin.py:190} INFO - [2025-01-07T19:25:27.483+0000] {override.py:1911} INFO - Created Permission View: can read on DAG Run:placeholder_dag
[2025-01-07T19:25:27.495+0000] {logging_mixin.py:190} INFO - [2025-01-07T19:25:27.494+0000] {override.py:1911} INFO - Created Permission View: menu access on DAG Run:placeholder_dag
[2025-01-07T19:25:27.496+0000] {logging_mixin.py:190} INFO - [2025-01-07T19:25:27.496+0000] {dag.py:3239} INFO - Sync 1 DAGs
[2025-01-07T19:25:27.513+0000] {logging_mixin.py:190} INFO - [2025-01-07T19:25:27.513+0000] {dag.py:3262} INFO - Creating ORM DAG for placeholder_dag
[2025-01-07T19:25:27.530+0000] {logging_mixin.py:190} INFO - [2025-01-07T19:25:27.530+0000] {dag.py:4180} INFO - Setting next_dagrun for placeholder_dag to 2025-01-06 00:00:00+00:00, run_after=2025-01-07 00:00:00+00:00
[2025-01-07T19:25:27.557+0000] {processor.py:208} INFO - Processing /opt/airflow/dags/placeholder_dag.py took 0.348 seconds
[2025-01-07T19:25:57.887+0000] {processor.py:186} INFO - Started process (PID=179) to work on /opt/airflow/dags/placeholder_dag.py
[2025-01-07T19:25:57.888+0000] {processor.py:914} INFO - Processing file /opt/airflow/dags/placeholder_dag.py for tasks to queue
[2025-01-07T19:25:57.891+0000] {logging_mixin.py:190} INFO - [2025-01-07T19:25:57.891+0000] {dagbag.py:588} INFO - Filling up the DagBag from /opt/airflow/dags/placeholder_dag.py
[2025-01-07T19:25:57.919+0000] {processor.py:925} INFO - DAG(s) 'placeholder_dag' retrieved from /opt/airflow/dags/placeholder_dag.py
[2025-01-07T19:25:57.940+0000] {logging_mixin.py:190} INFO - [2025-01-07T19:25:57.940+0000] {dag.py:3239} INFO - Sync 1 DAGs
[2025-01-07T19:25:57.962+0000] {logging_mixin.py:190} INFO - [2025-01-07T19:25:57.962+0000] {dag.py:4180} INFO - Setting next_dagrun for placeholder_dag to 2025-01-06 00:00:00+00:00, run_after=2025-01-07 00:00:00+00:00
[2025-01-07T19:25:57.980+0000] {processor.py:208} INFO - Processing /opt/airflow/dags/placeholder_dag.py took 0.099 seconds
[2025-01-07T19:26:28.252+0000] {processor.py:186} INFO - Started process (PID=189) to work on /opt/airflow/dags/placeholder_dag.py
[2025-01-07T19:26:28.253+0000] {processor.py:914} INFO - Processing file /opt/airflow/dags/placeholder_dag.py for tasks to queue
[2025-01-07T19:26:28.256+0000] {logging_mixin.py:190} INFO - [2025-01-07T19:26:28.255+0000] {dagbag.py:588} INFO - Filling up the DagBag from /opt/airflow/dags/placeholder_dag.py
[2025-01-07T19:26:28.282+0000] {processor.py:925} INFO - DAG(s) 'placeholder_dag' retrieved from /opt/airflow/dags/placeholder_dag.py
[2025-01-07T19:26:28.327+0000] {logging_mixin.py:190} INFO - [2025-01-07T19:26:28.327+0000] {dag.py:3239} INFO - Sync 1 DAGs
[2025-01-07T19:26:28.363+0000] {logging_mixin.py:190} INFO - [2025-01-07T19:26:28.363+0000] {dag.py:4180} INFO - Setting next_dagrun for placeholder_dag to 2025-01-06 00:00:00+00:00, run_after=2025-01-07 00:00:00+00:00
[2025-01-07T19:26:28.391+0000] {processor.py:208} INFO - Processing /opt/airflow/dags/placeholder_dag.py took 0.148 seconds
[2025-01-07T19:26:58.766+0000] {processor.py:186} INFO - Started process (PID=203) to work on /opt/airflow/dags/placeholder_dag.py
[2025-01-07T19:26:58.769+0000] {processor.py:914} INFO - Processing file /opt/airflow/dags/placeholder_dag.py for tasks to queue
[2025-01-07T19:26:58.772+0000] {logging_mixin.py:190} INFO - [2025-01-07T19:26:58.772+0000] {dagbag.py:588} INFO - Filling up the DagBag from /opt/airflow/dags/placeholder_dag.py
[2025-01-07T19:26:58.793+0000] {processor.py:925} INFO - DAG(s) 'placeholder_dag' retrieved from /opt/airflow/dags/placeholder_dag.py
[2025-01-07T19:26:58.817+0000] {logging_mixin.py:190} INFO - [2025-01-07T19:26:58.817+0000] {dag.py:3239} INFO - Sync 1 DAGs
[2025-01-07T19:26:58.836+0000] {logging_mixin.py:190} INFO - [2025-01-07T19:26:58.836+0000] {dag.py:4180} INFO - Setting next_dagrun for placeholder_dag to 2025-01-06 00:00:00+00:00, run_after=2025-01-07 00:00:00+00:00
[2025-01-07T19:26:58.852+0000] {processor.py:208} INFO - Processing /opt/airflow/dags/placeholder_dag.py took 0.092 seconds
[2025-01-07T19:27:29.112+0000] {processor.py:186} INFO - Started process (PID=213) to work on /opt/airflow/dags/placeholder_dag.py
[2025-01-07T19:27:29.113+0000] {processor.py:914} INFO - Processing file /opt/airflow/dags/placeholder_dag.py for tasks to queue
[2025-01-07T19:27:29.116+0000] {logging_mixin.py:190} INFO - [2025-01-07T19:27:29.116+0000] {dagbag.py:588} INFO - Filling up the DagBag from /opt/airflow/dags/placeholder_dag.py
[2025-01-07T19:27:29.140+0000] {processor.py:925} INFO - DAG(s) 'placeholder_dag' retrieved from /opt/airflow/dags/placeholder_dag.py
[2025-01-07T19:27:29.165+0000] {logging_mixin.py:190} INFO - [2025-01-07T19:27:29.165+0000] {dag.py:3239} INFO - Sync 1 DAGs
[2025-01-07T19:27:29.185+0000] {logging_mixin.py:190} INFO - [2025-01-07T19:27:29.185+0000] {dag.py:4180} INFO - Setting next_dagrun for placeholder_dag to 2025-01-06 00:00:00+00:00, run_after=2025-01-07 00:00:00+00:00
[2025-01-07T19:27:29.201+0000] {processor.py:208} INFO - Processing /opt/airflow/dags/placeholder_dag.py took 0.095 seconds
[2025-01-07T19:27:59.510+0000] {processor.py:186} INFO - Started process (PID=223) to work on /opt/airflow/dags/placeholder_dag.py
[2025-01-07T19:27:59.512+0000] {processor.py:914} INFO - Processing file /opt/airflow/dags/placeholder_dag.py for tasks to queue
[2025-01-07T19:27:59.515+0000] {logging_mixin.py:190} INFO - [2025-01-07T19:27:59.514+0000] {dagbag.py:588} INFO - Filling up the DagBag from /opt/airflow/dags/placeholder_dag.py
[2025-01-07T19:27:59.532+0000] {processor.py:925} INFO - DAG(s) 'placeholder_dag' retrieved from /opt/airflow/dags/placeholder_dag.py
[2025-01-07T19:27:59.552+0000] {logging_mixin.py:190} INFO - [2025-01-07T19:27:59.552+0000] {dag.py:3239} INFO - Sync 1 DAGs
[2025-01-07T19:27:59.580+0000] {logging_mixin.py:190} INFO - [2025-01-07T19:27:59.579+0000] {dag.py:4180} INFO - Setting next_dagrun for placeholder_dag to 2025-01-07 00:00:00+00:00, run_after=2025-01-08 00:00:00+00:00
[2025-01-07T19:27:59.605+0000] {processor.py:208} INFO - Processing /opt/airflow/dags/placeholder_dag.py took 0.101 seconds
[2025-01-07T19:28:29.881+0000] {processor.py:186} INFO - Started process (PID=233) to work on /opt/airflow/dags/placeholder_dag.py
[2025-01-07T19:28:29.882+0000] {processor.py:914} INFO - Processing file /opt/airflow/dags/placeholder_dag.py for tasks to queue
[2025-01-07T19:28:29.884+0000] {logging_mixin.py:190} INFO - [2025-01-07T19:28:29.884+0000] {dagbag.py:588} INFO - Filling up the DagBag from /opt/airflow/dags/placeholder_dag.py
[2025-01-07T19:28:29.907+0000] {processor.py:925} INFO - DAG(s) 'placeholder_dag' retrieved from /opt/airflow/dags/placeholder_dag.py
[2025-01-07T19:28:29.930+0000] {logging_mixin.py:190} INFO - [2025-01-07T19:28:29.930+0000] {dag.py:3239} INFO - Sync 1 DAGs
[2025-01-07T19:28:29.950+0000] {logging_mixin.py:190} INFO - [2025-01-07T19:28:29.950+0000] {dag.py:4180} INFO - Setting next_dagrun for placeholder_dag to 2025-01-07 00:00:00+00:00, run_after=2025-01-08 00:00:00+00:00
[2025-01-07T19:28:29.970+0000] {processor.py:208} INFO - Processing /opt/airflow/dags/placeholder_dag.py took 0.095 seconds
[2025-01-07T19:29:00.303+0000] {processor.py:186} INFO - Started process (PID=243) to work on /opt/airflow/dags/placeholder_dag.py
[2025-01-07T19:29:00.304+0000] {processor.py:914} INFO - Processing file /opt/airflow/dags/placeholder_dag.py for tasks to queue
[2025-01-07T19:29:00.306+0000] {logging_mixin.py:190} INFO - [2025-01-07T19:29:00.305+0000] {dagbag.py:588} INFO - Filling up the DagBag from /opt/airflow/dags/placeholder_dag.py
[2025-01-07T19:29:00.319+0000] {processor.py:925} INFO - DAG(s) 'placeholder_dag' retrieved from /opt/airflow/dags/placeholder_dag.py
[2025-01-07T19:29:00.337+0000] {logging_mixin.py:190} INFO - [2025-01-07T19:29:00.337+0000] {dag.py:3239} INFO - Sync 1 DAGs
[2025-01-07T19:29:00.356+0000] {logging_mixin.py:190} INFO - [2025-01-07T19:29:00.356+0000] {dag.py:4180} INFO - Setting next_dagrun for placeholder_dag to 2025-01-07 00:00:00+00:00, run_after=2025-01-08 00:00:00+00:00
[2025-01-07T19:29:00.374+0000] {processor.py:208} INFO - Processing /opt/airflow/dags/placeholder_dag.py took 0.075 seconds
[2025-01-07T19:29:30.562+0000] {processor.py:186} INFO - Started process (PID=253) to work on /opt/airflow/dags/placeholder_dag.py
[2025-01-07T19:29:30.563+0000] {processor.py:914} INFO - Processing file /opt/airflow/dags/placeholder_dag.py for tasks to queue
[2025-01-07T19:29:30.565+0000] {logging_mixin.py:190} INFO - [2025-01-07T19:29:30.565+0000] {dagbag.py:588} INFO - Filling up the DagBag from /opt/airflow/dags/placeholder_dag.py
[2025-01-07T19:29:30.586+0000] {processor.py:925} INFO - DAG(s) 'placeholder_dag' retrieved from /opt/airflow/dags/placeholder_dag.py
[2025-01-07T19:29:30.618+0000] {logging_mixin.py:190} INFO - [2025-01-07T19:29:30.618+0000] {dag.py:3239} INFO - Sync 1 DAGs
[2025-01-07T19:29:30.639+0000] {logging_mixin.py:190} INFO - [2025-01-07T19:29:30.639+0000] {dag.py:4180} INFO - Setting next_dagrun for placeholder_dag to 2025-01-07 00:00:00+00:00, run_after=2025-01-08 00:00:00+00:00
[2025-01-07T19:29:30.654+0000] {processor.py:208} INFO - Processing /opt/airflow/dags/placeholder_dag.py took 0.097 seconds
[2025-01-07T19:30:00.843+0000] {processor.py:186} INFO - Started process (PID=263) to work on /opt/airflow/dags/placeholder_dag.py
[2025-01-07T19:30:00.844+0000] {processor.py:914} INFO - Processing file /opt/airflow/dags/placeholder_dag.py for tasks to queue
[2025-01-07T19:30:00.846+0000] {logging_mixin.py:190} INFO - [2025-01-07T19:30:00.846+0000] {dagbag.py:588} INFO - Filling up the DagBag from /opt/airflow/dags/placeholder_dag.py
[2025-01-07T19:30:00.865+0000] {processor.py:925} INFO - DAG(s) 'placeholder_dag' retrieved from /opt/airflow/dags/placeholder_dag.py
[2025-01-07T19:30:00.885+0000] {logging_mixin.py:190} INFO - [2025-01-07T19:30:00.885+0000] {dag.py:3239} INFO - Sync 1 DAGs
[2025-01-07T19:30:00.912+0000] {logging_mixin.py:190} INFO - [2025-01-07T19:30:00.912+0000] {dag.py:4180} INFO - Setting next_dagrun for placeholder_dag to 2025-01-07 00:00:00+00:00, run_after=2025-01-08 00:00:00+00:00
[2025-01-07T19:30:00.928+0000] {processor.py:208} INFO - Processing /opt/airflow/dags/placeholder_dag.py took 0.090 seconds
[2025-01-07T19:30:31.121+0000] {processor.py:186} INFO - Started process (PID=273) to work on /opt/airflow/dags/placeholder_dag.py
[2025-01-07T19:30:31.122+0000] {processor.py:914} INFO - Processing file /opt/airflow/dags/placeholder_dag.py for tasks to queue
[2025-01-07T19:30:31.126+0000] {logging_mixin.py:190} INFO - [2025-01-07T19:30:31.125+0000] {dagbag.py:588} INFO - Filling up the DagBag from /opt/airflow/dags/placeholder_dag.py
[2025-01-07T19:30:31.144+0000] {processor.py:925} INFO - DAG(s) 'placeholder_dag' retrieved from /opt/airflow/dags/placeholder_dag.py
[2025-01-07T19:30:31.167+0000] {logging_mixin.py:190} INFO - [2025-01-07T19:30:31.167+0000] {dag.py:3239} INFO - Sync 1 DAGs
[2025-01-07T19:30:31.194+0000] {logging_mixin.py:190} INFO - [2025-01-07T19:30:31.194+0000] {dag.py:4180} INFO - Setting next_dagrun for placeholder_dag to 2025-01-07 00:00:00+00:00, run_after=2025-01-08 00:00:00+00:00
[2025-01-07T19:30:31.213+0000] {processor.py:208} INFO - Processing /opt/airflow/dags/placeholder_dag.py took 0.097 seconds
[2025-01-07T19:31:01.405+0000] {processor.py:186} INFO - Started process (PID=283) to work on /opt/airflow/dags/placeholder_dag.py
[2025-01-07T19:31:01.406+0000] {processor.py:914} INFO - Processing file /opt/airflow/dags/placeholder_dag.py for tasks to queue
[2025-01-07T19:31:01.408+0000] {logging_mixin.py:190} INFO - [2025-01-07T19:31:01.408+0000] {dagbag.py:588} INFO - Filling up the DagBag from /opt/airflow/dags/placeholder_dag.py
[2025-01-07T19:31:01.428+0000] {processor.py:925} INFO - DAG(s) 'placeholder_dag' retrieved from /opt/airflow/dags/placeholder_dag.py
[2025-01-07T19:31:01.448+0000] {logging_mixin.py:190} INFO - [2025-01-07T19:31:01.448+0000] {dag.py:3239} INFO - Sync 1 DAGs
[2025-01-07T19:31:01.466+0000] {logging_mixin.py:190} INFO - [2025-01-07T19:31:01.466+0000] {dag.py:4180} INFO - Setting next_dagrun for placeholder_dag to 2025-01-07 00:00:00+00:00, run_after=2025-01-08 00:00:00+00:00
[2025-01-07T19:31:01.481+0000] {processor.py:208} INFO - Processing /opt/airflow/dags/placeholder_dag.py took 0.081 seconds
[2025-01-07T19:31:31.806+0000] {processor.py:186} INFO - Started process (PID=293) to work on /opt/airflow/dags/placeholder_dag.py
[2025-01-07T19:31:31.807+0000] {processor.py:914} INFO - Processing file /opt/airflow/dags/placeholder_dag.py for tasks to queue
[2025-01-07T19:31:31.809+0000] {logging_mixin.py:190} INFO - [2025-01-07T19:31:31.809+0000] {dagbag.py:588} INFO - Filling up the DagBag from /opt/airflow/dags/placeholder_dag.py
[2025-01-07T19:31:31.832+0000] {processor.py:925} INFO - DAG(s) 'placeholder_dag' retrieved from /opt/airflow/dags/placeholder_dag.py
[2025-01-07T19:31:31.855+0000] {logging_mixin.py:190} INFO - [2025-01-07T19:31:31.855+0000] {dag.py:3239} INFO - Sync 1 DAGs
[2025-01-07T19:31:31.882+0000] {logging_mixin.py:190} INFO - [2025-01-07T19:31:31.882+0000] {dag.py:4180} INFO - Setting next_dagrun for placeholder_dag to 2025-01-07 00:00:00+00:00, run_after=2025-01-08 00:00:00+00:00
[2025-01-07T19:31:31.902+0000] {processor.py:208} INFO - Processing /opt/airflow/dags/placeholder_dag.py took 0.102 seconds
[2025-01-07T19:32:02.271+0000] {processor.py:186} INFO - Started process (PID=303) to work on /opt/airflow/dags/placeholder_dag.py
[2025-01-07T19:32:02.272+0000] {processor.py:914} INFO - Processing file /opt/airflow/dags/placeholder_dag.py for tasks to queue
[2025-01-07T19:32:02.274+0000] {logging_mixin.py:190} INFO - [2025-01-07T19:32:02.274+0000] {dagbag.py:588} INFO - Filling up the DagBag from /opt/airflow/dags/placeholder_dag.py
[2025-01-07T19:32:02.294+0000] {processor.py:925} INFO - DAG(s) 'placeholder_dag' retrieved from /opt/airflow/dags/placeholder_dag.py
[2025-01-07T19:32:02.318+0000] {logging_mixin.py:190} INFO - [2025-01-07T19:32:02.318+0000] {dag.py:3239} INFO - Sync 1 DAGs
[2025-01-07T19:32:02.342+0000] {logging_mixin.py:190} INFO - [2025-01-07T19:32:02.341+0000] {dag.py:4180} INFO - Setting next_dagrun for placeholder_dag to 2025-01-07 00:00:00+00:00, run_after=2025-01-08 00:00:00+00:00
[2025-01-07T19:32:02.360+0000] {processor.py:208} INFO - Processing /opt/airflow/dags/placeholder_dag.py took 0.096 seconds
[2025-01-07T19:32:32.660+0000] {processor.py:186} INFO - Started process (PID=313) to work on /opt/airflow/dags/placeholder_dag.py
[2025-01-07T19:32:32.660+0000] {processor.py:914} INFO - Processing file /opt/airflow/dags/placeholder_dag.py for tasks to queue
[2025-01-07T19:32:32.662+0000] {logging_mixin.py:190} INFO - [2025-01-07T19:32:32.662+0000] {dagbag.py:588} INFO - Filling up the DagBag from /opt/airflow/dags/placeholder_dag.py
[2025-01-07T19:32:32.680+0000] {processor.py:925} INFO - DAG(s) 'placeholder_dag' retrieved from /opt/airflow/dags/placeholder_dag.py
[2025-01-07T19:32:32.700+0000] {logging_mixin.py:190} INFO - [2025-01-07T19:32:32.700+0000] {dag.py:3239} INFO - Sync 1 DAGs
[2025-01-07T19:32:32.719+0000] {logging_mixin.py:190} INFO - [2025-01-07T19:32:32.719+0000] {dag.py:4180} INFO - Setting next_dagrun for placeholder_dag to 2025-01-07 00:00:00+00:00, run_after=2025-01-08 00:00:00+00:00
[2025-01-07T19:32:32.733+0000] {processor.py:208} INFO - Processing /opt/airflow/dags/placeholder_dag.py took 0.078 seconds
[2025-01-07T19:33:03.065+0000] {processor.py:186} INFO - Started process (PID=323) to work on /opt/airflow/dags/placeholder_dag.py
[2025-01-07T19:33:03.066+0000] {processor.py:914} INFO - Processing file /opt/airflow/dags/placeholder_dag.py for tasks to queue
[2025-01-07T19:33:03.068+0000] {logging_mixin.py:190} INFO - [2025-01-07T19:33:03.068+0000] {dagbag.py:588} INFO - Filling up the DagBag from /opt/airflow/dags/placeholder_dag.py
[2025-01-07T19:33:03.089+0000] {processor.py:925} INFO - DAG(s) 'placeholder_dag' retrieved from /opt/airflow/dags/placeholder_dag.py
[2025-01-07T19:33:03.111+0000] {logging_mixin.py:190} INFO - [2025-01-07T19:33:03.111+0000] {dag.py:3239} INFO - Sync 1 DAGs
[2025-01-07T19:33:03.136+0000] {logging_mixin.py:190} INFO - [2025-01-07T19:33:03.136+0000] {dag.py:4180} INFO - Setting next_dagrun for placeholder_dag to 2025-01-07 00:00:00+00:00, run_after=2025-01-08 00:00:00+00:00
[2025-01-07T19:33:03.155+0000] {processor.py:208} INFO - Processing /opt/airflow/dags/placeholder_dag.py took 0.095 seconds
[2025-01-07T19:33:33.470+0000] {processor.py:186} INFO - Started process (PID=333) to work on /opt/airflow/dags/placeholder_dag.py
[2025-01-07T19:33:33.471+0000] {processor.py:914} INFO - Processing file /opt/airflow/dags/placeholder_dag.py for tasks to queue
[2025-01-07T19:33:33.475+0000] {logging_mixin.py:190} INFO - [2025-01-07T19:33:33.474+0000] {dagbag.py:588} INFO - Filling up the DagBag from /opt/airflow/dags/placeholder_dag.py
[2025-01-07T19:33:33.493+0000] {processor.py:925} INFO - DAG(s) 'placeholder_dag' retrieved from /opt/airflow/dags/placeholder_dag.py
[2025-01-07T19:33:33.517+0000] {logging_mixin.py:190} INFO - [2025-01-07T19:33:33.517+0000] {dag.py:3239} INFO - Sync 1 DAGs
[2025-01-07T19:33:33.543+0000] {logging_mixin.py:190} INFO - [2025-01-07T19:33:33.542+0000] {dag.py:4180} INFO - Setting next_dagrun for placeholder_dag to 2025-01-07 00:00:00+00:00, run_after=2025-01-08 00:00:00+00:00
[2025-01-07T19:33:33.563+0000] {processor.py:208} INFO - Processing /opt/airflow/dags/placeholder_dag.py took 0.101 seconds
[2025-01-07T21:09:31.922+0000] {processor.py:186} INFO - Started process (PID=343) to work on /opt/airflow/dags/placeholder_dag.py
[2025-01-07T21:09:31.928+0000] {processor.py:914} INFO - Processing file /opt/airflow/dags/placeholder_dag.py for tasks to queue
[2025-01-07T21:09:32.066+0000] {logging_mixin.py:190} INFO - [2025-01-07T21:09:32.060+0000] {dagbag.py:588} INFO - Filling up the DagBag from /opt/airflow/dags/placeholder_dag.py
[2025-01-07T21:09:33.195+0000] {processor.py:925} INFO - DAG(s) 'placeholder_dag' retrieved from /opt/airflow/dags/placeholder_dag.py
[2025-01-07T21:09:33.408+0000] {logging_mixin.py:190} INFO - [2025-01-07T21:09:33.408+0000] {dag.py:3239} INFO - Sync 1 DAGs
[2025-01-07T21:09:33.625+0000] {logging_mixin.py:190} INFO - [2025-01-07T21:09:33.624+0000] {dag.py:4180} INFO - Setting next_dagrun for placeholder_dag to 2025-01-07 00:00:00+00:00, run_after=2025-01-08 00:00:00+00:00
[2025-01-07T21:09:33.740+0000] {processor.py:208} INFO - Processing /opt/airflow/dags/placeholder_dag.py took 1.855 seconds
[2025-01-07T21:10:04.099+0000] {processor.py:186} INFO - Started process (PID=353) to work on /opt/airflow/dags/placeholder_dag.py
[2025-01-07T21:10:04.101+0000] {processor.py:914} INFO - Processing file /opt/airflow/dags/placeholder_dag.py for tasks to queue
[2025-01-07T21:10:04.105+0000] {logging_mixin.py:190} INFO - [2025-01-07T21:10:04.105+0000] {dagbag.py:588} INFO - Filling up the DagBag from /opt/airflow/dags/placeholder_dag.py
[2025-01-07T21:10:04.140+0000] {processor.py:925} INFO - DAG(s) 'placeholder_dag' retrieved from /opt/airflow/dags/placeholder_dag.py
[2025-01-07T21:10:04.172+0000] {logging_mixin.py:190} INFO - [2025-01-07T21:10:04.172+0000] {dag.py:3239} INFO - Sync 1 DAGs
[2025-01-07T21:10:04.205+0000] {logging_mixin.py:190} INFO - [2025-01-07T21:10:04.204+0000] {dag.py:4180} INFO - Setting next_dagrun for placeholder_dag to 2025-01-07 00:00:00+00:00, run_after=2025-01-08 00:00:00+00:00
[2025-01-07T21:10:04.229+0000] {processor.py:208} INFO - Processing /opt/airflow/dags/placeholder_dag.py took 0.138 seconds
[2025-01-07T21:10:34.700+0000] {processor.py:186} INFO - Started process (PID=367) to work on /opt/airflow/dags/placeholder_dag.py
[2025-01-07T21:10:34.715+0000] {processor.py:914} INFO - Processing file /opt/airflow/dags/placeholder_dag.py for tasks to queue
[2025-01-07T21:10:34.753+0000] {logging_mixin.py:190} INFO - [2025-01-07T21:10:34.750+0000] {dagbag.py:588} INFO - Filling up the DagBag from /opt/airflow/dags/placeholder_dag.py
[2025-01-07T21:10:34.809+0000] {processor.py:925} INFO - DAG(s) 'placeholder_dag' retrieved from /opt/airflow/dags/placeholder_dag.py
[2025-01-07T21:10:34.910+0000] {logging_mixin.py:190} INFO - [2025-01-07T21:10:34.910+0000] {dag.py:3239} INFO - Sync 1 DAGs
[2025-01-07T21:10:35.008+0000] {logging_mixin.py:190} INFO - [2025-01-07T21:10:35.007+0000] {dag.py:4180} INFO - Setting next_dagrun for placeholder_dag to 2025-01-07 00:00:00+00:00, run_after=2025-01-08 00:00:00+00:00
[2025-01-07T21:10:35.055+0000] {processor.py:208} INFO - Processing /opt/airflow/dags/placeholder_dag.py took 0.418 seconds
[2025-01-07T21:11:05.421+0000] {processor.py:186} INFO - Started process (PID=377) to work on /opt/airflow/dags/placeholder_dag.py
[2025-01-07T21:11:05.422+0000] {processor.py:914} INFO - Processing file /opt/airflow/dags/placeholder_dag.py for tasks to queue
[2025-01-07T21:11:05.426+0000] {logging_mixin.py:190} INFO - [2025-01-07T21:11:05.425+0000] {dagbag.py:588} INFO - Filling up the DagBag from /opt/airflow/dags/placeholder_dag.py
[2025-01-07T21:11:05.496+0000] {processor.py:925} INFO - DAG(s) 'placeholder_dag' retrieved from /opt/airflow/dags/placeholder_dag.py
[2025-01-07T21:11:05.547+0000] {logging_mixin.py:190} INFO - [2025-01-07T21:11:05.547+0000] {dag.py:3239} INFO - Sync 1 DAGs
[2025-01-07T21:11:05.584+0000] {logging_mixin.py:190} INFO - [2025-01-07T21:11:05.583+0000] {dag.py:4180} INFO - Setting next_dagrun for placeholder_dag to 2025-01-07 00:00:00+00:00, run_after=2025-01-08 00:00:00+00:00
[2025-01-07T21:11:05.609+0000] {processor.py:208} INFO - Processing /opt/airflow/dags/placeholder_dag.py took 0.196 seconds
[2025-01-07T21:11:35.871+0000] {processor.py:186} INFO - Started process (PID=387) to work on /opt/airflow/dags/placeholder_dag.py
[2025-01-07T21:11:35.871+0000] {processor.py:914} INFO - Processing file /opt/airflow/dags/placeholder_dag.py for tasks to queue
[2025-01-07T21:11:35.874+0000] {logging_mixin.py:190} INFO - [2025-01-07T21:11:35.873+0000] {dagbag.py:588} INFO - Filling up the DagBag from /opt/airflow/dags/placeholder_dag.py
[2025-01-07T21:11:35.894+0000] {processor.py:925} INFO - DAG(s) 'placeholder_dag' retrieved from /opt/airflow/dags/placeholder_dag.py
[2025-01-07T21:11:35.923+0000] {logging_mixin.py:190} INFO - [2025-01-07T21:11:35.922+0000] {dag.py:3239} INFO - Sync 1 DAGs
[2025-01-07T21:11:35.945+0000] {logging_mixin.py:190} INFO - [2025-01-07T21:11:35.945+0000] {dag.py:4180} INFO - Setting next_dagrun for placeholder_dag to 2025-01-07 00:00:00+00:00, run_after=2025-01-08 00:00:00+00:00
[2025-01-07T21:11:35.967+0000] {processor.py:208} INFO - Processing /opt/airflow/dags/placeholder_dag.py took 0.101 seconds
[2025-01-07T21:12:06.330+0000] {processor.py:186} INFO - Started process (PID=397) to work on /opt/airflow/dags/placeholder_dag.py
[2025-01-07T21:12:06.331+0000] {processor.py:914} INFO - Processing file /opt/airflow/dags/placeholder_dag.py for tasks to queue
[2025-01-07T21:12:06.336+0000] {logging_mixin.py:190} INFO - [2025-01-07T21:12:06.335+0000] {dagbag.py:588} INFO - Filling up the DagBag from /opt/airflow/dags/placeholder_dag.py
[2025-01-07T21:12:06.374+0000] {processor.py:925} INFO - DAG(s) 'placeholder_dag' retrieved from /opt/airflow/dags/placeholder_dag.py
[2025-01-07T21:12:06.403+0000] {logging_mixin.py:190} INFO - [2025-01-07T21:12:06.402+0000] {dag.py:3239} INFO - Sync 1 DAGs
[2025-01-07T21:12:06.436+0000] {logging_mixin.py:190} INFO - [2025-01-07T21:12:06.436+0000] {dag.py:4180} INFO - Setting next_dagrun for placeholder_dag to 2025-01-07 00:00:00+00:00, run_after=2025-01-08 00:00:00+00:00
[2025-01-07T21:12:06.465+0000] {processor.py:208} INFO - Processing /opt/airflow/dags/placeholder_dag.py took 0.144 seconds
[2025-01-07T21:12:36.853+0000] {processor.py:186} INFO - Started process (PID=407) to work on /opt/airflow/dags/placeholder_dag.py
[2025-01-07T21:12:36.855+0000] {processor.py:914} INFO - Processing file /opt/airflow/dags/placeholder_dag.py for tasks to queue
[2025-01-07T21:12:36.858+0000] {logging_mixin.py:190} INFO - [2025-01-07T21:12:36.857+0000] {dagbag.py:588} INFO - Filling up the DagBag from /opt/airflow/dags/placeholder_dag.py
[2025-01-07T21:12:36.893+0000] {processor.py:925} INFO - DAG(s) 'placeholder_dag' retrieved from /opt/airflow/dags/placeholder_dag.py
[2025-01-07T21:12:36.928+0000] {logging_mixin.py:190} INFO - [2025-01-07T21:12:36.927+0000] {dag.py:3239} INFO - Sync 1 DAGs
[2025-01-07T21:12:36.961+0000] {logging_mixin.py:190} INFO - [2025-01-07T21:12:36.961+0000] {dag.py:4180} INFO - Setting next_dagrun for placeholder_dag to 2025-01-07 00:00:00+00:00, run_after=2025-01-08 00:00:00+00:00
[2025-01-07T21:12:36.991+0000] {processor.py:208} INFO - Processing /opt/airflow/dags/placeholder_dag.py took 0.147 seconds
[2025-01-07T21:13:07.373+0000] {processor.py:186} INFO - Started process (PID=417) to work on /opt/airflow/dags/placeholder_dag.py
[2025-01-07T21:13:07.374+0000] {processor.py:914} INFO - Processing file /opt/airflow/dags/placeholder_dag.py for tasks to queue
[2025-01-07T21:13:07.379+0000] {logging_mixin.py:190} INFO - [2025-01-07T21:13:07.378+0000] {dagbag.py:588} INFO - Filling up the DagBag from /opt/airflow/dags/placeholder_dag.py
[2025-01-07T21:13:07.414+0000] {processor.py:925} INFO - DAG(s) 'placeholder_dag' retrieved from /opt/airflow/dags/placeholder_dag.py
[2025-01-07T21:13:07.442+0000] {logging_mixin.py:190} INFO - [2025-01-07T21:13:07.442+0000] {dag.py:3239} INFO - Sync 1 DAGs
[2025-01-07T21:13:07.474+0000] {logging_mixin.py:190} INFO - [2025-01-07T21:13:07.474+0000] {dag.py:4180} INFO - Setting next_dagrun for placeholder_dag to 2025-01-07 00:00:00+00:00, run_after=2025-01-08 00:00:00+00:00
[2025-01-07T21:13:07.501+0000] {processor.py:208} INFO - Processing /opt/airflow/dags/placeholder_dag.py took 0.135 seconds
[2025-01-07T21:13:37.716+0000] {processor.py:186} INFO - Started process (PID=427) to work on /opt/airflow/dags/placeholder_dag.py
[2025-01-07T21:13:37.718+0000] {processor.py:914} INFO - Processing file /opt/airflow/dags/placeholder_dag.py for tasks to queue
[2025-01-07T21:13:37.721+0000] {logging_mixin.py:190} INFO - [2025-01-07T21:13:37.721+0000] {dagbag.py:588} INFO - Filling up the DagBag from /opt/airflow/dags/placeholder_dag.py
[2025-01-07T21:13:37.756+0000] {processor.py:925} INFO - DAG(s) 'placeholder_dag' retrieved from /opt/airflow/dags/placeholder_dag.py
[2025-01-07T21:13:37.790+0000] {logging_mixin.py:190} INFO - [2025-01-07T21:13:37.789+0000] {dag.py:3239} INFO - Sync 1 DAGs
[2025-01-07T21:13:37.818+0000] {logging_mixin.py:190} INFO - [2025-01-07T21:13:37.818+0000] {dag.py:4180} INFO - Setting next_dagrun for placeholder_dag to 2025-01-07 00:00:00+00:00, run_after=2025-01-08 00:00:00+00:00
[2025-01-07T21:13:37.843+0000] {processor.py:208} INFO - Processing /opt/airflow/dags/placeholder_dag.py took 0.137 seconds
[2025-01-07T21:14:08.047+0000] {processor.py:186} INFO - Started process (PID=437) to work on /opt/airflow/dags/placeholder_dag.py
[2025-01-07T21:14:08.049+0000] {processor.py:914} INFO - Processing file /opt/airflow/dags/placeholder_dag.py for tasks to queue
[2025-01-07T21:14:08.053+0000] {logging_mixin.py:190} INFO - [2025-01-07T21:14:08.052+0000] {dagbag.py:588} INFO - Filling up the DagBag from /opt/airflow/dags/placeholder_dag.py
[2025-01-07T21:14:08.086+0000] {processor.py:925} INFO - DAG(s) 'placeholder_dag' retrieved from /opt/airflow/dags/placeholder_dag.py
[2025-01-07T21:14:08.114+0000] {logging_mixin.py:190} INFO - [2025-01-07T21:14:08.114+0000] {dag.py:3239} INFO - Sync 1 DAGs
[2025-01-07T21:14:08.143+0000] {logging_mixin.py:190} INFO - [2025-01-07T21:14:08.142+0000] {dag.py:4180} INFO - Setting next_dagrun for placeholder_dag to 2025-01-07 00:00:00+00:00, run_after=2025-01-08 00:00:00+00:00
[2025-01-07T21:14:08.164+0000] {processor.py:208} INFO - Processing /opt/airflow/dags/placeholder_dag.py took 0.131 seconds
[2025-01-07T21:14:38.531+0000] {processor.py:186} INFO - Started process (PID=447) to work on /opt/airflow/dags/placeholder_dag.py
[2025-01-07T21:14:38.533+0000] {processor.py:914} INFO - Processing file /opt/airflow/dags/placeholder_dag.py for tasks to queue
[2025-01-07T21:14:38.535+0000] {logging_mixin.py:190} INFO - [2025-01-07T21:14:38.535+0000] {dagbag.py:588} INFO - Filling up the DagBag from /opt/airflow/dags/placeholder_dag.py
[2025-01-07T21:14:38.564+0000] {processor.py:925} INFO - DAG(s) 'placeholder_dag' retrieved from /opt/airflow/dags/placeholder_dag.py
[2025-01-07T21:14:38.593+0000] {logging_mixin.py:190} INFO - [2025-01-07T21:14:38.592+0000] {dag.py:3239} INFO - Sync 1 DAGs
[2025-01-07T21:14:38.620+0000] {logging_mixin.py:190} INFO - [2025-01-07T21:14:38.620+0000] {dag.py:4180} INFO - Setting next_dagrun for placeholder_dag to 2025-01-07 00:00:00+00:00, run_after=2025-01-08 00:00:00+00:00
[2025-01-07T21:14:38.643+0000] {processor.py:208} INFO - Processing /opt/airflow/dags/placeholder_dag.py took 0.119 seconds
[2025-01-07T21:15:08.888+0000] {processor.py:186} INFO - Started process (PID=457) to work on /opt/airflow/dags/placeholder_dag.py
[2025-01-07T21:15:08.890+0000] {processor.py:914} INFO - Processing file /opt/airflow/dags/placeholder_dag.py for tasks to queue
[2025-01-07T21:15:08.893+0000] {logging_mixin.py:190} INFO - [2025-01-07T21:15:08.893+0000] {dagbag.py:588} INFO - Filling up the DagBag from /opt/airflow/dags/placeholder_dag.py
[2025-01-07T21:15:08.927+0000] {processor.py:925} INFO - DAG(s) 'placeholder_dag' retrieved from /opt/airflow/dags/placeholder_dag.py
[2025-01-07T21:15:08.962+0000] {logging_mixin.py:190} INFO - [2025-01-07T21:15:08.961+0000] {dag.py:3239} INFO - Sync 1 DAGs
[2025-01-07T21:15:09.007+0000] {logging_mixin.py:190} INFO - [2025-01-07T21:15:09.006+0000] {dag.py:4180} INFO - Setting next_dagrun for placeholder_dag to 2025-01-07 00:00:00+00:00, run_after=2025-01-08 00:00:00+00:00
[2025-01-07T21:15:09.047+0000] {processor.py:208} INFO - Processing /opt/airflow/dags/placeholder_dag.py took 0.167 seconds
[2025-01-07T21:15:39.317+0000] {processor.py:186} INFO - Started process (PID=471) to work on /opt/airflow/dags/placeholder_dag.py
[2025-01-07T21:15:39.324+0000] {processor.py:914} INFO - Processing file /opt/airflow/dags/placeholder_dag.py for tasks to queue
[2025-01-07T21:15:39.343+0000] {logging_mixin.py:190} INFO - [2025-01-07T21:15:39.341+0000] {dagbag.py:588} INFO - Filling up the DagBag from /opt/airflow/dags/placeholder_dag.py
[2025-01-07T21:15:39.428+0000] {processor.py:925} INFO - DAG(s) 'placeholder_dag' retrieved from /opt/airflow/dags/placeholder_dag.py
[2025-01-07T21:15:39.513+0000] {logging_mixin.py:190} INFO - [2025-01-07T21:15:39.513+0000] {dag.py:3239} INFO - Sync 1 DAGs
[2025-01-07T21:15:39.554+0000] {logging_mixin.py:190} INFO - [2025-01-07T21:15:39.553+0000] {dag.py:4180} INFO - Setting next_dagrun for placeholder_dag to 2025-01-07 00:00:00+00:00, run_after=2025-01-08 00:00:00+00:00
[2025-01-07T21:15:39.577+0000] {processor.py:208} INFO - Processing /opt/airflow/dags/placeholder_dag.py took 0.305 seconds
[2025-01-07T21:16:09.874+0000] {processor.py:186} INFO - Started process (PID=481) to work on /opt/airflow/dags/placeholder_dag.py
[2025-01-07T21:16:09.876+0000] {processor.py:914} INFO - Processing file /opt/airflow/dags/placeholder_dag.py for tasks to queue
[2025-01-07T21:16:09.879+0000] {logging_mixin.py:190} INFO - [2025-01-07T21:16:09.879+0000] {dagbag.py:588} INFO - Filling up the DagBag from /opt/airflow/dags/placeholder_dag.py
[2025-01-07T21:16:09.919+0000] {processor.py:925} INFO - DAG(s) 'placeholder_dag' retrieved from /opt/airflow/dags/placeholder_dag.py
[2025-01-07T21:16:09.955+0000] {logging_mixin.py:190} INFO - [2025-01-07T21:16:09.954+0000] {dag.py:3239} INFO - Sync 1 DAGs
[2025-01-07T21:16:09.994+0000] {logging_mixin.py:190} INFO - [2025-01-07T21:16:09.994+0000] {dag.py:4180} INFO - Setting next_dagrun for placeholder_dag to 2025-01-07 00:00:00+00:00, run_after=2025-01-08 00:00:00+00:00
[2025-01-07T21:16:10.025+0000] {processor.py:208} INFO - Processing /opt/airflow/dags/placeholder_dag.py took 0.159 seconds
[2025-01-07T21:16:40.412+0000] {processor.py:186} INFO - Started process (PID=491) to work on /opt/airflow/dags/placeholder_dag.py
[2025-01-07T21:16:40.415+0000] {processor.py:914} INFO - Processing file /opt/airflow/dags/placeholder_dag.py for tasks to queue
[2025-01-07T21:16:40.417+0000] {logging_mixin.py:190} INFO - [2025-01-07T21:16:40.417+0000] {dagbag.py:588} INFO - Filling up the DagBag from /opt/airflow/dags/placeholder_dag.py
[2025-01-07T21:16:40.444+0000] {processor.py:925} INFO - DAG(s) 'placeholder_dag' retrieved from /opt/airflow/dags/placeholder_dag.py
[2025-01-07T21:16:40.480+0000] {logging_mixin.py:190} INFO - [2025-01-07T21:16:40.480+0000] {dag.py:3239} INFO - Sync 1 DAGs
[2025-01-07T21:16:40.512+0000] {logging_mixin.py:190} INFO - [2025-01-07T21:16:40.512+0000] {dag.py:4180} INFO - Setting next_dagrun for placeholder_dag to 2025-01-07 00:00:00+00:00, run_after=2025-01-08 00:00:00+00:00
[2025-01-07T21:16:40.537+0000] {processor.py:208} INFO - Processing /opt/airflow/dags/placeholder_dag.py took 0.141 seconds
[2025-01-07T21:17:10.905+0000] {processor.py:186} INFO - Started process (PID=501) to work on /opt/airflow/dags/placeholder_dag.py
[2025-01-07T21:17:10.907+0000] {processor.py:914} INFO - Processing file /opt/airflow/dags/placeholder_dag.py for tasks to queue
[2025-01-07T21:17:10.912+0000] {logging_mixin.py:190} INFO - [2025-01-07T21:17:10.911+0000] {dagbag.py:588} INFO - Filling up the DagBag from /opt/airflow/dags/placeholder_dag.py
[2025-01-07T21:17:10.951+0000] {processor.py:925} INFO - DAG(s) 'placeholder_dag' retrieved from /opt/airflow/dags/placeholder_dag.py
[2025-01-07T21:17:10.991+0000] {logging_mixin.py:190} INFO - [2025-01-07T21:17:10.990+0000] {dag.py:3239} INFO - Sync 1 DAGs
[2025-01-07T21:17:11.024+0000] {logging_mixin.py:190} INFO - [2025-01-07T21:17:11.024+0000] {dag.py:4180} INFO - Setting next_dagrun for placeholder_dag to 2025-01-07 00:00:00+00:00, run_after=2025-01-08 00:00:00+00:00
[2025-01-07T21:17:11.050+0000] {processor.py:208} INFO - Processing /opt/airflow/dags/placeholder_dag.py took 0.153 seconds
[2025-01-07T21:17:41.218+0000] {processor.py:186} INFO - Started process (PID=511) to work on /opt/airflow/dags/placeholder_dag.py
[2025-01-07T21:17:41.219+0000] {processor.py:914} INFO - Processing file /opt/airflow/dags/placeholder_dag.py for tasks to queue
[2025-01-07T21:17:41.222+0000] {logging_mixin.py:190} INFO - [2025-01-07T21:17:41.222+0000] {dagbag.py:588} INFO - Filling up the DagBag from /opt/airflow/dags/placeholder_dag.py
[2025-01-07T21:17:41.251+0000] {processor.py:925} INFO - DAG(s) 'placeholder_dag' retrieved from /opt/airflow/dags/placeholder_dag.py
[2025-01-07T21:17:41.280+0000] {logging_mixin.py:190} INFO - [2025-01-07T21:17:41.280+0000] {dag.py:3239} INFO - Sync 1 DAGs
[2025-01-07T21:17:41.310+0000] {logging_mixin.py:190} INFO - [2025-01-07T21:17:41.309+0000] {dag.py:4180} INFO - Setting next_dagrun for placeholder_dag to 2025-01-07 00:00:00+00:00, run_after=2025-01-08 00:00:00+00:00
[2025-01-07T21:17:41.331+0000] {processor.py:208} INFO - Processing /opt/airflow/dags/placeholder_dag.py took 0.120 seconds
[2025-01-07T21:18:11.654+0000] {processor.py:186} INFO - Started process (PID=521) to work on /opt/airflow/dags/placeholder_dag.py
[2025-01-07T21:18:11.656+0000] {processor.py:914} INFO - Processing file /opt/airflow/dags/placeholder_dag.py for tasks to queue
[2025-01-07T21:18:11.659+0000] {logging_mixin.py:190} INFO - [2025-01-07T21:18:11.659+0000] {dagbag.py:588} INFO - Filling up the DagBag from /opt/airflow/dags/placeholder_dag.py
[2025-01-07T21:18:11.695+0000] {processor.py:925} INFO - DAG(s) 'placeholder_dag' retrieved from /opt/airflow/dags/placeholder_dag.py
[2025-01-07T21:18:11.772+0000] {logging_mixin.py:190} INFO - [2025-01-07T21:18:11.771+0000] {dag.py:3239} INFO - Sync 1 DAGs
[2025-01-07T21:18:11.804+0000] {logging_mixin.py:190} INFO - [2025-01-07T21:18:11.803+0000] {dag.py:4180} INFO - Setting next_dagrun for placeholder_dag to 2025-01-07 00:00:00+00:00, run_after=2025-01-08 00:00:00+00:00
[2025-01-07T21:18:11.827+0000] {processor.py:208} INFO - Processing /opt/airflow/dags/placeholder_dag.py took 0.180 seconds
[2025-01-07T21:18:42.045+0000] {processor.py:186} INFO - Started process (PID=531) to work on /opt/airflow/dags/placeholder_dag.py
[2025-01-07T21:18:42.047+0000] {processor.py:914} INFO - Processing file /opt/airflow/dags/placeholder_dag.py for tasks to queue
[2025-01-07T21:18:42.053+0000] {logging_mixin.py:190} INFO - [2025-01-07T21:18:42.052+0000] {dagbag.py:588} INFO - Filling up the DagBag from /opt/airflow/dags/placeholder_dag.py
[2025-01-07T21:18:42.091+0000] {processor.py:925} INFO - DAG(s) 'placeholder_dag' retrieved from /opt/airflow/dags/placeholder_dag.py
[2025-01-07T21:18:42.132+0000] {logging_mixin.py:190} INFO - [2025-01-07T21:18:42.132+0000] {dag.py:3239} INFO - Sync 1 DAGs
[2025-01-07T21:18:42.175+0000] {logging_mixin.py:190} INFO - [2025-01-07T21:18:42.175+0000] {dag.py:4180} INFO - Setting next_dagrun for placeholder_dag to 2025-01-07 00:00:00+00:00, run_after=2025-01-08 00:00:00+00:00
[2025-01-07T21:18:42.205+0000] {processor.py:208} INFO - Processing /opt/airflow/dags/placeholder_dag.py took 0.170 seconds
[2025-01-07T21:19:12.582+0000] {processor.py:186} INFO - Started process (PID=541) to work on /opt/airflow/dags/placeholder_dag.py
[2025-01-07T21:19:12.584+0000] {processor.py:914} INFO - Processing file /opt/airflow/dags/placeholder_dag.py for tasks to queue
[2025-01-07T21:19:12.588+0000] {logging_mixin.py:190} INFO - [2025-01-07T21:19:12.587+0000] {dagbag.py:588} INFO - Filling up the DagBag from /opt/airflow/dags/placeholder_dag.py
[2025-01-07T21:19:12.624+0000] {processor.py:925} INFO - DAG(s) 'placeholder_dag' retrieved from /opt/airflow/dags/placeholder_dag.py
[2025-01-07T21:19:12.659+0000] {logging_mixin.py:190} INFO - [2025-01-07T21:19:12.659+0000] {dag.py:3239} INFO - Sync 1 DAGs
[2025-01-07T21:19:12.695+0000] {logging_mixin.py:190} INFO - [2025-01-07T21:19:12.695+0000] {dag.py:4180} INFO - Setting next_dagrun for placeholder_dag to 2025-01-07 00:00:00+00:00, run_after=2025-01-08 00:00:00+00:00
[2025-01-07T21:19:12.728+0000] {processor.py:208} INFO - Processing /opt/airflow/dags/placeholder_dag.py took 0.157 seconds
[2025-01-07T21:19:43.056+0000] {processor.py:186} INFO - Started process (PID=551) to work on /opt/airflow/dags/placeholder_dag.py
[2025-01-07T21:19:43.057+0000] {processor.py:914} INFO - Processing file /opt/airflow/dags/placeholder_dag.py for tasks to queue
[2025-01-07T21:19:43.061+0000] {logging_mixin.py:190} INFO - [2025-01-07T21:19:43.060+0000] {dagbag.py:588} INFO - Filling up the DagBag from /opt/airflow/dags/placeholder_dag.py
[2025-01-07T21:19:43.097+0000] {processor.py:925} INFO - DAG(s) 'placeholder_dag' retrieved from /opt/airflow/dags/placeholder_dag.py
[2025-01-07T21:19:43.137+0000] {logging_mixin.py:190} INFO - [2025-01-07T21:19:43.137+0000] {dag.py:3239} INFO - Sync 1 DAGs
[2025-01-07T21:19:43.178+0000] {logging_mixin.py:190} INFO - [2025-01-07T21:19:43.177+0000] {dag.py:4180} INFO - Setting next_dagrun for placeholder_dag to 2025-01-07 00:00:00+00:00, run_after=2025-01-08 00:00:00+00:00
[2025-01-07T21:19:43.208+0000] {processor.py:208} INFO - Processing /opt/airflow/dags/placeholder_dag.py took 0.160 seconds
[2025-01-07T21:20:13.424+0000] {processor.py:186} INFO - Started process (PID=561) to work on /opt/airflow/dags/placeholder_dag.py
[2025-01-07T21:20:13.426+0000] {processor.py:914} INFO - Processing file /opt/airflow/dags/placeholder_dag.py for tasks to queue
[2025-01-07T21:20:13.430+0000] {logging_mixin.py:190} INFO - [2025-01-07T21:20:13.430+0000] {dagbag.py:588} INFO - Filling up the DagBag from /opt/airflow/dags/placeholder_dag.py
[2025-01-07T21:20:13.456+0000] {processor.py:925} INFO - DAG(s) 'placeholder_dag' retrieved from /opt/airflow/dags/placeholder_dag.py
[2025-01-07T21:20:13.485+0000] {logging_mixin.py:190} INFO - [2025-01-07T21:20:13.485+0000] {dag.py:3239} INFO - Sync 1 DAGs
[2025-01-07T21:20:13.517+0000] {logging_mixin.py:190} INFO - [2025-01-07T21:20:13.517+0000] {dag.py:4180} INFO - Setting next_dagrun for placeholder_dag to 2025-01-07 00:00:00+00:00, run_after=2025-01-08 00:00:00+00:00
[2025-01-07T21:20:13.540+0000] {processor.py:208} INFO - Processing /opt/airflow/dags/placeholder_dag.py took 0.125 seconds
[2025-01-07T21:20:43.914+0000] {processor.py:186} INFO - Started process (PID=571) to work on /opt/airflow/dags/placeholder_dag.py
[2025-01-07T21:20:43.916+0000] {processor.py:914} INFO - Processing file /opt/airflow/dags/placeholder_dag.py for tasks to queue
[2025-01-07T21:20:43.919+0000] {logging_mixin.py:190} INFO - [2025-01-07T21:20:43.918+0000] {dagbag.py:588} INFO - Filling up the DagBag from /opt/airflow/dags/placeholder_dag.py
[2025-01-07T21:20:43.954+0000] {processor.py:925} INFO - DAG(s) 'placeholder_dag' retrieved from /opt/airflow/dags/placeholder_dag.py
[2025-01-07T21:20:43.998+0000] {logging_mixin.py:190} INFO - [2025-01-07T21:20:43.997+0000] {dag.py:3239} INFO - Sync 1 DAGs
[2025-01-07T21:20:44.032+0000] {logging_mixin.py:190} INFO - [2025-01-07T21:20:44.032+0000] {dag.py:4180} INFO - Setting next_dagrun for placeholder_dag to 2025-01-07 00:00:00+00:00, run_after=2025-01-08 00:00:00+00:00
[2025-01-07T21:20:44.067+0000] {processor.py:208} INFO - Processing /opt/airflow/dags/placeholder_dag.py took 0.162 seconds
