[2025-01-11T21:44:56.076+0000] {local_task_job_runner.py:123} INFO - ::group::Pre task execution logs
[2025-01-11T21:44:56.091+0000] {taskinstance.py:2613} INFO - Dependencies all met for dep_context=non-requeueable deps ti=<TaskInstance: my_first_dbt_dag.run_dbt_model manual__2025-01-11T21:44:55.639839+00:00 [queued]>
[2025-01-11T21:44:56.100+0000] {taskinstance.py:2613} INFO - Dependencies all met for dep_context=requeueable deps ti=<TaskInstance: my_first_dbt_dag.run_dbt_model manual__2025-01-11T21:44:55.639839+00:00 [queued]>
[2025-01-11T21:44:56.101+0000] {taskinstance.py:2866} INFO - Starting attempt 1 of 2
[2025-01-11T21:44:56.115+0000] {taskinstance.py:2889} INFO - Executing <Task(PythonOperator): run_dbt_model> on 2025-01-11 21:44:55.639839+00:00
[2025-01-11T21:44:56.121+0000] {standard_task_runner.py:104} INFO - Running: ['***', 'tasks', 'run', 'my_first_dbt_dag', 'run_dbt_model', 'manual__2025-01-11T21:44:55.639839+00:00', '--job-id', '6', '--raw', '--subdir', 'DAGS_FOLDER/my_first_dbt_dag.py', '--cfg-path', '/tmp/tmprfpfblus']
[2025-01-11T21:44:56.123+0000] {standard_task_runner.py:105} INFO - Job 6: Subtask run_dbt_model
[2025-01-11T21:44:56.123+0000] {logging_mixin.py:190} WARNING - /home/***/.local/lib/python3.12/site-packages/***/task/task_runner/standard_task_runner.py:70 DeprecationWarning: This process (pid=286) is multi-threaded, use of fork() may lead to deadlocks in the child.
[2025-01-11T21:44:56.124+0000] {standard_task_runner.py:72} INFO - Started process 287 to run task
[2025-01-11T21:44:56.160+0000] {task_command.py:467} INFO - Running <TaskInstance: my_first_dbt_dag.run_dbt_model manual__2025-01-11T21:44:55.639839+00:00 [running]> on host c6530104b64d
[2025-01-11T21:44:56.228+0000] {taskinstance.py:3132} INFO - Exporting env vars: AIRFLOW_CTX_DAG_OWNER='***' AIRFLOW_CTX_DAG_ID='my_first_dbt_dag' AIRFLOW_CTX_TASK_ID='run_dbt_model' AIRFLOW_CTX_EXECUTION_DATE='2025-01-11T21:44:55.639839+00:00' AIRFLOW_CTX_TRY_NUMBER='1' AIRFLOW_CTX_DAG_RUN_ID='manual__2025-01-11T21:44:55.639839+00:00'
[2025-01-11T21:44:56.230+0000] {taskinstance.py:731} INFO - ::endgroup::
[2025-01-11T21:45:00.337+0000] {logging_mixin.py:190} INFO - 21:44:57  Running with dbt=1.9.1
21:44:58  Registered adapter: postgres=1.9.0
21:44:59  Found 4 models, 2 seeds, 5 data tests, 2 sources, 546 macros
21:44:59  
21:44:59  Concurrency: 1 threads (target='dev')
21:44:59  
21:44:59  1 of 1 START sql table model jin_schema.my_first_dbt_model ..................... [RUN]
21:44:59  1 of 1 OK created sql table model jin_schema.my_first_dbt_model ................ [SELECT 2 in 0.14s]
21:44:59  
21:44:59  Finished running 1 table model in 0 hours 0 minutes and 0.25 seconds (0.25s).
21:44:59  
21:44:59  Completed successfully
21:44:59  
21:44:59  Done. PASS=1 WARN=0 ERROR=0 SKIP=0 TOTAL=1
[2025-01-11T21:45:00.338+0000] {python.py:240} INFO - Done. Returned value was: None
[2025-01-11T21:45:00.345+0000] {taskinstance.py:340} INFO - ::group::Post task execution logs
[2025-01-11T21:45:00.345+0000] {taskinstance.py:352} INFO - Marking task as SUCCESS. dag_id=my_first_dbt_dag, task_id=run_dbt_model, run_id=manual__2025-01-11T21:44:55.639839+00:00, execution_date=20250111T214455, start_date=20250111T214456, end_date=20250111T214500
[2025-01-11T21:45:00.396+0000] {local_task_job_runner.py:266} INFO - Task exited with return code 0
[2025-01-11T21:45:00.413+0000] {taskinstance.py:3895} INFO - 0 downstream tasks scheduled from follow-on schedule check
[2025-01-11T21:45:00.415+0000] {local_task_job_runner.py:245} INFO - ::endgroup::
