[2025-01-22T17:39:54.244+0000] {local_task_job_runner.py:123} INFO - ::group::Pre task execution logs
[2025-01-22T17:39:54.420+0000] {taskinstance.py:2613} INFO - Dependencies all met for dep_context=non-requeueable deps ti=<TaskInstance: my_second_dbt_dag.run_dbt_model scheduled__2025-01-21T00:00:00+00:00 [queued]>
[2025-01-22T17:39:54.467+0000] {taskinstance.py:2613} INFO - Dependencies all met for dep_context=requeueable deps ti=<TaskInstance: my_second_dbt_dag.run_dbt_model scheduled__2025-01-21T00:00:00+00:00 [queued]>
[2025-01-22T17:39:54.473+0000] {taskinstance.py:2866} INFO - Starting attempt 1 of 2
[2025-01-22T17:39:54.593+0000] {taskinstance.py:2889} INFO - Executing <Task(PythonOperator): run_dbt_model> on 2025-01-21 00:00:00+00:00
[2025-01-22T17:39:54.626+0000] {standard_task_runner.py:104} INFO - Running: ['***', 'tasks', 'run', 'my_second_dbt_dag', 'run_dbt_model', 'scheduled__2025-01-21T00:00:00+00:00', '--job-id', '46', '--raw', '--subdir', 'DAGS_FOLDER/my_second_dbt_dag.py', '--cfg-path', '/tmp/tmp6117k941']
[2025-01-22T17:39:54.656+0000] {standard_task_runner.py:105} INFO - Job 46: Subtask run_dbt_model
[2025-01-22T17:39:55.244+0000] {logging_mixin.py:190} WARNING - /home/***/.local/lib/python3.12/site-packages/***/task/task_runner/standard_task_runner.py:70 DeprecationWarning: This process (pid=27720) is multi-threaded, use of fork() may lead to deadlocks in the child.
[2025-01-22T17:39:55.246+0000] {standard_task_runner.py:72} INFO - Started process 27736 to run task
[2025-01-22T17:39:58.699+0000] {task_command.py:467} INFO - Running <TaskInstance: my_second_dbt_dag.run_dbt_model scheduled__2025-01-21T00:00:00+00:00 [running]> on host 10a7333bcdf9
[2025-01-22T17:39:59.611+0000] {taskinstance.py:3132} INFO - Exporting env vars: AIRFLOW_CTX_DAG_OWNER='***' AIRFLOW_CTX_DAG_ID='my_second_dbt_dag' AIRFLOW_CTX_TASK_ID='run_dbt_model' AIRFLOW_CTX_EXECUTION_DATE='2025-01-21T00:00:00+00:00' AIRFLOW_CTX_TRY_NUMBER='1' AIRFLOW_CTX_DAG_RUN_ID='scheduled__2025-01-21T00:00:00+00:00'
[2025-01-22T17:39:59.612+0000] {taskinstance.py:731} INFO - ::endgroup::
[2025-01-22T17:40:23.285+0000] {logging_mixin.py:190} INFO - 17:40:14  Running with dbt=1.6.1
17:40:15  Registered adapter: postgres=1.6.1
17:40:17  Found 4 models, 2 seeds, 2 sources, 0 exposures, 0 metrics, 464 macros, 0 groups, 0 semantic models
17:40:17  
17:40:18  Concurrency: 1 threads (target='dev')
17:40:18  
17:40:18  1 of 4 START sql table model jin_schema.my_first_dbt_model ..................... [RUN]
17:40:19  1 of 4 OK created sql table model jin_schema.my_first_dbt_model ................ [SELECT 2 in 1.09s]
17:40:19  2 of 4 START sql table model jin_schema.my_fifth_dag_dbt_model ................. [RUN]
17:40:19  2 of 4 OK created sql table model jin_schema.my_fifth_dag_dbt_model ............ [SELECT 2 in 0.49s]
17:40:19  3 of 4 START sql table model jin_schema.my_second_dbt_model .................... [RUN]
17:40:20  3 of 4 OK created sql table model jin_schema.my_second_dbt_model ............... [SELECT 1 in 0.40s]
17:40:20  4 of 4 START sql table model jin_schema.my_third_dbt_model ..................... [RUN]
17:40:21  4 of 4 OK created sql table model jin_schema.my_third_dbt_model ................ [SELECT 2 in 0.97s]
17:40:21  
17:40:21  Finished running 4 table models in 0 hours 0 minutes and 3.71 seconds (3.71s).
17:40:21  
17:40:21  Completed successfully
17:40:21  
17:40:21  Done. PASS=4 WARN=0 ERROR=0 SKIP=0 TOTAL=4
[2025-01-22T17:40:23.349+0000] {python.py:240} INFO - Done. Returned value was: None
[2025-01-22T17:40:23.631+0000] {taskinstance.py:340} INFO - ::group::Post task execution logs
[2025-01-22T17:40:23.637+0000] {taskinstance.py:352} INFO - Marking task as SUCCESS. dag_id=my_second_dbt_dag, task_id=run_dbt_model, run_id=scheduled__2025-01-21T00:00:00+00:00, execution_date=20250121T000000, start_date=20250122T173954, end_date=20250122T174023
[2025-01-22T17:40:23.897+0000] {local_task_job_runner.py:266} INFO - Task exited with return code 0
[2025-01-22T17:40:24.106+0000] {taskinstance.py:3895} INFO - 0 downstream tasks scheduled from follow-on schedule check
[2025-01-22T17:40:24.113+0000] {local_task_job_runner.py:245} INFO - ::endgroup::
