[2025-01-15T20:47:32.192+0000] {local_task_job_runner.py:123} INFO - ::group::Pre task execution logs
[2025-01-15T20:47:32.537+0000] {taskinstance.py:2613} INFO - Dependencies all met for dep_context=non-requeueable deps ti=<TaskInstance: my_second_dbt_dag.run_dbt_model scheduled__2025-01-13T00:00:00+00:00 [queued]>
[2025-01-15T20:47:32.644+0000] {taskinstance.py:2613} INFO - Dependencies all met for dep_context=requeueable deps ti=<TaskInstance: my_second_dbt_dag.run_dbt_model scheduled__2025-01-13T00:00:00+00:00 [queued]>
[2025-01-15T20:47:32.648+0000] {taskinstance.py:2866} INFO - Starting attempt 1 of 2
[2025-01-15T20:47:32.939+0000] {taskinstance.py:2889} INFO - Executing <Task(PythonOperator): run_dbt_model> on 2025-01-13 00:00:00+00:00
[2025-01-15T20:47:33.263+0000] {standard_task_runner.py:104} INFO - Running: ['***', 'tasks', 'run', 'my_second_dbt_dag', 'run_dbt_model', 'scheduled__2025-01-13T00:00:00+00:00', '--job-id', '21', '--raw', '--subdir', 'DAGS_FOLDER/my_second_dbt_dag.py', '--cfg-path', '/tmp/tmpy0vtwoqw']
[2025-01-15T20:47:33.275+0000] {standard_task_runner.py:105} INFO - Job 21: Subtask run_dbt_model
[2025-01-15T20:47:33.377+0000] {logging_mixin.py:190} WARNING - /home/***/.local/lib/python3.12/site-packages/***/task/task_runner/standard_task_runner.py:70 DeprecationWarning: This process (pid=7426) is multi-threaded, use of fork() may lead to deadlocks in the child.
[2025-01-15T20:47:33.387+0000] {standard_task_runner.py:72} INFO - Started process 7440 to run task
[2025-01-15T20:47:34.884+0000] {task_command.py:467} INFO - Running <TaskInstance: my_second_dbt_dag.run_dbt_model scheduled__2025-01-13T00:00:00+00:00 [running]> on host 10a7333bcdf9
[2025-01-15T20:47:36.850+0000] {taskinstance.py:3132} INFO - Exporting env vars: AIRFLOW_CTX_DAG_OWNER='***' AIRFLOW_CTX_DAG_ID='my_second_dbt_dag' AIRFLOW_CTX_TASK_ID='run_dbt_model' AIRFLOW_CTX_EXECUTION_DATE='2025-01-13T00:00:00+00:00' AIRFLOW_CTX_TRY_NUMBER='1' AIRFLOW_CTX_DAG_RUN_ID='scheduled__2025-01-13T00:00:00+00:00'
[2025-01-15T20:47:36.978+0000] {taskinstance.py:731} INFO - ::endgroup::
[2025-01-15T20:48:06.145+0000] {logging_mixin.py:190} INFO - 20:48:00  Running with dbt=1.6.1
20:48:01  Registered adapter: postgres=1.6.1
20:48:03  Found 4 models, 2 seeds, 2 sources, 0 exposures, 0 metrics, 464 macros, 0 groups, 0 semantic models
20:48:03  
20:48:03  Concurrency: 1 threads (target='dev')
20:48:03  
20:48:03  1 of 4 START sql table model jin_schema.my_first_dbt_model ..................... [RUN]
20:48:04  1 of 4 OK created sql table model jin_schema.my_first_dbt_model ................ [SELECT 2 in 0.73s]
20:48:04  2 of 4 START sql table model jin_schema.my_fifth_dag_dbt_model ................. [RUN]
20:48:04  2 of 4 OK created sql table model jin_schema.my_fifth_dag_dbt_model ............ [SELECT 2 in 0.16s]
20:48:04  3 of 4 START sql table model jin_schema.my_second_dbt_model .................... [RUN]
20:48:04  3 of 4 OK created sql table model jin_schema.my_second_dbt_model ............... [SELECT 1 in 0.10s]
20:48:04  4 of 4 START sql table model jin_schema.my_third_dbt_model ..................... [RUN]
20:48:04  4 of 4 OK created sql table model jin_schema.my_third_dbt_model ................ [SELECT 2 in 0.11s]
20:48:04  
20:48:04  Finished running 4 table models in 0 hours 0 minutes and 1.55 seconds (1.55s).
20:48:04  
20:48:04  Completed successfully
20:48:04  
20:48:04  Done. PASS=4 WARN=0 ERROR=0 SKIP=0 TOTAL=4
[2025-01-15T20:48:06.231+0000] {python.py:240} INFO - Done. Returned value was: None
[2025-01-15T20:48:06.758+0000] {taskinstance.py:340} INFO - ::group::Post task execution logs
[2025-01-15T20:48:06.763+0000] {taskinstance.py:352} INFO - Marking task as SUCCESS. dag_id=my_second_dbt_dag, task_id=run_dbt_model, run_id=scheduled__2025-01-13T00:00:00+00:00, execution_date=20250113T000000, start_date=20250115T204732, end_date=20250115T204806
[2025-01-15T20:48:07.177+0000] {local_task_job_runner.py:266} INFO - Task exited with return code 0
[2025-01-15T20:48:07.948+0000] {taskinstance.py:3895} INFO - 0 downstream tasks scheduled from follow-on schedule check
[2025-01-15T20:48:07.955+0000] {local_task_job_runner.py:245} INFO - ::endgroup::
