[2025-01-18T12:01:27.259+0000] {local_task_job_runner.py:123} INFO - ::group::Pre task execution logs
[2025-01-18T12:01:27.332+0000] {taskinstance.py:2613} INFO - Dependencies all met for dep_context=non-requeueable deps ti=<TaskInstance: my_second_dbt_dag.run_dbt_model scheduled__2025-01-17T00:00:00+00:00 [queued]>
[2025-01-18T12:01:27.354+0000] {taskinstance.py:2613} INFO - Dependencies all met for dep_context=requeueable deps ti=<TaskInstance: my_second_dbt_dag.run_dbt_model scheduled__2025-01-17T00:00:00+00:00 [queued]>
[2025-01-18T12:01:27.355+0000] {taskinstance.py:2866} INFO - Starting attempt 2 of 2
[2025-01-18T12:01:27.376+0000] {taskinstance.py:2889} INFO - Executing <Task(PythonOperator): run_dbt_model> on 2025-01-17 00:00:00+00:00
[2025-01-18T12:01:27.387+0000] {standard_task_runner.py:104} INFO - Running: ['***', 'tasks', 'run', 'my_second_dbt_dag', 'run_dbt_model', 'scheduled__2025-01-17T00:00:00+00:00', '--job-id', '35', '--raw', '--subdir', 'DAGS_FOLDER/my_second_dbt_dag.py', '--cfg-path', '/tmp/tmp2rpy2v8d']
[2025-01-18T12:01:27.391+0000] {standard_task_runner.py:105} INFO - Job 35: Subtask run_dbt_model
[2025-01-18T12:01:27.404+0000] {logging_mixin.py:190} WARNING - /home/***/.local/lib/python3.12/site-packages/***/task/task_runner/standard_task_runner.py:70 DeprecationWarning: This process (pid=10258) is multi-threaded, use of fork() may lead to deadlocks in the child.
[2025-01-18T12:01:27.406+0000] {standard_task_runner.py:72} INFO - Started process 10259 to run task
[2025-01-18T12:01:27.437+0000] {task_command.py:467} INFO - Running <TaskInstance: my_second_dbt_dag.run_dbt_model scheduled__2025-01-17T00:00:00+00:00 [running]> on host 10a7333bcdf9
[2025-01-18T12:01:27.597+0000] {taskinstance.py:3132} INFO - Exporting env vars: AIRFLOW_CTX_DAG_OWNER='***' AIRFLOW_CTX_DAG_ID='my_second_dbt_dag' AIRFLOW_CTX_TASK_ID='run_dbt_model' AIRFLOW_CTX_EXECUTION_DATE='2025-01-17T00:00:00+00:00' AIRFLOW_CTX_TRY_NUMBER='2' AIRFLOW_CTX_DAG_RUN_ID='scheduled__2025-01-17T00:00:00+00:00'
[2025-01-18T12:01:27.606+0000] {taskinstance.py:731} INFO - ::endgroup::
[2025-01-18T12:01:37.550+0000] {logging_mixin.py:190} INFO - 12:01:33  Running with dbt=1.6.1
12:01:33  Registered adapter: postgres=1.6.1
12:01:35  Found 4 models, 2 seeds, 2 sources, 0 exposures, 0 metrics, 464 macros, 0 groups, 0 semantic models
12:01:35  
12:01:36  Concurrency: 1 threads (target='dev')
12:01:36  
12:01:36  1 of 4 START sql table model jin_schema.my_first_dbt_model ..................... [RUN]
12:01:36  1 of 4 OK created sql table model jin_schema.my_first_dbt_model ................ [SELECT 2 in 0.31s]
12:01:36  2 of 4 START sql table model jin_schema.my_fifth_dag_dbt_model ................. [RUN]
12:01:36  2 of 4 OK created sql table model jin_schema.my_fifth_dag_dbt_model ............ [SELECT 2 in 0.09s]
12:01:36  3 of 4 START sql table model jin_schema.my_second_dbt_model .................... [RUN]
12:01:36  3 of 4 OK created sql table model jin_schema.my_second_dbt_model ............... [SELECT 1 in 0.08s]
12:01:36  4 of 4 START sql table model jin_schema.my_third_dbt_model ..................... [RUN]
12:01:36  4 of 4 OK created sql table model jin_schema.my_third_dbt_model ................ [SELECT 2 in 0.09s]
12:01:36  
12:01:36  Finished running 4 table models in 0 hours 0 minutes and 0.81 seconds (0.81s).
12:01:36  
12:01:36  Completed successfully
12:01:36  
12:01:36  Done. PASS=4 WARN=0 ERROR=0 SKIP=0 TOTAL=4
[2025-01-18T12:01:37.551+0000] {python.py:240} INFO - Done. Returned value was: None
[2025-01-18T12:01:37.567+0000] {taskinstance.py:340} INFO - ::group::Post task execution logs
[2025-01-18T12:01:37.568+0000] {taskinstance.py:352} INFO - Marking task as SUCCESS. dag_id=my_second_dbt_dag, task_id=run_dbt_model, run_id=scheduled__2025-01-17T00:00:00+00:00, execution_date=20250117T000000, start_date=20250118T120127, end_date=20250118T120137
[2025-01-18T12:01:37.628+0000] {local_task_job_runner.py:266} INFO - Task exited with return code 0
[2025-01-18T12:01:37.645+0000] {taskinstance.py:3895} INFO - 0 downstream tasks scheduled from follow-on schedule check
[2025-01-18T12:01:37.647+0000] {local_task_job_runner.py:245} INFO - ::endgroup::
