[2025-01-11T22:20:12.533+0000] {local_task_job_runner.py:123} INFO - ::group::Pre task execution logs
[2025-01-11T22:20:12.547+0000] {taskinstance.py:2613} INFO - Dependencies all met for dep_context=non-requeueable deps ti=<TaskInstance: my_second_dbt_dag.run_dbt_model scheduled__2025-01-10T00:00:00+00:00 [queued]>
[2025-01-11T22:20:12.553+0000] {taskinstance.py:2613} INFO - Dependencies all met for dep_context=requeueable deps ti=<TaskInstance: my_second_dbt_dag.run_dbt_model scheduled__2025-01-10T00:00:00+00:00 [queued]>
[2025-01-11T22:20:12.554+0000] {taskinstance.py:2866} INFO - Starting attempt 2 of 2
[2025-01-11T22:20:12.566+0000] {taskinstance.py:2889} INFO - Executing <Task(PythonOperator): run_dbt_model> on 2025-01-10 00:00:00+00:00
[2025-01-11T22:20:12.571+0000] {standard_task_runner.py:104} INFO - Running: ['***', 'tasks', 'run', 'my_second_dbt_dag', 'run_dbt_model', 'scheduled__2025-01-10T00:00:00+00:00', '--job-id', '22', '--raw', '--subdir', 'DAGS_FOLDER/my_second_dbt_dag.py', '--cfg-path', '/tmp/tmpot4et7rv']
[2025-01-11T22:20:12.573+0000] {standard_task_runner.py:105} INFO - Job 22: Subtask run_dbt_model
[2025-01-11T22:20:12.573+0000] {logging_mixin.py:190} WARNING - /home/***/.local/lib/python3.12/site-packages/***/task/task_runner/standard_task_runner.py:70 DeprecationWarning: This process (pid=813) is multi-threaded, use of fork() may lead to deadlocks in the child.
[2025-01-11T22:20:12.574+0000] {standard_task_runner.py:72} INFO - Started process 814 to run task
[2025-01-11T22:20:12.613+0000] {task_command.py:467} INFO - Running <TaskInstance: my_second_dbt_dag.run_dbt_model scheduled__2025-01-10T00:00:00+00:00 [running]> on host a1d29b6e6d12
[2025-01-11T22:20:12.677+0000] {taskinstance.py:3132} INFO - Exporting env vars: AIRFLOW_CTX_DAG_OWNER='***' AIRFLOW_CTX_DAG_ID='my_second_dbt_dag' AIRFLOW_CTX_TASK_ID='run_dbt_model' AIRFLOW_CTX_EXECUTION_DATE='2025-01-10T00:00:00+00:00' AIRFLOW_CTX_TRY_NUMBER='2' AIRFLOW_CTX_DAG_RUN_ID='scheduled__2025-01-10T00:00:00+00:00'
[2025-01-11T22:20:12.678+0000] {taskinstance.py:731} INFO - ::endgroup::
[2025-01-11T22:20:16.775+0000] {logging_mixin.py:190} INFO - 22:20:14  Running with dbt=1.9.1
22:20:14  Registered adapter: postgres=1.9.0
22:20:15  Found 4 models, 2 seeds, 5 data tests, 2 sources, 546 macros
22:20:15  
22:20:15  Concurrency: 1 threads (target='dev')
22:20:15  
22:20:15  1 of 4 START sql table model jin_schema.my_first_dbt_model ..................... [RUN]
22:20:15  1 of 4 OK created sql table model jin_schema.my_first_dbt_model ................ [SELECT 2 in 0.13s]
22:20:15  2 of 4 START sql table model jin_schema.my_fifth_dag_dbt_model ................. [RUN]
22:20:15  2 of 4 OK created sql table model jin_schema.my_fifth_dag_dbt_model ............ [SELECT 2 in 0.06s]
22:20:15  3 of 4 START sql table model jin_schema.my_second_dbt_model .................... [RUN]
22:20:15  3 of 4 OK created sql table model jin_schema.my_second_dbt_model ............... [SELECT 1 in 0.07s]
22:20:15  4 of 4 START sql table model jin_schema.my_third_dbt_model ..................... [RUN]
22:20:15  4 of 4 OK created sql table model jin_schema.my_third_dbt_model ................ [SELECT 2 in 0.06s]
22:20:15  
22:20:15  Finished running 4 table models in 0 hours 0 minutes and 0.49 seconds (0.49s).
22:20:16  
22:20:16  Completed successfully
22:20:16  
22:20:16  Done. PASS=4 WARN=0 ERROR=0 SKIP=0 TOTAL=4
[2025-01-11T22:20:16.776+0000] {python.py:240} INFO - Done. Returned value was: None
[2025-01-11T22:20:16.785+0000] {taskinstance.py:340} INFO - ::group::Post task execution logs
[2025-01-11T22:20:16.786+0000] {taskinstance.py:352} INFO - Marking task as SUCCESS. dag_id=my_second_dbt_dag, task_id=run_dbt_model, run_id=scheduled__2025-01-10T00:00:00+00:00, execution_date=20250110T000000, start_date=20250111T222012, end_date=20250111T222016
[2025-01-11T22:20:16.809+0000] {local_task_job_runner.py:266} INFO - Task exited with return code 0
[2025-01-11T22:20:16.822+0000] {taskinstance.py:3895} INFO - 0 downstream tasks scheduled from follow-on schedule check
[2025-01-11T22:20:16.825+0000] {local_task_job_runner.py:245} INFO - ::endgroup::
