[2025-01-15T20:47:14.372+0000] {processor.py:186} INFO - Started process (PID=7430) to work on /opt/airflow/dags/my_second_dbt_dag.py
[2025-01-15T20:47:14.393+0000] {processor.py:914} INFO - Processing file /opt/airflow/dags/my_second_dbt_dag.py for tasks to queue
[2025-01-15T20:47:15.175+0000] {logging_mixin.py:190} INFO - [2025-01-15T20:47:14.900+0000] {dagbag.py:588} INFO - Filling up the DagBag from /opt/airflow/dags/my_second_dbt_dag.py
[2025-01-15T20:47:19.867+0000] {processor.py:925} INFO - DAG(s) 'my_second_dbt_dag' retrieved from /opt/airflow/dags/my_second_dbt_dag.py
[2025-01-15T20:47:29.506+0000] {logging_mixin.py:190} INFO - [2025-01-15T20:47:29.392+0000] {dag.py:3239} INFO - Sync 1 DAGs
[2025-01-15T20:47:30.814+0000] {logging_mixin.py:190} INFO - [2025-01-15T20:47:30.813+0000] {dag.py:4180} INFO - Setting next_dagrun for my_second_dbt_dag to 2025-01-14 00:00:00+00:00, run_after=2025-01-15 00:00:00+00:00
[2025-01-15T20:47:31.517+0000] {processor.py:208} INFO - Processing /opt/airflow/dags/my_second_dbt_dag.py took 21.228 seconds
[2025-01-15T20:48:02.337+0000] {processor.py:186} INFO - Started process (PID=7469) to work on /opt/airflow/dags/my_second_dbt_dag.py
[2025-01-15T20:48:02.344+0000] {processor.py:914} INFO - Processing file /opt/airflow/dags/my_second_dbt_dag.py for tasks to queue
[2025-01-15T20:48:02.357+0000] {logging_mixin.py:190} INFO - [2025-01-15T20:48:02.352+0000] {dagbag.py:588} INFO - Filling up the DagBag from /opt/airflow/dags/my_second_dbt_dag.py
[2025-01-15T20:48:02.511+0000] {processor.py:925} INFO - DAG(s) 'my_second_dbt_dag' retrieved from /opt/airflow/dags/my_second_dbt_dag.py
[2025-01-15T20:48:02.653+0000] {logging_mixin.py:190} INFO - [2025-01-15T20:48:02.652+0000] {dag.py:3239} INFO - Sync 1 DAGs
[2025-01-15T20:48:02.753+0000] {logging_mixin.py:190} INFO - [2025-01-15T20:48:02.753+0000] {dag.py:4180} INFO - Setting next_dagrun for my_second_dbt_dag to 2025-01-15 00:00:00+00:00, run_after=2025-01-16 00:00:00+00:00
[2025-01-15T20:48:02.805+0000] {processor.py:208} INFO - Processing /opt/airflow/dags/my_second_dbt_dag.py took 0.535 seconds
[2025-01-15T20:48:33.377+0000] {processor.py:186} INFO - Started process (PID=7522) to work on /opt/airflow/dags/my_second_dbt_dag.py
[2025-01-15T20:48:33.380+0000] {processor.py:914} INFO - Processing file /opt/airflow/dags/my_second_dbt_dag.py for tasks to queue
[2025-01-15T20:48:33.383+0000] {logging_mixin.py:190} INFO - [2025-01-15T20:48:33.383+0000] {dagbag.py:588} INFO - Filling up the DagBag from /opt/airflow/dags/my_second_dbt_dag.py
[2025-01-15T20:48:33.418+0000] {processor.py:925} INFO - DAG(s) 'my_second_dbt_dag' retrieved from /opt/airflow/dags/my_second_dbt_dag.py
[2025-01-15T20:48:33.492+0000] {logging_mixin.py:190} INFO - [2025-01-15T20:48:33.491+0000] {dag.py:3239} INFO - Sync 1 DAGs
[2025-01-15T20:48:33.555+0000] {logging_mixin.py:190} INFO - [2025-01-15T20:48:33.554+0000] {dag.py:4180} INFO - Setting next_dagrun for my_second_dbt_dag to 2025-01-15 00:00:00+00:00, run_after=2025-01-16 00:00:00+00:00
[2025-01-15T20:48:33.581+0000] {processor.py:208} INFO - Processing /opt/airflow/dags/my_second_dbt_dag.py took 0.216 seconds
[2025-01-15T20:49:04.056+0000] {processor.py:186} INFO - Started process (PID=7537) to work on /opt/airflow/dags/my_second_dbt_dag.py
[2025-01-15T20:49:04.059+0000] {processor.py:914} INFO - Processing file /opt/airflow/dags/my_second_dbt_dag.py for tasks to queue
[2025-01-15T20:49:04.061+0000] {logging_mixin.py:190} INFO - [2025-01-15T20:49:04.061+0000] {dagbag.py:588} INFO - Filling up the DagBag from /opt/airflow/dags/my_second_dbt_dag.py
[2025-01-15T20:49:04.087+0000] {processor.py:925} INFO - DAG(s) 'my_second_dbt_dag' retrieved from /opt/airflow/dags/my_second_dbt_dag.py
[2025-01-15T20:49:04.154+0000] {logging_mixin.py:190} INFO - [2025-01-15T20:49:04.153+0000] {dag.py:3239} INFO - Sync 1 DAGs
[2025-01-15T20:49:04.207+0000] {logging_mixin.py:190} INFO - [2025-01-15T20:49:04.207+0000] {dag.py:4180} INFO - Setting next_dagrun for my_second_dbt_dag to 2025-01-15 00:00:00+00:00, run_after=2025-01-16 00:00:00+00:00
[2025-01-15T20:49:04.236+0000] {processor.py:208} INFO - Processing /opt/airflow/dags/my_second_dbt_dag.py took 0.197 seconds
[2025-01-15T20:49:34.608+0000] {processor.py:186} INFO - Started process (PID=7552) to work on /opt/airflow/dags/my_second_dbt_dag.py
[2025-01-15T20:49:34.610+0000] {processor.py:914} INFO - Processing file /opt/airflow/dags/my_second_dbt_dag.py for tasks to queue
[2025-01-15T20:49:34.611+0000] {logging_mixin.py:190} INFO - [2025-01-15T20:49:34.611+0000] {dagbag.py:588} INFO - Filling up the DagBag from /opt/airflow/dags/my_second_dbt_dag.py
[2025-01-15T20:49:34.629+0000] {processor.py:925} INFO - DAG(s) 'my_second_dbt_dag' retrieved from /opt/airflow/dags/my_second_dbt_dag.py
[2025-01-15T20:49:34.656+0000] {logging_mixin.py:190} INFO - [2025-01-15T20:49:34.656+0000] {dag.py:3239} INFO - Sync 1 DAGs
[2025-01-15T20:49:34.683+0000] {logging_mixin.py:190} INFO - [2025-01-15T20:49:34.682+0000] {dag.py:4180} INFO - Setting next_dagrun for my_second_dbt_dag to 2025-01-15 00:00:00+00:00, run_after=2025-01-16 00:00:00+00:00
[2025-01-15T20:49:34.703+0000] {processor.py:208} INFO - Processing /opt/airflow/dags/my_second_dbt_dag.py took 0.103 seconds
[2025-01-15T20:50:05.123+0000] {processor.py:186} INFO - Started process (PID=7567) to work on /opt/airflow/dags/my_second_dbt_dag.py
[2025-01-15T20:50:05.124+0000] {processor.py:914} INFO - Processing file /opt/airflow/dags/my_second_dbt_dag.py for tasks to queue
[2025-01-15T20:50:05.126+0000] {logging_mixin.py:190} INFO - [2025-01-15T20:50:05.125+0000] {dagbag.py:588} INFO - Filling up the DagBag from /opt/airflow/dags/my_second_dbt_dag.py
[2025-01-15T20:50:05.159+0000] {processor.py:925} INFO - DAG(s) 'my_second_dbt_dag' retrieved from /opt/airflow/dags/my_second_dbt_dag.py
[2025-01-15T20:50:05.191+0000] {logging_mixin.py:190} INFO - [2025-01-15T20:50:05.191+0000] {dag.py:3239} INFO - Sync 1 DAGs
[2025-01-15T20:50:05.221+0000] {logging_mixin.py:190} INFO - [2025-01-15T20:50:05.221+0000] {dag.py:4180} INFO - Setting next_dagrun for my_second_dbt_dag to 2025-01-15 00:00:00+00:00, run_after=2025-01-16 00:00:00+00:00
[2025-01-15T20:50:05.265+0000] {processor.py:208} INFO - Processing /opt/airflow/dags/my_second_dbt_dag.py took 0.156 seconds
[2025-01-15T20:50:35.498+0000] {processor.py:186} INFO - Started process (PID=7582) to work on /opt/airflow/dags/my_second_dbt_dag.py
[2025-01-15T20:50:35.499+0000] {processor.py:914} INFO - Processing file /opt/airflow/dags/my_second_dbt_dag.py for tasks to queue
[2025-01-15T20:50:35.503+0000] {logging_mixin.py:190} INFO - [2025-01-15T20:50:35.502+0000] {dagbag.py:588} INFO - Filling up the DagBag from /opt/airflow/dags/my_second_dbt_dag.py
[2025-01-15T20:50:35.538+0000] {processor.py:925} INFO - DAG(s) 'my_second_dbt_dag' retrieved from /opt/airflow/dags/my_second_dbt_dag.py
[2025-01-15T20:50:35.620+0000] {logging_mixin.py:190} INFO - [2025-01-15T20:50:35.619+0000] {dag.py:3239} INFO - Sync 1 DAGs
[2025-01-15T20:50:35.692+0000] {logging_mixin.py:190} INFO - [2025-01-15T20:50:35.692+0000] {dag.py:4180} INFO - Setting next_dagrun for my_second_dbt_dag to 2025-01-15 00:00:00+00:00, run_after=2025-01-16 00:00:00+00:00
[2025-01-15T20:50:35.763+0000] {processor.py:208} INFO - Processing /opt/airflow/dags/my_second_dbt_dag.py took 0.274 seconds
[2025-01-15T20:51:06.209+0000] {processor.py:186} INFO - Started process (PID=7597) to work on /opt/airflow/dags/my_second_dbt_dag.py
[2025-01-15T20:51:06.210+0000] {processor.py:914} INFO - Processing file /opt/airflow/dags/my_second_dbt_dag.py for tasks to queue
[2025-01-15T20:51:06.212+0000] {logging_mixin.py:190} INFO - [2025-01-15T20:51:06.212+0000] {dagbag.py:588} INFO - Filling up the DagBag from /opt/airflow/dags/my_second_dbt_dag.py
[2025-01-15T20:51:06.237+0000] {processor.py:925} INFO - DAG(s) 'my_second_dbt_dag' retrieved from /opt/airflow/dags/my_second_dbt_dag.py
[2025-01-15T20:51:06.263+0000] {logging_mixin.py:190} INFO - [2025-01-15T20:51:06.263+0000] {dag.py:3239} INFO - Sync 1 DAGs
[2025-01-15T20:51:06.291+0000] {logging_mixin.py:190} INFO - [2025-01-15T20:51:06.291+0000] {dag.py:4180} INFO - Setting next_dagrun for my_second_dbt_dag to 2025-01-15 00:00:00+00:00, run_after=2025-01-16 00:00:00+00:00
[2025-01-15T20:51:06.314+0000] {processor.py:208} INFO - Processing /opt/airflow/dags/my_second_dbt_dag.py took 0.115 seconds
[2025-01-15T20:51:36.718+0000] {processor.py:186} INFO - Started process (PID=7612) to work on /opt/airflow/dags/my_second_dbt_dag.py
[2025-01-15T20:51:36.720+0000] {processor.py:914} INFO - Processing file /opt/airflow/dags/my_second_dbt_dag.py for tasks to queue
[2025-01-15T20:51:36.722+0000] {logging_mixin.py:190} INFO - [2025-01-15T20:51:36.721+0000] {dagbag.py:588} INFO - Filling up the DagBag from /opt/airflow/dags/my_second_dbt_dag.py
[2025-01-15T20:51:36.759+0000] {processor.py:925} INFO - DAG(s) 'my_second_dbt_dag' retrieved from /opt/airflow/dags/my_second_dbt_dag.py
[2025-01-15T20:51:36.793+0000] {logging_mixin.py:190} INFO - [2025-01-15T20:51:36.793+0000] {dag.py:3239} INFO - Sync 1 DAGs
[2025-01-15T20:51:36.825+0000] {logging_mixin.py:190} INFO - [2025-01-15T20:51:36.824+0000] {dag.py:4180} INFO - Setting next_dagrun for my_second_dbt_dag to 2025-01-15 00:00:00+00:00, run_after=2025-01-16 00:00:00+00:00
[2025-01-15T20:51:36.854+0000] {processor.py:208} INFO - Processing /opt/airflow/dags/my_second_dbt_dag.py took 0.145 seconds
[2025-01-15T20:52:07.383+0000] {processor.py:186} INFO - Started process (PID=7627) to work on /opt/airflow/dags/my_second_dbt_dag.py
[2025-01-15T20:52:07.384+0000] {processor.py:914} INFO - Processing file /opt/airflow/dags/my_second_dbt_dag.py for tasks to queue
[2025-01-15T20:52:07.387+0000] {logging_mixin.py:190} INFO - [2025-01-15T20:52:07.386+0000] {dagbag.py:588} INFO - Filling up the DagBag from /opt/airflow/dags/my_second_dbt_dag.py
[2025-01-15T20:52:07.409+0000] {processor.py:925} INFO - DAG(s) 'my_second_dbt_dag' retrieved from /opt/airflow/dags/my_second_dbt_dag.py
[2025-01-15T20:52:07.437+0000] {logging_mixin.py:190} INFO - [2025-01-15T20:52:07.437+0000] {dag.py:3239} INFO - Sync 1 DAGs
[2025-01-15T20:52:07.461+0000] {logging_mixin.py:190} INFO - [2025-01-15T20:52:07.461+0000] {dag.py:4180} INFO - Setting next_dagrun for my_second_dbt_dag to 2025-01-15 00:00:00+00:00, run_after=2025-01-16 00:00:00+00:00
[2025-01-15T20:52:07.502+0000] {processor.py:208} INFO - Processing /opt/airflow/dags/my_second_dbt_dag.py took 0.129 seconds
[2025-01-15T20:52:37.982+0000] {processor.py:186} INFO - Started process (PID=7642) to work on /opt/airflow/dags/my_second_dbt_dag.py
[2025-01-15T20:52:37.984+0000] {processor.py:914} INFO - Processing file /opt/airflow/dags/my_second_dbt_dag.py for tasks to queue
[2025-01-15T20:52:37.985+0000] {logging_mixin.py:190} INFO - [2025-01-15T20:52:37.985+0000] {dagbag.py:588} INFO - Filling up the DagBag from /opt/airflow/dags/my_second_dbt_dag.py
[2025-01-15T20:52:38.017+0000] {processor.py:925} INFO - DAG(s) 'my_second_dbt_dag' retrieved from /opt/airflow/dags/my_second_dbt_dag.py
[2025-01-15T20:52:38.050+0000] {logging_mixin.py:190} INFO - [2025-01-15T20:52:38.049+0000] {dag.py:3239} INFO - Sync 1 DAGs
[2025-01-15T20:52:38.084+0000] {logging_mixin.py:190} INFO - [2025-01-15T20:52:38.084+0000] {dag.py:4180} INFO - Setting next_dagrun for my_second_dbt_dag to 2025-01-15 00:00:00+00:00, run_after=2025-01-16 00:00:00+00:00
[2025-01-15T20:52:38.160+0000] {processor.py:208} INFO - Processing /opt/airflow/dags/my_second_dbt_dag.py took 0.185 seconds
[2025-01-15T20:53:08.619+0000] {processor.py:186} INFO - Started process (PID=7665) to work on /opt/airflow/dags/my_second_dbt_dag.py
[2025-01-15T20:53:08.622+0000] {processor.py:914} INFO - Processing file /opt/airflow/dags/my_second_dbt_dag.py for tasks to queue
[2025-01-15T20:53:08.626+0000] {logging_mixin.py:190} INFO - [2025-01-15T20:53:08.625+0000] {dagbag.py:588} INFO - Filling up the DagBag from /opt/airflow/dags/my_second_dbt_dag.py
[2025-01-15T20:53:08.680+0000] {processor.py:925} INFO - DAG(s) 'my_second_dbt_dag' retrieved from /opt/airflow/dags/my_second_dbt_dag.py
[2025-01-15T20:53:08.752+0000] {logging_mixin.py:190} INFO - [2025-01-15T20:53:08.751+0000] {dag.py:3239} INFO - Sync 1 DAGs
[2025-01-15T20:53:08.824+0000] {logging_mixin.py:190} INFO - [2025-01-15T20:53:08.824+0000] {dag.py:4180} INFO - Setting next_dagrun for my_second_dbt_dag to 2025-01-15 00:00:00+00:00, run_after=2025-01-16 00:00:00+00:00
[2025-01-15T20:53:08.867+0000] {processor.py:208} INFO - Processing /opt/airflow/dags/my_second_dbt_dag.py took 0.281 seconds
[2025-01-15T20:53:39.272+0000] {processor.py:186} INFO - Started process (PID=7694) to work on /opt/airflow/dags/my_second_dbt_dag.py
[2025-01-15T20:53:39.273+0000] {processor.py:914} INFO - Processing file /opt/airflow/dags/my_second_dbt_dag.py for tasks to queue
[2025-01-15T20:53:39.274+0000] {logging_mixin.py:190} INFO - [2025-01-15T20:53:39.274+0000] {dagbag.py:588} INFO - Filling up the DagBag from /opt/airflow/dags/my_second_dbt_dag.py
[2025-01-15T20:53:39.303+0000] {processor.py:925} INFO - DAG(s) 'my_second_dbt_dag' retrieved from /opt/airflow/dags/my_second_dbt_dag.py
[2025-01-15T20:53:39.333+0000] {logging_mixin.py:190} INFO - [2025-01-15T20:53:39.333+0000] {dag.py:3239} INFO - Sync 1 DAGs
[2025-01-15T20:53:39.357+0000] {logging_mixin.py:190} INFO - [2025-01-15T20:53:39.357+0000] {dag.py:4180} INFO - Setting next_dagrun for my_second_dbt_dag to 2025-01-15 00:00:00+00:00, run_after=2025-01-16 00:00:00+00:00
[2025-01-15T20:53:39.382+0000] {processor.py:208} INFO - Processing /opt/airflow/dags/my_second_dbt_dag.py took 0.116 seconds
[2025-01-15T20:54:09.765+0000] {processor.py:186} INFO - Started process (PID=7709) to work on /opt/airflow/dags/my_second_dbt_dag.py
[2025-01-15T20:54:09.766+0000] {processor.py:914} INFO - Processing file /opt/airflow/dags/my_second_dbt_dag.py for tasks to queue
[2025-01-15T20:54:09.768+0000] {logging_mixin.py:190} INFO - [2025-01-15T20:54:09.767+0000] {dagbag.py:588} INFO - Filling up the DagBag from /opt/airflow/dags/my_second_dbt_dag.py
[2025-01-15T20:54:09.791+0000] {processor.py:925} INFO - DAG(s) 'my_second_dbt_dag' retrieved from /opt/airflow/dags/my_second_dbt_dag.py
[2025-01-15T20:54:09.816+0000] {logging_mixin.py:190} INFO - [2025-01-15T20:54:09.816+0000] {dag.py:3239} INFO - Sync 1 DAGs
[2025-01-15T20:54:09.837+0000] {logging_mixin.py:190} INFO - [2025-01-15T20:54:09.837+0000] {dag.py:4180} INFO - Setting next_dagrun for my_second_dbt_dag to 2025-01-15 00:00:00+00:00, run_after=2025-01-16 00:00:00+00:00
[2025-01-15T20:54:09.856+0000] {processor.py:208} INFO - Processing /opt/airflow/dags/my_second_dbt_dag.py took 0.097 seconds
[2025-01-15T20:54:40.230+0000] {processor.py:186} INFO - Started process (PID=7724) to work on /opt/airflow/dags/my_second_dbt_dag.py
[2025-01-15T20:54:40.231+0000] {processor.py:914} INFO - Processing file /opt/airflow/dags/my_second_dbt_dag.py for tasks to queue
[2025-01-15T20:54:40.233+0000] {logging_mixin.py:190} INFO - [2025-01-15T20:54:40.232+0000] {dagbag.py:588} INFO - Filling up the DagBag from /opt/airflow/dags/my_second_dbt_dag.py
[2025-01-15T20:54:40.255+0000] {processor.py:925} INFO - DAG(s) 'my_second_dbt_dag' retrieved from /opt/airflow/dags/my_second_dbt_dag.py
[2025-01-15T20:54:40.291+0000] {logging_mixin.py:190} INFO - [2025-01-15T20:54:40.287+0000] {dag.py:3239} INFO - Sync 1 DAGs
[2025-01-15T20:54:40.313+0000] {logging_mixin.py:190} INFO - [2025-01-15T20:54:40.313+0000] {dag.py:4180} INFO - Setting next_dagrun for my_second_dbt_dag to 2025-01-15 00:00:00+00:00, run_after=2025-01-16 00:00:00+00:00
[2025-01-15T20:54:40.338+0000] {processor.py:208} INFO - Processing /opt/airflow/dags/my_second_dbt_dag.py took 0.115 seconds
[2025-01-15T20:55:10.735+0000] {processor.py:186} INFO - Started process (PID=7739) to work on /opt/airflow/dags/my_second_dbt_dag.py
[2025-01-15T20:55:10.736+0000] {processor.py:914} INFO - Processing file /opt/airflow/dags/my_second_dbt_dag.py for tasks to queue
[2025-01-15T20:55:10.738+0000] {logging_mixin.py:190} INFO - [2025-01-15T20:55:10.738+0000] {dagbag.py:588} INFO - Filling up the DagBag from /opt/airflow/dags/my_second_dbt_dag.py
[2025-01-15T20:55:10.774+0000] {processor.py:925} INFO - DAG(s) 'my_second_dbt_dag' retrieved from /opt/airflow/dags/my_second_dbt_dag.py
[2025-01-15T20:55:10.828+0000] {logging_mixin.py:190} INFO - [2025-01-15T20:55:10.827+0000] {dag.py:3239} INFO - Sync 1 DAGs
[2025-01-15T20:55:10.871+0000] {logging_mixin.py:190} INFO - [2025-01-15T20:55:10.870+0000] {dag.py:4180} INFO - Setting next_dagrun for my_second_dbt_dag to 2025-01-15 00:00:00+00:00, run_after=2025-01-16 00:00:00+00:00
[2025-01-15T20:55:10.901+0000] {processor.py:208} INFO - Processing /opt/airflow/dags/my_second_dbt_dag.py took 0.175 seconds
[2025-01-15T20:55:41.159+0000] {processor.py:186} INFO - Started process (PID=7754) to work on /opt/airflow/dags/my_second_dbt_dag.py
[2025-01-15T20:55:41.161+0000] {processor.py:914} INFO - Processing file /opt/airflow/dags/my_second_dbt_dag.py for tasks to queue
[2025-01-15T20:55:41.162+0000] {logging_mixin.py:190} INFO - [2025-01-15T20:55:41.162+0000] {dagbag.py:588} INFO - Filling up the DagBag from /opt/airflow/dags/my_second_dbt_dag.py
[2025-01-15T20:55:41.186+0000] {processor.py:925} INFO - DAG(s) 'my_second_dbt_dag' retrieved from /opt/airflow/dags/my_second_dbt_dag.py
[2025-01-15T20:55:41.212+0000] {logging_mixin.py:190} INFO - [2025-01-15T20:55:41.212+0000] {dag.py:3239} INFO - Sync 1 DAGs
[2025-01-15T20:55:41.235+0000] {logging_mixin.py:190} INFO - [2025-01-15T20:55:41.235+0000] {dag.py:4180} INFO - Setting next_dagrun for my_second_dbt_dag to 2025-01-15 00:00:00+00:00, run_after=2025-01-16 00:00:00+00:00
[2025-01-15T20:55:41.260+0000] {processor.py:208} INFO - Processing /opt/airflow/dags/my_second_dbt_dag.py took 0.108 seconds
[2025-01-15T20:56:11.655+0000] {processor.py:186} INFO - Started process (PID=7769) to work on /opt/airflow/dags/my_second_dbt_dag.py
[2025-01-15T20:56:11.656+0000] {processor.py:914} INFO - Processing file /opt/airflow/dags/my_second_dbt_dag.py for tasks to queue
[2025-01-15T20:56:11.658+0000] {logging_mixin.py:190} INFO - [2025-01-15T20:56:11.658+0000] {dagbag.py:588} INFO - Filling up the DagBag from /opt/airflow/dags/my_second_dbt_dag.py
[2025-01-15T20:56:11.683+0000] {processor.py:925} INFO - DAG(s) 'my_second_dbt_dag' retrieved from /opt/airflow/dags/my_second_dbt_dag.py
[2025-01-15T20:56:11.710+0000] {logging_mixin.py:190} INFO - [2025-01-15T20:56:11.710+0000] {dag.py:3239} INFO - Sync 1 DAGs
[2025-01-15T20:56:11.739+0000] {logging_mixin.py:190} INFO - [2025-01-15T20:56:11.738+0000] {dag.py:4180} INFO - Setting next_dagrun for my_second_dbt_dag to 2025-01-15 00:00:00+00:00, run_after=2025-01-16 00:00:00+00:00
[2025-01-15T20:56:11.761+0000] {processor.py:208} INFO - Processing /opt/airflow/dags/my_second_dbt_dag.py took 0.113 seconds
[2025-01-15T20:56:42.151+0000] {processor.py:186} INFO - Started process (PID=7784) to work on /opt/airflow/dags/my_second_dbt_dag.py
[2025-01-15T20:56:42.153+0000] {processor.py:914} INFO - Processing file /opt/airflow/dags/my_second_dbt_dag.py for tasks to queue
[2025-01-15T20:56:42.154+0000] {logging_mixin.py:190} INFO - [2025-01-15T20:56:42.154+0000] {dagbag.py:588} INFO - Filling up the DagBag from /opt/airflow/dags/my_second_dbt_dag.py
[2025-01-15T20:56:42.182+0000] {processor.py:925} INFO - DAG(s) 'my_second_dbt_dag' retrieved from /opt/airflow/dags/my_second_dbt_dag.py
[2025-01-15T20:56:42.207+0000] {logging_mixin.py:190} INFO - [2025-01-15T20:56:42.207+0000] {dag.py:3239} INFO - Sync 1 DAGs
[2025-01-15T20:56:42.230+0000] {logging_mixin.py:190} INFO - [2025-01-15T20:56:42.230+0000] {dag.py:4180} INFO - Setting next_dagrun for my_second_dbt_dag to 2025-01-15 00:00:00+00:00, run_after=2025-01-16 00:00:00+00:00
[2025-01-15T20:56:42.248+0000] {processor.py:208} INFO - Processing /opt/airflow/dags/my_second_dbt_dag.py took 0.104 seconds
[2025-01-15T20:57:12.758+0000] {processor.py:186} INFO - Started process (PID=7799) to work on /opt/airflow/dags/my_second_dbt_dag.py
[2025-01-15T20:57:12.759+0000] {processor.py:914} INFO - Processing file /opt/airflow/dags/my_second_dbt_dag.py for tasks to queue
[2025-01-15T20:57:12.760+0000] {logging_mixin.py:190} INFO - [2025-01-15T20:57:12.760+0000] {dagbag.py:588} INFO - Filling up the DagBag from /opt/airflow/dags/my_second_dbt_dag.py
[2025-01-15T20:57:12.783+0000] {processor.py:925} INFO - DAG(s) 'my_second_dbt_dag' retrieved from /opt/airflow/dags/my_second_dbt_dag.py
[2025-01-15T20:57:12.810+0000] {logging_mixin.py:190} INFO - [2025-01-15T20:57:12.810+0000] {dag.py:3239} INFO - Sync 1 DAGs
[2025-01-15T20:57:12.840+0000] {logging_mixin.py:190} INFO - [2025-01-15T20:57:12.840+0000] {dag.py:4180} INFO - Setting next_dagrun for my_second_dbt_dag to 2025-01-15 00:00:00+00:00, run_after=2025-01-16 00:00:00+00:00
[2025-01-15T20:57:12.878+0000] {processor.py:208} INFO - Processing /opt/airflow/dags/my_second_dbt_dag.py took 0.129 seconds
[2025-01-15T20:57:43.560+0000] {processor.py:186} INFO - Started process (PID=7814) to work on /opt/airflow/dags/my_second_dbt_dag.py
[2025-01-15T20:57:43.561+0000] {processor.py:914} INFO - Processing file /opt/airflow/dags/my_second_dbt_dag.py for tasks to queue
[2025-01-15T20:57:43.563+0000] {logging_mixin.py:190} INFO - [2025-01-15T20:57:43.562+0000] {dagbag.py:588} INFO - Filling up the DagBag from /opt/airflow/dags/my_second_dbt_dag.py
[2025-01-15T20:57:43.585+0000] {processor.py:925} INFO - DAG(s) 'my_second_dbt_dag' retrieved from /opt/airflow/dags/my_second_dbt_dag.py
[2025-01-15T20:57:43.614+0000] {logging_mixin.py:190} INFO - [2025-01-15T20:57:43.613+0000] {dag.py:3239} INFO - Sync 1 DAGs
[2025-01-15T20:57:43.648+0000] {logging_mixin.py:190} INFO - [2025-01-15T20:57:43.648+0000] {dag.py:4180} INFO - Setting next_dagrun for my_second_dbt_dag to 2025-01-15 00:00:00+00:00, run_after=2025-01-16 00:00:00+00:00
[2025-01-15T20:57:43.672+0000] {processor.py:208} INFO - Processing /opt/airflow/dags/my_second_dbt_dag.py took 0.118 seconds
[2025-01-15T20:58:14.099+0000] {processor.py:186} INFO - Started process (PID=7829) to work on /opt/airflow/dags/my_second_dbt_dag.py
[2025-01-15T20:58:14.100+0000] {processor.py:914} INFO - Processing file /opt/airflow/dags/my_second_dbt_dag.py for tasks to queue
[2025-01-15T20:58:14.103+0000] {logging_mixin.py:190} INFO - [2025-01-15T20:58:14.102+0000] {dagbag.py:588} INFO - Filling up the DagBag from /opt/airflow/dags/my_second_dbt_dag.py
[2025-01-15T20:58:14.134+0000] {processor.py:925} INFO - DAG(s) 'my_second_dbt_dag' retrieved from /opt/airflow/dags/my_second_dbt_dag.py
[2025-01-15T20:58:14.162+0000] {logging_mixin.py:190} INFO - [2025-01-15T20:58:14.162+0000] {dag.py:3239} INFO - Sync 1 DAGs
[2025-01-15T20:58:14.196+0000] {logging_mixin.py:190} INFO - [2025-01-15T20:58:14.195+0000] {dag.py:4180} INFO - Setting next_dagrun for my_second_dbt_dag to 2025-01-15 00:00:00+00:00, run_after=2025-01-16 00:00:00+00:00
[2025-01-15T20:58:14.222+0000] {processor.py:208} INFO - Processing /opt/airflow/dags/my_second_dbt_dag.py took 0.130 seconds
[2025-01-15T20:58:44.663+0000] {processor.py:186} INFO - Started process (PID=7844) to work on /opt/airflow/dags/my_second_dbt_dag.py
[2025-01-15T20:58:44.666+0000] {processor.py:914} INFO - Processing file /opt/airflow/dags/my_second_dbt_dag.py for tasks to queue
[2025-01-15T20:58:44.668+0000] {logging_mixin.py:190} INFO - [2025-01-15T20:58:44.667+0000] {dagbag.py:588} INFO - Filling up the DagBag from /opt/airflow/dags/my_second_dbt_dag.py
[2025-01-15T20:58:44.702+0000] {processor.py:925} INFO - DAG(s) 'my_second_dbt_dag' retrieved from /opt/airflow/dags/my_second_dbt_dag.py
[2025-01-15T20:58:44.730+0000] {logging_mixin.py:190} INFO - [2025-01-15T20:58:44.730+0000] {dag.py:3239} INFO - Sync 1 DAGs
[2025-01-15T20:58:44.758+0000] {logging_mixin.py:190} INFO - [2025-01-15T20:58:44.757+0000] {dag.py:4180} INFO - Setting next_dagrun for my_second_dbt_dag to 2025-01-15 00:00:00+00:00, run_after=2025-01-16 00:00:00+00:00
[2025-01-15T20:58:44.786+0000] {processor.py:208} INFO - Processing /opt/airflow/dags/my_second_dbt_dag.py took 0.132 seconds
[2025-01-15T20:59:15.195+0000] {processor.py:186} INFO - Started process (PID=7859) to work on /opt/airflow/dags/my_second_dbt_dag.py
[2025-01-15T20:59:15.197+0000] {processor.py:914} INFO - Processing file /opt/airflow/dags/my_second_dbt_dag.py for tasks to queue
[2025-01-15T20:59:15.201+0000] {logging_mixin.py:190} INFO - [2025-01-15T20:59:15.200+0000] {dagbag.py:588} INFO - Filling up the DagBag from /opt/airflow/dags/my_second_dbt_dag.py
[2025-01-15T20:59:15.234+0000] {processor.py:925} INFO - DAG(s) 'my_second_dbt_dag' retrieved from /opt/airflow/dags/my_second_dbt_dag.py
[2025-01-15T20:59:15.267+0000] {logging_mixin.py:190} INFO - [2025-01-15T20:59:15.266+0000] {dag.py:3239} INFO - Sync 1 DAGs
[2025-01-15T20:59:15.293+0000] {logging_mixin.py:190} INFO - [2025-01-15T20:59:15.293+0000] {dag.py:4180} INFO - Setting next_dagrun for my_second_dbt_dag to 2025-01-15 00:00:00+00:00, run_after=2025-01-16 00:00:00+00:00
[2025-01-15T20:59:15.319+0000] {processor.py:208} INFO - Processing /opt/airflow/dags/my_second_dbt_dag.py took 0.131 seconds
[2025-01-15T20:59:45.736+0000] {processor.py:186} INFO - Started process (PID=7874) to work on /opt/airflow/dags/my_second_dbt_dag.py
[2025-01-15T20:59:45.738+0000] {processor.py:914} INFO - Processing file /opt/airflow/dags/my_second_dbt_dag.py for tasks to queue
[2025-01-15T20:59:45.739+0000] {logging_mixin.py:190} INFO - [2025-01-15T20:59:45.739+0000] {dagbag.py:588} INFO - Filling up the DagBag from /opt/airflow/dags/my_second_dbt_dag.py
[2025-01-15T20:59:45.771+0000] {processor.py:925} INFO - DAG(s) 'my_second_dbt_dag' retrieved from /opt/airflow/dags/my_second_dbt_dag.py
[2025-01-15T20:59:45.798+0000] {logging_mixin.py:190} INFO - [2025-01-15T20:59:45.797+0000] {dag.py:3239} INFO - Sync 1 DAGs
[2025-01-15T20:59:45.820+0000] {logging_mixin.py:190} INFO - [2025-01-15T20:59:45.820+0000] {dag.py:4180} INFO - Setting next_dagrun for my_second_dbt_dag to 2025-01-15 00:00:00+00:00, run_after=2025-01-16 00:00:00+00:00
[2025-01-15T20:59:45.844+0000] {processor.py:208} INFO - Processing /opt/airflow/dags/my_second_dbt_dag.py took 0.115 seconds
[2025-01-15T21:00:16.247+0000] {processor.py:186} INFO - Started process (PID=7889) to work on /opt/airflow/dags/my_second_dbt_dag.py
[2025-01-15T21:00:16.248+0000] {processor.py:914} INFO - Processing file /opt/airflow/dags/my_second_dbt_dag.py for tasks to queue
[2025-01-15T21:00:16.250+0000] {logging_mixin.py:190} INFO - [2025-01-15T21:00:16.249+0000] {dagbag.py:588} INFO - Filling up the DagBag from /opt/airflow/dags/my_second_dbt_dag.py
[2025-01-15T21:00:16.273+0000] {processor.py:925} INFO - DAG(s) 'my_second_dbt_dag' retrieved from /opt/airflow/dags/my_second_dbt_dag.py
[2025-01-15T21:00:16.299+0000] {logging_mixin.py:190} INFO - [2025-01-15T21:00:16.299+0000] {dag.py:3239} INFO - Sync 1 DAGs
[2025-01-15T21:00:16.322+0000] {logging_mixin.py:190} INFO - [2025-01-15T21:00:16.322+0000] {dag.py:4180} INFO - Setting next_dagrun for my_second_dbt_dag to 2025-01-15 00:00:00+00:00, run_after=2025-01-16 00:00:00+00:00
[2025-01-15T21:00:16.342+0000] {processor.py:208} INFO - Processing /opt/airflow/dags/my_second_dbt_dag.py took 0.100 seconds
[2025-01-15T21:00:46.781+0000] {processor.py:186} INFO - Started process (PID=7904) to work on /opt/airflow/dags/my_second_dbt_dag.py
[2025-01-15T21:00:46.783+0000] {processor.py:914} INFO - Processing file /opt/airflow/dags/my_second_dbt_dag.py for tasks to queue
[2025-01-15T21:00:46.787+0000] {logging_mixin.py:190} INFO - [2025-01-15T21:00:46.786+0000] {dagbag.py:588} INFO - Filling up the DagBag from /opt/airflow/dags/my_second_dbt_dag.py
[2025-01-15T21:00:46.833+0000] {processor.py:925} INFO - DAG(s) 'my_second_dbt_dag' retrieved from /opt/airflow/dags/my_second_dbt_dag.py
[2025-01-15T21:00:46.892+0000] {logging_mixin.py:190} INFO - [2025-01-15T21:00:46.891+0000] {dag.py:3239} INFO - Sync 1 DAGs
[2025-01-15T21:00:46.934+0000] {logging_mixin.py:190} INFO - [2025-01-15T21:00:46.933+0000] {dag.py:4180} INFO - Setting next_dagrun for my_second_dbt_dag to 2025-01-15 00:00:00+00:00, run_after=2025-01-16 00:00:00+00:00
[2025-01-15T21:00:46.962+0000] {processor.py:208} INFO - Processing /opt/airflow/dags/my_second_dbt_dag.py took 0.199 seconds
[2025-01-15T21:01:17.192+0000] {processor.py:186} INFO - Started process (PID=7919) to work on /opt/airflow/dags/my_second_dbt_dag.py
[2025-01-15T21:01:17.195+0000] {processor.py:914} INFO - Processing file /opt/airflow/dags/my_second_dbt_dag.py for tasks to queue
[2025-01-15T21:01:17.197+0000] {logging_mixin.py:190} INFO - [2025-01-15T21:01:17.197+0000] {dagbag.py:588} INFO - Filling up the DagBag from /opt/airflow/dags/my_second_dbt_dag.py
[2025-01-15T21:01:17.232+0000] {processor.py:925} INFO - DAG(s) 'my_second_dbt_dag' retrieved from /opt/airflow/dags/my_second_dbt_dag.py
[2025-01-15T21:01:17.266+0000] {logging_mixin.py:190} INFO - [2025-01-15T21:01:17.266+0000] {dag.py:3239} INFO - Sync 1 DAGs
[2025-01-15T21:01:17.297+0000] {logging_mixin.py:190} INFO - [2025-01-15T21:01:17.297+0000] {dag.py:4180} INFO - Setting next_dagrun for my_second_dbt_dag to 2025-01-15 00:00:00+00:00, run_after=2025-01-16 00:00:00+00:00
[2025-01-15T21:01:17.328+0000] {processor.py:208} INFO - Processing /opt/airflow/dags/my_second_dbt_dag.py took 0.148 seconds
[2025-01-15T21:01:47.801+0000] {processor.py:186} INFO - Started process (PID=7934) to work on /opt/airflow/dags/my_second_dbt_dag.py
[2025-01-15T21:01:47.802+0000] {processor.py:914} INFO - Processing file /opt/airflow/dags/my_second_dbt_dag.py for tasks to queue
[2025-01-15T21:01:47.805+0000] {logging_mixin.py:190} INFO - [2025-01-15T21:01:47.804+0000] {dagbag.py:588} INFO - Filling up the DagBag from /opt/airflow/dags/my_second_dbt_dag.py
[2025-01-15T21:01:47.845+0000] {processor.py:925} INFO - DAG(s) 'my_second_dbt_dag' retrieved from /opt/airflow/dags/my_second_dbt_dag.py
[2025-01-15T21:01:47.896+0000] {logging_mixin.py:190} INFO - [2025-01-15T21:01:47.896+0000] {dag.py:3239} INFO - Sync 1 DAGs
[2025-01-15T21:01:47.948+0000] {logging_mixin.py:190} INFO - [2025-01-15T21:01:47.948+0000] {dag.py:4180} INFO - Setting next_dagrun for my_second_dbt_dag to 2025-01-15 00:00:00+00:00, run_after=2025-01-16 00:00:00+00:00
[2025-01-15T21:01:47.978+0000] {processor.py:208} INFO - Processing /opt/airflow/dags/my_second_dbt_dag.py took 0.187 seconds
[2025-01-15T21:02:18.563+0000] {processor.py:186} INFO - Started process (PID=7949) to work on /opt/airflow/dags/my_second_dbt_dag.py
[2025-01-15T21:02:18.564+0000] {processor.py:914} INFO - Processing file /opt/airflow/dags/my_second_dbt_dag.py for tasks to queue
[2025-01-15T21:02:18.567+0000] {logging_mixin.py:190} INFO - [2025-01-15T21:02:18.566+0000] {dagbag.py:588} INFO - Filling up the DagBag from /opt/airflow/dags/my_second_dbt_dag.py
[2025-01-15T21:02:18.609+0000] {processor.py:925} INFO - DAG(s) 'my_second_dbt_dag' retrieved from /opt/airflow/dags/my_second_dbt_dag.py
[2025-01-15T21:02:18.654+0000] {logging_mixin.py:190} INFO - [2025-01-15T21:02:18.653+0000] {dag.py:3239} INFO - Sync 1 DAGs
[2025-01-15T21:02:18.695+0000] {logging_mixin.py:190} INFO - [2025-01-15T21:02:18.695+0000] {dag.py:4180} INFO - Setting next_dagrun for my_second_dbt_dag to 2025-01-15 00:00:00+00:00, run_after=2025-01-16 00:00:00+00:00
[2025-01-15T21:02:18.721+0000] {processor.py:208} INFO - Processing /opt/airflow/dags/my_second_dbt_dag.py took 0.171 seconds
[2025-01-15T21:02:48.962+0000] {processor.py:186} INFO - Started process (PID=7964) to work on /opt/airflow/dags/my_second_dbt_dag.py
[2025-01-15T21:02:48.963+0000] {processor.py:914} INFO - Processing file /opt/airflow/dags/my_second_dbt_dag.py for tasks to queue
[2025-01-15T21:02:48.965+0000] {logging_mixin.py:190} INFO - [2025-01-15T21:02:48.965+0000] {dagbag.py:588} INFO - Filling up the DagBag from /opt/airflow/dags/my_second_dbt_dag.py
[2025-01-15T21:02:48.997+0000] {processor.py:925} INFO - DAG(s) 'my_second_dbt_dag' retrieved from /opt/airflow/dags/my_second_dbt_dag.py
[2025-01-15T21:02:49.033+0000] {logging_mixin.py:190} INFO - [2025-01-15T21:02:49.033+0000] {dag.py:3239} INFO - Sync 1 DAGs
[2025-01-15T21:02:49.062+0000] {logging_mixin.py:190} INFO - [2025-01-15T21:02:49.062+0000] {dag.py:4180} INFO - Setting next_dagrun for my_second_dbt_dag to 2025-01-15 00:00:00+00:00, run_after=2025-01-16 00:00:00+00:00
[2025-01-15T21:02:49.085+0000] {processor.py:208} INFO - Processing /opt/airflow/dags/my_second_dbt_dag.py took 0.132 seconds
[2025-01-15T21:03:19.480+0000] {processor.py:186} INFO - Started process (PID=7979) to work on /opt/airflow/dags/my_second_dbt_dag.py
[2025-01-15T21:03:19.481+0000] {processor.py:914} INFO - Processing file /opt/airflow/dags/my_second_dbt_dag.py for tasks to queue
[2025-01-15T21:03:19.483+0000] {logging_mixin.py:190} INFO - [2025-01-15T21:03:19.483+0000] {dagbag.py:588} INFO - Filling up the DagBag from /opt/airflow/dags/my_second_dbt_dag.py
[2025-01-15T21:03:19.517+0000] {processor.py:925} INFO - DAG(s) 'my_second_dbt_dag' retrieved from /opt/airflow/dags/my_second_dbt_dag.py
[2025-01-15T21:03:19.549+0000] {logging_mixin.py:190} INFO - [2025-01-15T21:03:19.549+0000] {dag.py:3239} INFO - Sync 1 DAGs
[2025-01-15T21:03:19.583+0000] {logging_mixin.py:190} INFO - [2025-01-15T21:03:19.583+0000] {dag.py:4180} INFO - Setting next_dagrun for my_second_dbt_dag to 2025-01-15 00:00:00+00:00, run_after=2025-01-16 00:00:00+00:00
[2025-01-15T21:03:19.615+0000] {processor.py:208} INFO - Processing /opt/airflow/dags/my_second_dbt_dag.py took 0.144 seconds
[2025-01-15T21:03:50.012+0000] {processor.py:186} INFO - Started process (PID=7994) to work on /opt/airflow/dags/my_second_dbt_dag.py
[2025-01-15T21:03:50.014+0000] {processor.py:914} INFO - Processing file /opt/airflow/dags/my_second_dbt_dag.py for tasks to queue
[2025-01-15T21:03:50.015+0000] {logging_mixin.py:190} INFO - [2025-01-15T21:03:50.015+0000] {dagbag.py:588} INFO - Filling up the DagBag from /opt/airflow/dags/my_second_dbt_dag.py
[2025-01-15T21:03:50.042+0000] {processor.py:925} INFO - DAG(s) 'my_second_dbt_dag' retrieved from /opt/airflow/dags/my_second_dbt_dag.py
[2025-01-15T21:03:50.073+0000] {logging_mixin.py:190} INFO - [2025-01-15T21:03:50.072+0000] {dag.py:3239} INFO - Sync 1 DAGs
[2025-01-15T21:03:50.106+0000] {logging_mixin.py:190} INFO - [2025-01-15T21:03:50.106+0000] {dag.py:4180} INFO - Setting next_dagrun for my_second_dbt_dag to 2025-01-15 00:00:00+00:00, run_after=2025-01-16 00:00:00+00:00
[2025-01-15T21:03:50.130+0000] {processor.py:208} INFO - Processing /opt/airflow/dags/my_second_dbt_dag.py took 0.124 seconds
[2025-01-15T21:04:20.507+0000] {processor.py:186} INFO - Started process (PID=8009) to work on /opt/airflow/dags/my_second_dbt_dag.py
[2025-01-15T21:04:20.508+0000] {processor.py:914} INFO - Processing file /opt/airflow/dags/my_second_dbt_dag.py for tasks to queue
[2025-01-15T21:04:20.510+0000] {logging_mixin.py:190} INFO - [2025-01-15T21:04:20.510+0000] {dagbag.py:588} INFO - Filling up the DagBag from /opt/airflow/dags/my_second_dbt_dag.py
[2025-01-15T21:04:20.532+0000] {processor.py:925} INFO - DAG(s) 'my_second_dbt_dag' retrieved from /opt/airflow/dags/my_second_dbt_dag.py
[2025-01-15T21:04:20.567+0000] {logging_mixin.py:190} INFO - [2025-01-15T21:04:20.567+0000] {dag.py:3239} INFO - Sync 1 DAGs
[2025-01-15T21:04:20.593+0000] {logging_mixin.py:190} INFO - [2025-01-15T21:04:20.592+0000] {dag.py:4180} INFO - Setting next_dagrun for my_second_dbt_dag to 2025-01-15 00:00:00+00:00, run_after=2025-01-16 00:00:00+00:00
[2025-01-15T21:04:20.617+0000] {processor.py:208} INFO - Processing /opt/airflow/dags/my_second_dbt_dag.py took 0.119 seconds
[2025-01-15T21:04:51.049+0000] {processor.py:186} INFO - Started process (PID=8024) to work on /opt/airflow/dags/my_second_dbt_dag.py
[2025-01-15T21:04:51.050+0000] {processor.py:914} INFO - Processing file /opt/airflow/dags/my_second_dbt_dag.py for tasks to queue
[2025-01-15T21:04:51.052+0000] {logging_mixin.py:190} INFO - [2025-01-15T21:04:51.052+0000] {dagbag.py:588} INFO - Filling up the DagBag from /opt/airflow/dags/my_second_dbt_dag.py
[2025-01-15T21:04:51.084+0000] {processor.py:925} INFO - DAG(s) 'my_second_dbt_dag' retrieved from /opt/airflow/dags/my_second_dbt_dag.py
[2025-01-15T21:04:51.114+0000] {logging_mixin.py:190} INFO - [2025-01-15T21:04:51.114+0000] {dag.py:3239} INFO - Sync 1 DAGs
[2025-01-15T21:04:51.143+0000] {logging_mixin.py:190} INFO - [2025-01-15T21:04:51.142+0000] {dag.py:4180} INFO - Setting next_dagrun for my_second_dbt_dag to 2025-01-15 00:00:00+00:00, run_after=2025-01-16 00:00:00+00:00
[2025-01-15T21:04:51.164+0000] {processor.py:208} INFO - Processing /opt/airflow/dags/my_second_dbt_dag.py took 0.124 seconds
[2025-01-15T21:05:21.618+0000] {processor.py:186} INFO - Started process (PID=8039) to work on /opt/airflow/dags/my_second_dbt_dag.py
[2025-01-15T21:05:21.619+0000] {processor.py:914} INFO - Processing file /opt/airflow/dags/my_second_dbt_dag.py for tasks to queue
[2025-01-15T21:05:21.621+0000] {logging_mixin.py:190} INFO - [2025-01-15T21:05:21.620+0000] {dagbag.py:588} INFO - Filling up the DagBag from /opt/airflow/dags/my_second_dbt_dag.py
[2025-01-15T21:05:21.644+0000] {processor.py:925} INFO - DAG(s) 'my_second_dbt_dag' retrieved from /opt/airflow/dags/my_second_dbt_dag.py
[2025-01-15T21:05:21.667+0000] {logging_mixin.py:190} INFO - [2025-01-15T21:05:21.667+0000] {dag.py:3239} INFO - Sync 1 DAGs
[2025-01-15T21:05:21.686+0000] {logging_mixin.py:190} INFO - [2025-01-15T21:05:21.686+0000] {dag.py:4180} INFO - Setting next_dagrun for my_second_dbt_dag to 2025-01-15 00:00:00+00:00, run_after=2025-01-16 00:00:00+00:00
[2025-01-15T21:05:21.701+0000] {processor.py:208} INFO - Processing /opt/airflow/dags/my_second_dbt_dag.py took 0.094 seconds
[2025-01-15T21:05:52.102+0000] {processor.py:186} INFO - Started process (PID=8054) to work on /opt/airflow/dags/my_second_dbt_dag.py
[2025-01-15T21:05:52.103+0000] {processor.py:914} INFO - Processing file /opt/airflow/dags/my_second_dbt_dag.py for tasks to queue
[2025-01-15T21:05:52.105+0000] {logging_mixin.py:190} INFO - [2025-01-15T21:05:52.104+0000] {dagbag.py:588} INFO - Filling up the DagBag from /opt/airflow/dags/my_second_dbt_dag.py
[2025-01-15T21:05:52.135+0000] {processor.py:925} INFO - DAG(s) 'my_second_dbt_dag' retrieved from /opt/airflow/dags/my_second_dbt_dag.py
[2025-01-15T21:05:52.163+0000] {logging_mixin.py:190} INFO - [2025-01-15T21:05:52.163+0000] {dag.py:3239} INFO - Sync 1 DAGs
[2025-01-15T21:05:52.197+0000] {logging_mixin.py:190} INFO - [2025-01-15T21:05:52.196+0000] {dag.py:4180} INFO - Setting next_dagrun for my_second_dbt_dag to 2025-01-15 00:00:00+00:00, run_after=2025-01-16 00:00:00+00:00
[2025-01-15T21:05:52.224+0000] {processor.py:208} INFO - Processing /opt/airflow/dags/my_second_dbt_dag.py took 0.129 seconds
[2025-01-15T21:06:22.662+0000] {processor.py:186} INFO - Started process (PID=8069) to work on /opt/airflow/dags/my_second_dbt_dag.py
[2025-01-15T21:06:22.663+0000] {processor.py:914} INFO - Processing file /opt/airflow/dags/my_second_dbt_dag.py for tasks to queue
[2025-01-15T21:06:22.665+0000] {logging_mixin.py:190} INFO - [2025-01-15T21:06:22.664+0000] {dagbag.py:588} INFO - Filling up the DagBag from /opt/airflow/dags/my_second_dbt_dag.py
[2025-01-15T21:06:22.687+0000] {processor.py:925} INFO - DAG(s) 'my_second_dbt_dag' retrieved from /opt/airflow/dags/my_second_dbt_dag.py
[2025-01-15T21:06:22.716+0000] {logging_mixin.py:190} INFO - [2025-01-15T21:06:22.715+0000] {dag.py:3239} INFO - Sync 1 DAGs
[2025-01-15T21:06:22.746+0000] {logging_mixin.py:190} INFO - [2025-01-15T21:06:22.745+0000] {dag.py:4180} INFO - Setting next_dagrun for my_second_dbt_dag to 2025-01-15 00:00:00+00:00, run_after=2025-01-16 00:00:00+00:00
[2025-01-15T21:06:22.766+0000] {processor.py:208} INFO - Processing /opt/airflow/dags/my_second_dbt_dag.py took 0.111 seconds
[2025-01-15T21:06:53.192+0000] {processor.py:186} INFO - Started process (PID=8084) to work on /opt/airflow/dags/my_second_dbt_dag.py
[2025-01-15T21:06:53.193+0000] {processor.py:914} INFO - Processing file /opt/airflow/dags/my_second_dbt_dag.py for tasks to queue
[2025-01-15T21:06:53.195+0000] {logging_mixin.py:190} INFO - [2025-01-15T21:06:53.195+0000] {dagbag.py:588} INFO - Filling up the DagBag from /opt/airflow/dags/my_second_dbt_dag.py
[2025-01-15T21:06:53.216+0000] {processor.py:925} INFO - DAG(s) 'my_second_dbt_dag' retrieved from /opt/airflow/dags/my_second_dbt_dag.py
[2025-01-15T21:06:53.239+0000] {logging_mixin.py:190} INFO - [2025-01-15T21:06:53.239+0000] {dag.py:3239} INFO - Sync 1 DAGs
[2025-01-15T21:06:53.261+0000] {logging_mixin.py:190} INFO - [2025-01-15T21:06:53.261+0000] {dag.py:4180} INFO - Setting next_dagrun for my_second_dbt_dag to 2025-01-15 00:00:00+00:00, run_after=2025-01-16 00:00:00+00:00
[2025-01-15T21:06:53.282+0000] {processor.py:208} INFO - Processing /opt/airflow/dags/my_second_dbt_dag.py took 0.095 seconds
[2025-01-15T23:09:55.182+0000] {processor.py:186} INFO - Started process (PID=8099) to work on /opt/airflow/dags/my_second_dbt_dag.py
[2025-01-15T23:09:55.185+0000] {processor.py:914} INFO - Processing file /opt/airflow/dags/my_second_dbt_dag.py for tasks to queue
[2025-01-15T23:09:55.197+0000] {logging_mixin.py:190} INFO - [2025-01-15T23:09:55.196+0000] {dagbag.py:588} INFO - Filling up the DagBag from /opt/airflow/dags/my_second_dbt_dag.py
[2025-01-15T23:09:55.301+0000] {processor.py:925} INFO - DAG(s) 'my_second_dbt_dag' retrieved from /opt/airflow/dags/my_second_dbt_dag.py
[2025-01-15T23:09:55.433+0000] {logging_mixin.py:190} INFO - [2025-01-15T23:09:55.433+0000] {dag.py:3239} INFO - Sync 1 DAGs
[2025-01-15T23:09:55.624+0000] {logging_mixin.py:190} INFO - [2025-01-15T23:09:55.623+0000] {dag.py:4180} INFO - Setting next_dagrun for my_second_dbt_dag to 2025-01-15 00:00:00+00:00, run_after=2025-01-16 00:00:00+00:00
[2025-01-15T23:09:55.732+0000] {processor.py:208} INFO - Processing /opt/airflow/dags/my_second_dbt_dag.py took 0.585 seconds
