[2025-01-15T20:47:33.139+0000] {processor.py:186} INFO - Started process (PID=7437) to work on /opt/airflow/dags/placeholder_dag.py
[2025-01-15T20:47:33.192+0000] {processor.py:914} INFO - Processing file /opt/airflow/dags/placeholder_dag.py for tasks to queue
[2025-01-15T20:47:33.270+0000] {logging_mixin.py:190} INFO - [2025-01-15T20:47:33.228+0000] {dagbag.py:588} INFO - Filling up the DagBag from /opt/airflow/dags/placeholder_dag.py
[2025-01-15T20:47:35.044+0000] {processor.py:925} INFO - DAG(s) 'placeholder_dag' retrieved from /opt/airflow/dags/placeholder_dag.py
[2025-01-15T20:47:36.853+0000] {logging_mixin.py:190} INFO - [2025-01-15T20:47:36.853+0000] {dag.py:3239} INFO - Sync 1 DAGs
[2025-01-15T20:47:37.416+0000] {logging_mixin.py:190} INFO - [2025-01-15T20:47:37.414+0000] {dag.py:4180} INFO - Setting next_dagrun for placeholder_dag to 2025-01-14 00:00:00+00:00, run_after=2025-01-15 00:00:00+00:00
[2025-01-15T20:47:37.558+0000] {processor.py:208} INFO - Processing /opt/airflow/dags/placeholder_dag.py took 4.754 seconds
[2025-01-15T20:48:08.098+0000] {processor.py:186} INFO - Started process (PID=7514) to work on /opt/airflow/dags/placeholder_dag.py
[2025-01-15T20:48:08.105+0000] {processor.py:914} INFO - Processing file /opt/airflow/dags/placeholder_dag.py for tasks to queue
[2025-01-15T20:48:08.112+0000] {logging_mixin.py:190} INFO - [2025-01-15T20:48:08.109+0000] {dagbag.py:588} INFO - Filling up the DagBag from /opt/airflow/dags/placeholder_dag.py
[2025-01-15T20:48:08.548+0000] {processor.py:925} INFO - DAG(s) 'placeholder_dag' retrieved from /opt/airflow/dags/placeholder_dag.py
[2025-01-15T20:48:08.800+0000] {logging_mixin.py:190} INFO - [2025-01-15T20:48:08.799+0000] {dag.py:3239} INFO - Sync 1 DAGs
[2025-01-15T20:48:09.010+0000] {logging_mixin.py:190} INFO - [2025-01-15T20:48:09.009+0000] {dag.py:4180} INFO - Setting next_dagrun for placeholder_dag to 2025-01-14 00:00:00+00:00, run_after=2025-01-15 00:00:00+00:00
[2025-01-15T20:48:09.064+0000] {processor.py:208} INFO - Processing /opt/airflow/dags/placeholder_dag.py took 1.055 seconds
[2025-01-15T20:48:39.761+0000] {processor.py:186} INFO - Started process (PID=7529) to work on /opt/airflow/dags/placeholder_dag.py
[2025-01-15T20:48:39.763+0000] {processor.py:914} INFO - Processing file /opt/airflow/dags/placeholder_dag.py for tasks to queue
[2025-01-15T20:48:39.765+0000] {logging_mixin.py:190} INFO - [2025-01-15T20:48:39.764+0000] {dagbag.py:588} INFO - Filling up the DagBag from /opt/airflow/dags/placeholder_dag.py
[2025-01-15T20:48:39.796+0000] {processor.py:925} INFO - DAG(s) 'placeholder_dag' retrieved from /opt/airflow/dags/placeholder_dag.py
[2025-01-15T20:48:39.820+0000] {logging_mixin.py:190} INFO - [2025-01-15T20:48:39.819+0000] {dag.py:3239} INFO - Sync 1 DAGs
[2025-01-15T20:48:39.842+0000] {logging_mixin.py:190} INFO - [2025-01-15T20:48:39.842+0000] {dag.py:4180} INFO - Setting next_dagrun for placeholder_dag to 2025-01-14 00:00:00+00:00, run_after=2025-01-15 00:00:00+00:00
[2025-01-15T20:48:39.863+0000] {processor.py:208} INFO - Processing /opt/airflow/dags/placeholder_dag.py took 0.110 seconds
[2025-01-15T20:49:10.214+0000] {processor.py:186} INFO - Started process (PID=7544) to work on /opt/airflow/dags/placeholder_dag.py
[2025-01-15T20:49:10.216+0000] {processor.py:914} INFO - Processing file /opt/airflow/dags/placeholder_dag.py for tasks to queue
[2025-01-15T20:49:10.219+0000] {logging_mixin.py:190} INFO - [2025-01-15T20:49:10.218+0000] {dagbag.py:588} INFO - Filling up the DagBag from /opt/airflow/dags/placeholder_dag.py
[2025-01-15T20:49:10.254+0000] {processor.py:925} INFO - DAG(s) 'placeholder_dag' retrieved from /opt/airflow/dags/placeholder_dag.py
[2025-01-15T20:49:10.303+0000] {logging_mixin.py:190} INFO - [2025-01-15T20:49:10.302+0000] {dag.py:3239} INFO - Sync 1 DAGs
[2025-01-15T20:49:10.352+0000] {logging_mixin.py:190} INFO - [2025-01-15T20:49:10.352+0000] {dag.py:4180} INFO - Setting next_dagrun for placeholder_dag to 2025-01-14 00:00:00+00:00, run_after=2025-01-15 00:00:00+00:00
[2025-01-15T20:49:10.387+0000] {processor.py:208} INFO - Processing /opt/airflow/dags/placeholder_dag.py took 0.184 seconds
[2025-01-15T20:49:40.755+0000] {processor.py:186} INFO - Started process (PID=7559) to work on /opt/airflow/dags/placeholder_dag.py
[2025-01-15T20:49:40.756+0000] {processor.py:914} INFO - Processing file /opt/airflow/dags/placeholder_dag.py for tasks to queue
[2025-01-15T20:49:40.758+0000] {logging_mixin.py:190} INFO - [2025-01-15T20:49:40.758+0000] {dagbag.py:588} INFO - Filling up the DagBag from /opt/airflow/dags/placeholder_dag.py
[2025-01-15T20:49:40.783+0000] {processor.py:925} INFO - DAG(s) 'placeholder_dag' retrieved from /opt/airflow/dags/placeholder_dag.py
[2025-01-15T20:49:40.809+0000] {logging_mixin.py:190} INFO - [2025-01-15T20:49:40.809+0000] {dag.py:3239} INFO - Sync 1 DAGs
[2025-01-15T20:49:40.832+0000] {logging_mixin.py:190} INFO - [2025-01-15T20:49:40.832+0000] {dag.py:4180} INFO - Setting next_dagrun for placeholder_dag to 2025-01-14 00:00:00+00:00, run_after=2025-01-15 00:00:00+00:00
[2025-01-15T20:49:40.854+0000] {processor.py:208} INFO - Processing /opt/airflow/dags/placeholder_dag.py took 0.106 seconds
[2025-01-15T20:50:11.226+0000] {processor.py:186} INFO - Started process (PID=7574) to work on /opt/airflow/dags/placeholder_dag.py
[2025-01-15T20:50:11.227+0000] {processor.py:914} INFO - Processing file /opt/airflow/dags/placeholder_dag.py for tasks to queue
[2025-01-15T20:50:11.229+0000] {logging_mixin.py:190} INFO - [2025-01-15T20:50:11.229+0000] {dagbag.py:588} INFO - Filling up the DagBag from /opt/airflow/dags/placeholder_dag.py
[2025-01-15T20:50:11.266+0000] {processor.py:925} INFO - DAG(s) 'placeholder_dag' retrieved from /opt/airflow/dags/placeholder_dag.py
[2025-01-15T20:50:11.291+0000] {logging_mixin.py:190} INFO - [2025-01-15T20:50:11.291+0000] {dag.py:3239} INFO - Sync 1 DAGs
[2025-01-15T20:50:11.317+0000] {logging_mixin.py:190} INFO - [2025-01-15T20:50:11.317+0000] {dag.py:4180} INFO - Setting next_dagrun for placeholder_dag to 2025-01-14 00:00:00+00:00, run_after=2025-01-15 00:00:00+00:00
[2025-01-15T20:50:11.344+0000] {processor.py:208} INFO - Processing /opt/airflow/dags/placeholder_dag.py took 0.128 seconds
[2025-01-15T20:50:41.905+0000] {processor.py:186} INFO - Started process (PID=7589) to work on /opt/airflow/dags/placeholder_dag.py
[2025-01-15T20:50:41.907+0000] {processor.py:914} INFO - Processing file /opt/airflow/dags/placeholder_dag.py for tasks to queue
[2025-01-15T20:50:41.909+0000] {logging_mixin.py:190} INFO - [2025-01-15T20:50:41.908+0000] {dagbag.py:588} INFO - Filling up the DagBag from /opt/airflow/dags/placeholder_dag.py
[2025-01-15T20:50:41.944+0000] {processor.py:925} INFO - DAG(s) 'placeholder_dag' retrieved from /opt/airflow/dags/placeholder_dag.py
[2025-01-15T20:50:41.977+0000] {logging_mixin.py:190} INFO - [2025-01-15T20:50:41.977+0000] {dag.py:3239} INFO - Sync 1 DAGs
[2025-01-15T20:50:42.010+0000] {logging_mixin.py:190} INFO - [2025-01-15T20:50:42.009+0000] {dag.py:4180} INFO - Setting next_dagrun for placeholder_dag to 2025-01-14 00:00:00+00:00, run_after=2025-01-15 00:00:00+00:00
[2025-01-15T20:50:42.034+0000] {processor.py:208} INFO - Processing /opt/airflow/dags/placeholder_dag.py took 0.137 seconds
[2025-01-15T20:51:12.398+0000] {processor.py:186} INFO - Started process (PID=7604) to work on /opt/airflow/dags/placeholder_dag.py
[2025-01-15T20:51:12.400+0000] {processor.py:914} INFO - Processing file /opt/airflow/dags/placeholder_dag.py for tasks to queue
[2025-01-15T20:51:12.402+0000] {logging_mixin.py:190} INFO - [2025-01-15T20:51:12.401+0000] {dagbag.py:588} INFO - Filling up the DagBag from /opt/airflow/dags/placeholder_dag.py
[2025-01-15T20:51:12.435+0000] {processor.py:925} INFO - DAG(s) 'placeholder_dag' retrieved from /opt/airflow/dags/placeholder_dag.py
[2025-01-15T20:51:12.460+0000] {logging_mixin.py:190} INFO - [2025-01-15T20:51:12.460+0000] {dag.py:3239} INFO - Sync 1 DAGs
[2025-01-15T20:51:12.486+0000] {logging_mixin.py:190} INFO - [2025-01-15T20:51:12.486+0000] {dag.py:4180} INFO - Setting next_dagrun for placeholder_dag to 2025-01-14 00:00:00+00:00, run_after=2025-01-15 00:00:00+00:00
[2025-01-15T20:51:12.507+0000] {processor.py:208} INFO - Processing /opt/airflow/dags/placeholder_dag.py took 0.116 seconds
[2025-01-15T20:51:42.886+0000] {processor.py:186} INFO - Started process (PID=7619) to work on /opt/airflow/dags/placeholder_dag.py
[2025-01-15T20:51:42.888+0000] {processor.py:914} INFO - Processing file /opt/airflow/dags/placeholder_dag.py for tasks to queue
[2025-01-15T20:51:42.891+0000] {logging_mixin.py:190} INFO - [2025-01-15T20:51:42.890+0000] {dagbag.py:588} INFO - Filling up the DagBag from /opt/airflow/dags/placeholder_dag.py
[2025-01-15T20:51:42.925+0000] {processor.py:925} INFO - DAG(s) 'placeholder_dag' retrieved from /opt/airflow/dags/placeholder_dag.py
[2025-01-15T20:51:42.957+0000] {logging_mixin.py:190} INFO - [2025-01-15T20:51:42.956+0000] {dag.py:3239} INFO - Sync 1 DAGs
[2025-01-15T20:51:42.991+0000] {logging_mixin.py:190} INFO - [2025-01-15T20:51:42.991+0000] {dag.py:4180} INFO - Setting next_dagrun for placeholder_dag to 2025-01-14 00:00:00+00:00, run_after=2025-01-15 00:00:00+00:00
[2025-01-15T20:51:43.019+0000] {processor.py:208} INFO - Processing /opt/airflow/dags/placeholder_dag.py took 0.139 seconds
[2025-01-15T20:52:13.645+0000] {processor.py:186} INFO - Started process (PID=7634) to work on /opt/airflow/dags/placeholder_dag.py
[2025-01-15T20:52:13.646+0000] {processor.py:914} INFO - Processing file /opt/airflow/dags/placeholder_dag.py for tasks to queue
[2025-01-15T20:52:13.648+0000] {logging_mixin.py:190} INFO - [2025-01-15T20:52:13.648+0000] {dagbag.py:588} INFO - Filling up the DagBag from /opt/airflow/dags/placeholder_dag.py
[2025-01-15T20:52:13.674+0000] {processor.py:925} INFO - DAG(s) 'placeholder_dag' retrieved from /opt/airflow/dags/placeholder_dag.py
[2025-01-15T20:52:13.701+0000] {logging_mixin.py:190} INFO - [2025-01-15T20:52:13.701+0000] {dag.py:3239} INFO - Sync 1 DAGs
[2025-01-15T20:52:13.729+0000] {logging_mixin.py:190} INFO - [2025-01-15T20:52:13.728+0000] {dag.py:4180} INFO - Setting next_dagrun for placeholder_dag to 2025-01-14 00:00:00+00:00, run_after=2025-01-15 00:00:00+00:00
[2025-01-15T20:52:13.753+0000] {processor.py:208} INFO - Processing /opt/airflow/dags/placeholder_dag.py took 0.113 seconds
[2025-01-15T20:52:44.153+0000] {processor.py:186} INFO - Started process (PID=7649) to work on /opt/airflow/dags/placeholder_dag.py
[2025-01-15T20:52:44.155+0000] {processor.py:914} INFO - Processing file /opt/airflow/dags/placeholder_dag.py for tasks to queue
[2025-01-15T20:52:44.156+0000] {logging_mixin.py:190} INFO - [2025-01-15T20:52:44.156+0000] {dagbag.py:588} INFO - Filling up the DagBag from /opt/airflow/dags/placeholder_dag.py
[2025-01-15T20:52:44.188+0000] {processor.py:925} INFO - DAG(s) 'placeholder_dag' retrieved from /opt/airflow/dags/placeholder_dag.py
[2025-01-15T20:52:44.215+0000] {logging_mixin.py:190} INFO - [2025-01-15T20:52:44.215+0000] {dag.py:3239} INFO - Sync 1 DAGs
[2025-01-15T20:52:44.240+0000] {logging_mixin.py:190} INFO - [2025-01-15T20:52:44.240+0000] {dag.py:4180} INFO - Setting next_dagrun for placeholder_dag to 2025-01-14 00:00:00+00:00, run_after=2025-01-15 00:00:00+00:00
[2025-01-15T20:52:44.261+0000] {processor.py:208} INFO - Processing /opt/airflow/dags/placeholder_dag.py took 0.113 seconds
[2025-01-15T20:53:14.983+0000] {processor.py:186} INFO - Started process (PID=7686) to work on /opt/airflow/dags/placeholder_dag.py
[2025-01-15T20:53:14.985+0000] {processor.py:914} INFO - Processing file /opt/airflow/dags/placeholder_dag.py for tasks to queue
[2025-01-15T20:53:14.988+0000] {logging_mixin.py:190} INFO - [2025-01-15T20:53:14.987+0000] {dagbag.py:588} INFO - Filling up the DagBag from /opt/airflow/dags/placeholder_dag.py
[2025-01-15T20:53:15.029+0000] {processor.py:925} INFO - DAG(s) 'placeholder_dag' retrieved from /opt/airflow/dags/placeholder_dag.py
[2025-01-15T20:53:15.062+0000] {logging_mixin.py:190} INFO - [2025-01-15T20:53:15.061+0000] {dag.py:3239} INFO - Sync 1 DAGs
[2025-01-15T20:53:15.099+0000] {logging_mixin.py:190} INFO - [2025-01-15T20:53:15.099+0000] {dag.py:4180} INFO - Setting next_dagrun for placeholder_dag to 2025-01-14 00:00:00+00:00, run_after=2025-01-15 00:00:00+00:00
[2025-01-15T20:53:15.122+0000] {processor.py:208} INFO - Processing /opt/airflow/dags/placeholder_dag.py took 0.155 seconds
[2025-01-15T20:53:45.492+0000] {processor.py:186} INFO - Started process (PID=7701) to work on /opt/airflow/dags/placeholder_dag.py
[2025-01-15T20:53:45.493+0000] {processor.py:914} INFO - Processing file /opt/airflow/dags/placeholder_dag.py for tasks to queue
[2025-01-15T20:53:45.495+0000] {logging_mixin.py:190} INFO - [2025-01-15T20:53:45.495+0000] {dagbag.py:588} INFO - Filling up the DagBag from /opt/airflow/dags/placeholder_dag.py
[2025-01-15T20:53:45.530+0000] {processor.py:925} INFO - DAG(s) 'placeholder_dag' retrieved from /opt/airflow/dags/placeholder_dag.py
[2025-01-15T20:53:45.560+0000] {logging_mixin.py:190} INFO - [2025-01-15T20:53:45.559+0000] {dag.py:3239} INFO - Sync 1 DAGs
[2025-01-15T20:53:45.589+0000] {logging_mixin.py:190} INFO - [2025-01-15T20:53:45.588+0000] {dag.py:4180} INFO - Setting next_dagrun for placeholder_dag to 2025-01-14 00:00:00+00:00, run_after=2025-01-15 00:00:00+00:00
[2025-01-15T20:53:45.607+0000] {processor.py:208} INFO - Processing /opt/airflow/dags/placeholder_dag.py took 0.121 seconds
[2025-01-15T20:54:15.956+0000] {processor.py:186} INFO - Started process (PID=7716) to work on /opt/airflow/dags/placeholder_dag.py
[2025-01-15T20:54:15.957+0000] {processor.py:914} INFO - Processing file /opt/airflow/dags/placeholder_dag.py for tasks to queue
[2025-01-15T20:54:15.958+0000] {logging_mixin.py:190} INFO - [2025-01-15T20:54:15.958+0000] {dagbag.py:588} INFO - Filling up the DagBag from /opt/airflow/dags/placeholder_dag.py
[2025-01-15T20:54:15.980+0000] {processor.py:925} INFO - DAG(s) 'placeholder_dag' retrieved from /opt/airflow/dags/placeholder_dag.py
[2025-01-15T20:54:16.005+0000] {logging_mixin.py:190} INFO - [2025-01-15T20:54:16.004+0000] {dag.py:3239} INFO - Sync 1 DAGs
[2025-01-15T20:54:16.028+0000] {logging_mixin.py:190} INFO - [2025-01-15T20:54:16.028+0000] {dag.py:4180} INFO - Setting next_dagrun for placeholder_dag to 2025-01-14 00:00:00+00:00, run_after=2025-01-15 00:00:00+00:00
[2025-01-15T20:54:16.047+0000] {processor.py:208} INFO - Processing /opt/airflow/dags/placeholder_dag.py took 0.098 seconds
[2025-01-15T20:54:46.356+0000] {processor.py:186} INFO - Started process (PID=7731) to work on /opt/airflow/dags/placeholder_dag.py
[2025-01-15T20:54:46.357+0000] {processor.py:914} INFO - Processing file /opt/airflow/dags/placeholder_dag.py for tasks to queue
[2025-01-15T20:54:46.359+0000] {logging_mixin.py:190} INFO - [2025-01-15T20:54:46.359+0000] {dagbag.py:588} INFO - Filling up the DagBag from /opt/airflow/dags/placeholder_dag.py
[2025-01-15T20:54:46.384+0000] {processor.py:925} INFO - DAG(s) 'placeholder_dag' retrieved from /opt/airflow/dags/placeholder_dag.py
[2025-01-15T20:54:46.410+0000] {logging_mixin.py:190} INFO - [2025-01-15T20:54:46.410+0000] {dag.py:3239} INFO - Sync 1 DAGs
[2025-01-15T20:54:46.436+0000] {logging_mixin.py:190} INFO - [2025-01-15T20:54:46.436+0000] {dag.py:4180} INFO - Setting next_dagrun for placeholder_dag to 2025-01-14 00:00:00+00:00, run_after=2025-01-15 00:00:00+00:00
[2025-01-15T20:54:46.455+0000] {processor.py:208} INFO - Processing /opt/airflow/dags/placeholder_dag.py took 0.106 seconds
[2025-01-15T20:55:16.849+0000] {processor.py:186} INFO - Started process (PID=7746) to work on /opt/airflow/dags/placeholder_dag.py
[2025-01-15T20:55:16.851+0000] {processor.py:914} INFO - Processing file /opt/airflow/dags/placeholder_dag.py for tasks to queue
[2025-01-15T20:55:16.853+0000] {logging_mixin.py:190} INFO - [2025-01-15T20:55:16.853+0000] {dagbag.py:588} INFO - Filling up the DagBag from /opt/airflow/dags/placeholder_dag.py
[2025-01-15T20:55:16.884+0000] {processor.py:925} INFO - DAG(s) 'placeholder_dag' retrieved from /opt/airflow/dags/placeholder_dag.py
[2025-01-15T20:55:16.916+0000] {logging_mixin.py:190} INFO - [2025-01-15T20:55:16.916+0000] {dag.py:3239} INFO - Sync 1 DAGs
[2025-01-15T20:55:16.947+0000] {logging_mixin.py:190} INFO - [2025-01-15T20:55:16.947+0000] {dag.py:4180} INFO - Setting next_dagrun for placeholder_dag to 2025-01-14 00:00:00+00:00, run_after=2025-01-15 00:00:00+00:00
[2025-01-15T20:55:16.975+0000] {processor.py:208} INFO - Processing /opt/airflow/dags/placeholder_dag.py took 0.132 seconds
[2025-01-15T20:55:47.351+0000] {processor.py:186} INFO - Started process (PID=7761) to work on /opt/airflow/dags/placeholder_dag.py
[2025-01-15T20:55:47.353+0000] {processor.py:914} INFO - Processing file /opt/airflow/dags/placeholder_dag.py for tasks to queue
[2025-01-15T20:55:47.355+0000] {logging_mixin.py:190} INFO - [2025-01-15T20:55:47.354+0000] {dagbag.py:588} INFO - Filling up the DagBag from /opt/airflow/dags/placeholder_dag.py
[2025-01-15T20:55:47.390+0000] {processor.py:925} INFO - DAG(s) 'placeholder_dag' retrieved from /opt/airflow/dags/placeholder_dag.py
[2025-01-15T20:55:47.417+0000] {logging_mixin.py:190} INFO - [2025-01-15T20:55:47.417+0000] {dag.py:3239} INFO - Sync 1 DAGs
[2025-01-15T20:55:47.441+0000] {logging_mixin.py:190} INFO - [2025-01-15T20:55:47.441+0000] {dag.py:4180} INFO - Setting next_dagrun for placeholder_dag to 2025-01-14 00:00:00+00:00, run_after=2025-01-15 00:00:00+00:00
[2025-01-15T20:55:47.463+0000] {processor.py:208} INFO - Processing /opt/airflow/dags/placeholder_dag.py took 0.117 seconds
[2025-01-15T20:56:17.818+0000] {processor.py:186} INFO - Started process (PID=7776) to work on /opt/airflow/dags/placeholder_dag.py
[2025-01-15T20:56:17.819+0000] {processor.py:914} INFO - Processing file /opt/airflow/dags/placeholder_dag.py for tasks to queue
[2025-01-15T20:56:17.824+0000] {logging_mixin.py:190} INFO - [2025-01-15T20:56:17.824+0000] {dagbag.py:588} INFO - Filling up the DagBag from /opt/airflow/dags/placeholder_dag.py
[2025-01-15T20:56:17.848+0000] {processor.py:925} INFO - DAG(s) 'placeholder_dag' retrieved from /opt/airflow/dags/placeholder_dag.py
[2025-01-15T20:56:17.874+0000] {logging_mixin.py:190} INFO - [2025-01-15T20:56:17.873+0000] {dag.py:3239} INFO - Sync 1 DAGs
[2025-01-15T20:56:17.896+0000] {logging_mixin.py:190} INFO - [2025-01-15T20:56:17.895+0000] {dag.py:4180} INFO - Setting next_dagrun for placeholder_dag to 2025-01-14 00:00:00+00:00, run_after=2025-01-15 00:00:00+00:00
[2025-01-15T20:56:17.915+0000] {processor.py:208} INFO - Processing /opt/airflow/dags/placeholder_dag.py took 0.104 seconds
[2025-01-15T20:56:48.274+0000] {processor.py:186} INFO - Started process (PID=7791) to work on /opt/airflow/dags/placeholder_dag.py
[2025-01-15T20:56:48.276+0000] {processor.py:914} INFO - Processing file /opt/airflow/dags/placeholder_dag.py for tasks to queue
[2025-01-15T20:56:48.278+0000] {logging_mixin.py:190} INFO - [2025-01-15T20:56:48.277+0000] {dagbag.py:588} INFO - Filling up the DagBag from /opt/airflow/dags/placeholder_dag.py
[2025-01-15T20:56:48.310+0000] {processor.py:925} INFO - DAG(s) 'placeholder_dag' retrieved from /opt/airflow/dags/placeholder_dag.py
[2025-01-15T20:56:48.339+0000] {logging_mixin.py:190} INFO - [2025-01-15T20:56:48.338+0000] {dag.py:3239} INFO - Sync 1 DAGs
[2025-01-15T20:56:48.362+0000] {logging_mixin.py:190} INFO - [2025-01-15T20:56:48.361+0000] {dag.py:4180} INFO - Setting next_dagrun for placeholder_dag to 2025-01-14 00:00:00+00:00, run_after=2025-01-15 00:00:00+00:00
[2025-01-15T20:56:48.382+0000] {processor.py:208} INFO - Processing /opt/airflow/dags/placeholder_dag.py took 0.115 seconds
[2025-01-15T20:57:18.862+0000] {processor.py:186} INFO - Started process (PID=7806) to work on /opt/airflow/dags/placeholder_dag.py
[2025-01-15T20:57:18.863+0000] {processor.py:914} INFO - Processing file /opt/airflow/dags/placeholder_dag.py for tasks to queue
[2025-01-15T20:57:18.865+0000] {logging_mixin.py:190} INFO - [2025-01-15T20:57:18.865+0000] {dagbag.py:588} INFO - Filling up the DagBag from /opt/airflow/dags/placeholder_dag.py
[2025-01-15T20:57:18.897+0000] {processor.py:925} INFO - DAG(s) 'placeholder_dag' retrieved from /opt/airflow/dags/placeholder_dag.py
[2025-01-15T20:57:18.933+0000] {logging_mixin.py:190} INFO - [2025-01-15T20:57:18.933+0000] {dag.py:3239} INFO - Sync 1 DAGs
[2025-01-15T20:57:18.977+0000] {logging_mixin.py:190} INFO - [2025-01-15T20:57:18.976+0000] {dag.py:4180} INFO - Setting next_dagrun for placeholder_dag to 2025-01-14 00:00:00+00:00, run_after=2025-01-15 00:00:00+00:00
[2025-01-15T20:57:19.009+0000] {processor.py:208} INFO - Processing /opt/airflow/dags/placeholder_dag.py took 0.155 seconds
[2025-01-15T20:57:49.813+0000] {processor.py:186} INFO - Started process (PID=7821) to work on /opt/airflow/dags/placeholder_dag.py
[2025-01-15T20:57:49.816+0000] {processor.py:914} INFO - Processing file /opt/airflow/dags/placeholder_dag.py for tasks to queue
[2025-01-15T20:57:49.819+0000] {logging_mixin.py:190} INFO - [2025-01-15T20:57:49.818+0000] {dagbag.py:588} INFO - Filling up the DagBag from /opt/airflow/dags/placeholder_dag.py
[2025-01-15T20:57:49.860+0000] {processor.py:925} INFO - DAG(s) 'placeholder_dag' retrieved from /opt/airflow/dags/placeholder_dag.py
[2025-01-15T20:57:49.888+0000] {logging_mixin.py:190} INFO - [2025-01-15T20:57:49.888+0000] {dag.py:3239} INFO - Sync 1 DAGs
[2025-01-15T20:57:49.915+0000] {logging_mixin.py:190} INFO - [2025-01-15T20:57:49.915+0000] {dag.py:4180} INFO - Setting next_dagrun for placeholder_dag to 2025-01-14 00:00:00+00:00, run_after=2025-01-15 00:00:00+00:00
[2025-01-15T20:57:49.935+0000] {processor.py:208} INFO - Processing /opt/airflow/dags/placeholder_dag.py took 0.131 seconds
[2025-01-15T20:58:20.296+0000] {processor.py:186} INFO - Started process (PID=7836) to work on /opt/airflow/dags/placeholder_dag.py
[2025-01-15T20:58:20.297+0000] {processor.py:914} INFO - Processing file /opt/airflow/dags/placeholder_dag.py for tasks to queue
[2025-01-15T20:58:20.300+0000] {logging_mixin.py:190} INFO - [2025-01-15T20:58:20.300+0000] {dagbag.py:588} INFO - Filling up the DagBag from /opt/airflow/dags/placeholder_dag.py
[2025-01-15T20:58:20.330+0000] {processor.py:925} INFO - DAG(s) 'placeholder_dag' retrieved from /opt/airflow/dags/placeholder_dag.py
[2025-01-15T20:58:20.357+0000] {logging_mixin.py:190} INFO - [2025-01-15T20:58:20.356+0000] {dag.py:3239} INFO - Sync 1 DAGs
[2025-01-15T20:58:20.380+0000] {logging_mixin.py:190} INFO - [2025-01-15T20:58:20.380+0000] {dag.py:4180} INFO - Setting next_dagrun for placeholder_dag to 2025-01-14 00:00:00+00:00, run_after=2025-01-15 00:00:00+00:00
[2025-01-15T20:58:20.404+0000] {processor.py:208} INFO - Processing /opt/airflow/dags/placeholder_dag.py took 0.113 seconds
[2025-01-15T20:58:50.807+0000] {processor.py:186} INFO - Started process (PID=7851) to work on /opt/airflow/dags/placeholder_dag.py
[2025-01-15T20:58:50.808+0000] {processor.py:914} INFO - Processing file /opt/airflow/dags/placeholder_dag.py for tasks to queue
[2025-01-15T20:58:50.810+0000] {logging_mixin.py:190} INFO - [2025-01-15T20:58:50.810+0000] {dagbag.py:588} INFO - Filling up the DagBag from /opt/airflow/dags/placeholder_dag.py
[2025-01-15T20:58:50.844+0000] {processor.py:925} INFO - DAG(s) 'placeholder_dag' retrieved from /opt/airflow/dags/placeholder_dag.py
[2025-01-15T20:58:50.872+0000] {logging_mixin.py:190} INFO - [2025-01-15T20:58:50.872+0000] {dag.py:3239} INFO - Sync 1 DAGs
[2025-01-15T20:58:50.898+0000] {logging_mixin.py:190} INFO - [2025-01-15T20:58:50.898+0000] {dag.py:4180} INFO - Setting next_dagrun for placeholder_dag to 2025-01-14 00:00:00+00:00, run_after=2025-01-15 00:00:00+00:00
[2025-01-15T20:58:50.918+0000] {processor.py:208} INFO - Processing /opt/airflow/dags/placeholder_dag.py took 0.118 seconds
[2025-01-15T20:59:21.386+0000] {processor.py:186} INFO - Started process (PID=7866) to work on /opt/airflow/dags/placeholder_dag.py
[2025-01-15T20:59:21.388+0000] {processor.py:914} INFO - Processing file /opt/airflow/dags/placeholder_dag.py for tasks to queue
[2025-01-15T20:59:21.390+0000] {logging_mixin.py:190} INFO - [2025-01-15T20:59:21.390+0000] {dagbag.py:588} INFO - Filling up the DagBag from /opt/airflow/dags/placeholder_dag.py
[2025-01-15T20:59:21.425+0000] {processor.py:925} INFO - DAG(s) 'placeholder_dag' retrieved from /opt/airflow/dags/placeholder_dag.py
[2025-01-15T20:59:21.450+0000] {logging_mixin.py:190} INFO - [2025-01-15T20:59:21.450+0000] {dag.py:3239} INFO - Sync 1 DAGs
[2025-01-15T20:59:21.474+0000] {logging_mixin.py:190} INFO - [2025-01-15T20:59:21.474+0000] {dag.py:4180} INFO - Setting next_dagrun for placeholder_dag to 2025-01-14 00:00:00+00:00, run_after=2025-01-15 00:00:00+00:00
[2025-01-15T20:59:21.496+0000] {processor.py:208} INFO - Processing /opt/airflow/dags/placeholder_dag.py took 0.117 seconds
[2025-01-15T20:59:51.869+0000] {processor.py:186} INFO - Started process (PID=7881) to work on /opt/airflow/dags/placeholder_dag.py
[2025-01-15T20:59:51.870+0000] {processor.py:914} INFO - Processing file /opt/airflow/dags/placeholder_dag.py for tasks to queue
[2025-01-15T20:59:51.872+0000] {logging_mixin.py:190} INFO - [2025-01-15T20:59:51.872+0000] {dagbag.py:588} INFO - Filling up the DagBag from /opt/airflow/dags/placeholder_dag.py
[2025-01-15T20:59:51.903+0000] {processor.py:925} INFO - DAG(s) 'placeholder_dag' retrieved from /opt/airflow/dags/placeholder_dag.py
[2025-01-15T20:59:51.934+0000] {logging_mixin.py:190} INFO - [2025-01-15T20:59:51.933+0000] {dag.py:3239} INFO - Sync 1 DAGs
[2025-01-15T20:59:51.956+0000] {logging_mixin.py:190} INFO - [2025-01-15T20:59:51.956+0000] {dag.py:4180} INFO - Setting next_dagrun for placeholder_dag to 2025-01-14 00:00:00+00:00, run_after=2025-01-15 00:00:00+00:00
[2025-01-15T20:59:51.979+0000] {processor.py:208} INFO - Processing /opt/airflow/dags/placeholder_dag.py took 0.117 seconds
[2025-01-15T21:00:22.347+0000] {processor.py:186} INFO - Started process (PID=7896) to work on /opt/airflow/dags/placeholder_dag.py
[2025-01-15T21:00:22.348+0000] {processor.py:914} INFO - Processing file /opt/airflow/dags/placeholder_dag.py for tasks to queue
[2025-01-15T21:00:22.351+0000] {logging_mixin.py:190} INFO - [2025-01-15T21:00:22.350+0000] {dagbag.py:588} INFO - Filling up the DagBag from /opt/airflow/dags/placeholder_dag.py
[2025-01-15T21:00:22.382+0000] {processor.py:925} INFO - DAG(s) 'placeholder_dag' retrieved from /opt/airflow/dags/placeholder_dag.py
[2025-01-15T21:00:22.410+0000] {logging_mixin.py:190} INFO - [2025-01-15T21:00:22.410+0000] {dag.py:3239} INFO - Sync 1 DAGs
[2025-01-15T21:00:22.438+0000] {logging_mixin.py:190} INFO - [2025-01-15T21:00:22.438+0000] {dag.py:4180} INFO - Setting next_dagrun for placeholder_dag to 2025-01-14 00:00:00+00:00, run_after=2025-01-15 00:00:00+00:00
[2025-01-15T21:00:22.462+0000] {processor.py:208} INFO - Processing /opt/airflow/dags/placeholder_dag.py took 0.122 seconds
[2025-01-15T21:00:52.874+0000] {processor.py:186} INFO - Started process (PID=7911) to work on /opt/airflow/dags/placeholder_dag.py
[2025-01-15T21:00:52.876+0000] {processor.py:914} INFO - Processing file /opt/airflow/dags/placeholder_dag.py for tasks to queue
[2025-01-15T21:00:52.877+0000] {logging_mixin.py:190} INFO - [2025-01-15T21:00:52.877+0000] {dagbag.py:588} INFO - Filling up the DagBag from /opt/airflow/dags/placeholder_dag.py
[2025-01-15T21:00:52.905+0000] {processor.py:925} INFO - DAG(s) 'placeholder_dag' retrieved from /opt/airflow/dags/placeholder_dag.py
[2025-01-15T21:00:52.931+0000] {logging_mixin.py:190} INFO - [2025-01-15T21:00:52.930+0000] {dag.py:3239} INFO - Sync 1 DAGs
[2025-01-15T21:00:52.954+0000] {logging_mixin.py:190} INFO - [2025-01-15T21:00:52.953+0000] {dag.py:4180} INFO - Setting next_dagrun for placeholder_dag to 2025-01-14 00:00:00+00:00, run_after=2025-01-15 00:00:00+00:00
[2025-01-15T21:00:52.977+0000] {processor.py:208} INFO - Processing /opt/airflow/dags/placeholder_dag.py took 0.109 seconds
[2025-01-15T21:01:23.359+0000] {processor.py:186} INFO - Started process (PID=7926) to work on /opt/airflow/dags/placeholder_dag.py
[2025-01-15T21:01:23.361+0000] {processor.py:914} INFO - Processing file /opt/airflow/dags/placeholder_dag.py for tasks to queue
[2025-01-15T21:01:23.362+0000] {logging_mixin.py:190} INFO - [2025-01-15T21:01:23.362+0000] {dagbag.py:588} INFO - Filling up the DagBag from /opt/airflow/dags/placeholder_dag.py
[2025-01-15T21:01:23.396+0000] {processor.py:925} INFO - DAG(s) 'placeholder_dag' retrieved from /opt/airflow/dags/placeholder_dag.py
[2025-01-15T21:01:23.421+0000] {logging_mixin.py:190} INFO - [2025-01-15T21:01:23.421+0000] {dag.py:3239} INFO - Sync 1 DAGs
[2025-01-15T21:01:23.443+0000] {logging_mixin.py:190} INFO - [2025-01-15T21:01:23.442+0000] {dag.py:4180} INFO - Setting next_dagrun for placeholder_dag to 2025-01-14 00:00:00+00:00, run_after=2025-01-15 00:00:00+00:00
[2025-01-15T21:01:23.463+0000] {processor.py:208} INFO - Processing /opt/airflow/dags/placeholder_dag.py took 0.110 seconds
[2025-01-15T21:01:54.110+0000] {processor.py:186} INFO - Started process (PID=7941) to work on /opt/airflow/dags/placeholder_dag.py
[2025-01-15T21:01:54.112+0000] {processor.py:914} INFO - Processing file /opt/airflow/dags/placeholder_dag.py for tasks to queue
[2025-01-15T21:01:54.113+0000] {logging_mixin.py:190} INFO - [2025-01-15T21:01:54.113+0000] {dagbag.py:588} INFO - Filling up the DagBag from /opt/airflow/dags/placeholder_dag.py
[2025-01-15T21:01:54.141+0000] {processor.py:925} INFO - DAG(s) 'placeholder_dag' retrieved from /opt/airflow/dags/placeholder_dag.py
[2025-01-15T21:01:54.168+0000] {logging_mixin.py:190} INFO - [2025-01-15T21:01:54.167+0000] {dag.py:3239} INFO - Sync 1 DAGs
[2025-01-15T21:01:54.193+0000] {logging_mixin.py:190} INFO - [2025-01-15T21:01:54.192+0000] {dag.py:4180} INFO - Setting next_dagrun for placeholder_dag to 2025-01-14 00:00:00+00:00, run_after=2025-01-15 00:00:00+00:00
[2025-01-15T21:01:54.214+0000] {processor.py:208} INFO - Processing /opt/airflow/dags/placeholder_dag.py took 0.111 seconds
[2025-01-15T21:02:24.652+0000] {processor.py:186} INFO - Started process (PID=7956) to work on /opt/airflow/dags/placeholder_dag.py
[2025-01-15T21:02:24.653+0000] {processor.py:914} INFO - Processing file /opt/airflow/dags/placeholder_dag.py for tasks to queue
[2025-01-15T21:02:24.655+0000] {logging_mixin.py:190} INFO - [2025-01-15T21:02:24.655+0000] {dagbag.py:588} INFO - Filling up the DagBag from /opt/airflow/dags/placeholder_dag.py
[2025-01-15T21:02:24.682+0000] {processor.py:925} INFO - DAG(s) 'placeholder_dag' retrieved from /opt/airflow/dags/placeholder_dag.py
[2025-01-15T21:02:24.713+0000] {logging_mixin.py:190} INFO - [2025-01-15T21:02:24.713+0000] {dag.py:3239} INFO - Sync 1 DAGs
[2025-01-15T21:02:24.738+0000] {logging_mixin.py:190} INFO - [2025-01-15T21:02:24.737+0000] {dag.py:4180} INFO - Setting next_dagrun for placeholder_dag to 2025-01-14 00:00:00+00:00, run_after=2025-01-15 00:00:00+00:00
[2025-01-15T21:02:24.763+0000] {processor.py:208} INFO - Processing /opt/airflow/dags/placeholder_dag.py took 0.118 seconds
[2025-01-15T21:02:55.139+0000] {processor.py:186} INFO - Started process (PID=7971) to work on /opt/airflow/dags/placeholder_dag.py
[2025-01-15T21:02:55.141+0000] {processor.py:914} INFO - Processing file /opt/airflow/dags/placeholder_dag.py for tasks to queue
[2025-01-15T21:02:55.143+0000] {logging_mixin.py:190} INFO - [2025-01-15T21:02:55.142+0000] {dagbag.py:588} INFO - Filling up the DagBag from /opt/airflow/dags/placeholder_dag.py
[2025-01-15T21:02:55.189+0000] {processor.py:925} INFO - DAG(s) 'placeholder_dag' retrieved from /opt/airflow/dags/placeholder_dag.py
[2025-01-15T21:02:55.261+0000] {logging_mixin.py:190} INFO - [2025-01-15T21:02:55.261+0000] {dag.py:3239} INFO - Sync 1 DAGs
[2025-01-15T21:02:55.296+0000] {logging_mixin.py:190} INFO - [2025-01-15T21:02:55.296+0000] {dag.py:4180} INFO - Setting next_dagrun for placeholder_dag to 2025-01-14 00:00:00+00:00, run_after=2025-01-15 00:00:00+00:00
[2025-01-15T21:02:55.320+0000] {processor.py:208} INFO - Processing /opt/airflow/dags/placeholder_dag.py took 0.187 seconds
[2025-01-15T21:03:25.702+0000] {processor.py:186} INFO - Started process (PID=7986) to work on /opt/airflow/dags/placeholder_dag.py
[2025-01-15T21:03:25.703+0000] {processor.py:914} INFO - Processing file /opt/airflow/dags/placeholder_dag.py for tasks to queue
[2025-01-15T21:03:25.706+0000] {logging_mixin.py:190} INFO - [2025-01-15T21:03:25.706+0000] {dagbag.py:588} INFO - Filling up the DagBag from /opt/airflow/dags/placeholder_dag.py
[2025-01-15T21:03:25.738+0000] {processor.py:925} INFO - DAG(s) 'placeholder_dag' retrieved from /opt/airflow/dags/placeholder_dag.py
[2025-01-15T21:03:25.766+0000] {logging_mixin.py:190} INFO - [2025-01-15T21:03:25.766+0000] {dag.py:3239} INFO - Sync 1 DAGs
[2025-01-15T21:03:25.796+0000] {logging_mixin.py:190} INFO - [2025-01-15T21:03:25.795+0000] {dag.py:4180} INFO - Setting next_dagrun for placeholder_dag to 2025-01-14 00:00:00+00:00, run_after=2025-01-15 00:00:00+00:00
[2025-01-15T21:03:25.816+0000] {processor.py:208} INFO - Processing /opt/airflow/dags/placeholder_dag.py took 0.123 seconds
[2025-01-15T21:03:56.208+0000] {processor.py:186} INFO - Started process (PID=8001) to work on /opt/airflow/dags/placeholder_dag.py
[2025-01-15T21:03:56.209+0000] {processor.py:914} INFO - Processing file /opt/airflow/dags/placeholder_dag.py for tasks to queue
[2025-01-15T21:03:56.211+0000] {logging_mixin.py:190} INFO - [2025-01-15T21:03:56.211+0000] {dagbag.py:588} INFO - Filling up the DagBag from /opt/airflow/dags/placeholder_dag.py
[2025-01-15T21:03:56.241+0000] {processor.py:925} INFO - DAG(s) 'placeholder_dag' retrieved from /opt/airflow/dags/placeholder_dag.py
[2025-01-15T21:03:56.264+0000] {logging_mixin.py:190} INFO - [2025-01-15T21:03:56.264+0000] {dag.py:3239} INFO - Sync 1 DAGs
[2025-01-15T21:03:56.289+0000] {logging_mixin.py:190} INFO - [2025-01-15T21:03:56.289+0000] {dag.py:4180} INFO - Setting next_dagrun for placeholder_dag to 2025-01-14 00:00:00+00:00, run_after=2025-01-15 00:00:00+00:00
[2025-01-15T21:03:56.310+0000] {processor.py:208} INFO - Processing /opt/airflow/dags/placeholder_dag.py took 0.108 seconds
[2025-01-15T21:04:26.706+0000] {processor.py:186} INFO - Started process (PID=8016) to work on /opt/airflow/dags/placeholder_dag.py
[2025-01-15T21:04:26.708+0000] {processor.py:914} INFO - Processing file /opt/airflow/dags/placeholder_dag.py for tasks to queue
[2025-01-15T21:04:26.709+0000] {logging_mixin.py:190} INFO - [2025-01-15T21:04:26.709+0000] {dagbag.py:588} INFO - Filling up the DagBag from /opt/airflow/dags/placeholder_dag.py
[2025-01-15T21:04:26.740+0000] {processor.py:925} INFO - DAG(s) 'placeholder_dag' retrieved from /opt/airflow/dags/placeholder_dag.py
[2025-01-15T21:04:26.762+0000] {logging_mixin.py:190} INFO - [2025-01-15T21:04:26.762+0000] {dag.py:3239} INFO - Sync 1 DAGs
[2025-01-15T21:04:26.790+0000] {logging_mixin.py:190} INFO - [2025-01-15T21:04:26.790+0000] {dag.py:4180} INFO - Setting next_dagrun for placeholder_dag to 2025-01-14 00:00:00+00:00, run_after=2025-01-15 00:00:00+00:00
[2025-01-15T21:04:26.810+0000] {processor.py:208} INFO - Processing /opt/airflow/dags/placeholder_dag.py took 0.110 seconds
[2025-01-15T21:04:57.226+0000] {processor.py:186} INFO - Started process (PID=8031) to work on /opt/airflow/dags/placeholder_dag.py
[2025-01-15T21:04:57.227+0000] {processor.py:914} INFO - Processing file /opt/airflow/dags/placeholder_dag.py for tasks to queue
[2025-01-15T21:04:57.229+0000] {logging_mixin.py:190} INFO - [2025-01-15T21:04:57.228+0000] {dagbag.py:588} INFO - Filling up the DagBag from /opt/airflow/dags/placeholder_dag.py
[2025-01-15T21:04:57.265+0000] {processor.py:925} INFO - DAG(s) 'placeholder_dag' retrieved from /opt/airflow/dags/placeholder_dag.py
[2025-01-15T21:04:57.300+0000] {logging_mixin.py:190} INFO - [2025-01-15T21:04:57.299+0000] {dag.py:3239} INFO - Sync 1 DAGs
[2025-01-15T21:04:57.322+0000] {logging_mixin.py:190} INFO - [2025-01-15T21:04:57.322+0000] {dag.py:4180} INFO - Setting next_dagrun for placeholder_dag to 2025-01-14 00:00:00+00:00, run_after=2025-01-15 00:00:00+00:00
[2025-01-15T21:04:57.341+0000] {processor.py:208} INFO - Processing /opt/airflow/dags/placeholder_dag.py took 0.121 seconds
[2025-01-15T21:05:27.724+0000] {processor.py:186} INFO - Started process (PID=8046) to work on /opt/airflow/dags/placeholder_dag.py
[2025-01-15T21:05:27.725+0000] {processor.py:914} INFO - Processing file /opt/airflow/dags/placeholder_dag.py for tasks to queue
[2025-01-15T21:05:27.727+0000] {logging_mixin.py:190} INFO - [2025-01-15T21:05:27.727+0000] {dagbag.py:588} INFO - Filling up the DagBag from /opt/airflow/dags/placeholder_dag.py
[2025-01-15T21:05:27.755+0000] {processor.py:925} INFO - DAG(s) 'placeholder_dag' retrieved from /opt/airflow/dags/placeholder_dag.py
[2025-01-15T21:05:27.780+0000] {logging_mixin.py:190} INFO - [2025-01-15T21:05:27.779+0000] {dag.py:3239} INFO - Sync 1 DAGs
[2025-01-15T21:05:27.804+0000] {logging_mixin.py:190} INFO - [2025-01-15T21:05:27.803+0000] {dag.py:4180} INFO - Setting next_dagrun for placeholder_dag to 2025-01-14 00:00:00+00:00, run_after=2025-01-15 00:00:00+00:00
[2025-01-15T21:05:27.824+0000] {processor.py:208} INFO - Processing /opt/airflow/dags/placeholder_dag.py took 0.105 seconds
[2025-01-15T21:05:58.350+0000] {processor.py:186} INFO - Started process (PID=8061) to work on /opt/airflow/dags/placeholder_dag.py
[2025-01-15T21:05:58.352+0000] {processor.py:914} INFO - Processing file /opt/airflow/dags/placeholder_dag.py for tasks to queue
[2025-01-15T21:05:58.353+0000] {logging_mixin.py:190} INFO - [2025-01-15T21:05:58.353+0000] {dagbag.py:588} INFO - Filling up the DagBag from /opt/airflow/dags/placeholder_dag.py
[2025-01-15T21:05:58.382+0000] {processor.py:925} INFO - DAG(s) 'placeholder_dag' retrieved from /opt/airflow/dags/placeholder_dag.py
[2025-01-15T21:05:58.407+0000] {logging_mixin.py:190} INFO - [2025-01-15T21:05:58.406+0000] {dag.py:3239} INFO - Sync 1 DAGs
[2025-01-15T21:05:58.434+0000] {logging_mixin.py:190} INFO - [2025-01-15T21:05:58.434+0000] {dag.py:4180} INFO - Setting next_dagrun for placeholder_dag to 2025-01-14 00:00:00+00:00, run_after=2025-01-15 00:00:00+00:00
[2025-01-15T21:05:58.455+0000] {processor.py:208} INFO - Processing /opt/airflow/dags/placeholder_dag.py took 0.112 seconds
[2025-01-15T21:06:28.846+0000] {processor.py:186} INFO - Started process (PID=8076) to work on /opt/airflow/dags/placeholder_dag.py
[2025-01-15T21:06:28.847+0000] {processor.py:914} INFO - Processing file /opt/airflow/dags/placeholder_dag.py for tasks to queue
[2025-01-15T21:06:28.849+0000] {logging_mixin.py:190} INFO - [2025-01-15T21:06:28.848+0000] {dagbag.py:588} INFO - Filling up the DagBag from /opt/airflow/dags/placeholder_dag.py
[2025-01-15T21:06:28.879+0000] {processor.py:925} INFO - DAG(s) 'placeholder_dag' retrieved from /opt/airflow/dags/placeholder_dag.py
[2025-01-15T21:06:28.901+0000] {logging_mixin.py:190} INFO - [2025-01-15T21:06:28.901+0000] {dag.py:3239} INFO - Sync 1 DAGs
[2025-01-15T21:06:28.924+0000] {logging_mixin.py:190} INFO - [2025-01-15T21:06:28.923+0000] {dag.py:4180} INFO - Setting next_dagrun for placeholder_dag to 2025-01-14 00:00:00+00:00, run_after=2025-01-15 00:00:00+00:00
[2025-01-15T21:06:28.944+0000] {processor.py:208} INFO - Processing /opt/airflow/dags/placeholder_dag.py took 0.105 seconds
[2025-01-15T21:06:59.323+0000] {processor.py:186} INFO - Started process (PID=8091) to work on /opt/airflow/dags/placeholder_dag.py
[2025-01-15T21:06:59.324+0000] {processor.py:914} INFO - Processing file /opt/airflow/dags/placeholder_dag.py for tasks to queue
[2025-01-15T21:06:59.326+0000] {logging_mixin.py:190} INFO - [2025-01-15T21:06:59.325+0000] {dagbag.py:588} INFO - Filling up the DagBag from /opt/airflow/dags/placeholder_dag.py
[2025-01-15T21:06:59.355+0000] {processor.py:925} INFO - DAG(s) 'placeholder_dag' retrieved from /opt/airflow/dags/placeholder_dag.py
[2025-01-15T21:06:59.376+0000] {logging_mixin.py:190} INFO - [2025-01-15T21:06:59.376+0000] {dag.py:3239} INFO - Sync 1 DAGs
[2025-01-15T21:06:59.397+0000] {logging_mixin.py:190} INFO - [2025-01-15T21:06:59.396+0000] {dag.py:4180} INFO - Setting next_dagrun for placeholder_dag to 2025-01-14 00:00:00+00:00, run_after=2025-01-15 00:00:00+00:00
[2025-01-15T21:06:59.415+0000] {processor.py:208} INFO - Processing /opt/airflow/dags/placeholder_dag.py took 0.098 seconds
[2025-01-15T23:09:55.979+0000] {processor.py:186} INFO - Started process (PID=8106) to work on /opt/airflow/dags/placeholder_dag.py
[2025-01-15T23:09:55.991+0000] {processor.py:914} INFO - Processing file /opt/airflow/dags/placeholder_dag.py for tasks to queue
[2025-01-15T23:09:56.003+0000] {logging_mixin.py:190} INFO - [2025-01-15T23:09:56.002+0000] {dagbag.py:588} INFO - Filling up the DagBag from /opt/airflow/dags/placeholder_dag.py
[2025-01-15T23:09:56.268+0000] {processor.py:925} INFO - DAG(s) 'placeholder_dag' retrieved from /opt/airflow/dags/placeholder_dag.py
[2025-01-15T23:09:56.450+0000] {logging_mixin.py:190} INFO - [2025-01-15T23:09:56.450+0000] {dag.py:3239} INFO - Sync 1 DAGs
[2025-01-15T23:09:56.700+0000] {logging_mixin.py:190} INFO - [2025-01-15T23:09:56.700+0000] {dag.py:4180} INFO - Setting next_dagrun for placeholder_dag to 2025-01-14 00:00:00+00:00, run_after=2025-01-15 00:00:00+00:00
[2025-01-15T23:09:57.173+0000] {processor.py:208} INFO - Processing /opt/airflow/dags/placeholder_dag.py took 1.228 seconds
