[2025-01-21T16:19:52.244+0000] {local_task_job_runner.py:123} INFO - ::group::Pre task execution logs
[2025-01-21T16:19:52.328+0000] {taskinstance.py:2613} INFO - Dependencies all met for dep_context=non-requeueable deps ti=<TaskInstance: my_second_dbt_dag.run_dbt_model scheduled__2025-01-20T00:00:00+00:00 [queued]>
[2025-01-21T16:19:52.385+0000] {taskinstance.py:2613} INFO - Dependencies all met for dep_context=requeueable deps ti=<TaskInstance: my_second_dbt_dag.run_dbt_model scheduled__2025-01-20T00:00:00+00:00 [queued]>
[2025-01-21T16:19:52.388+0000] {taskinstance.py:2866} INFO - Starting attempt 1 of 2
[2025-01-21T16:19:52.482+0000] {taskinstance.py:2889} INFO - Executing <Task(PythonOperator): run_dbt_model> on 2025-01-20 00:00:00+00:00
[2025-01-21T16:19:52.576+0000] {standard_task_runner.py:104} INFO - Running: ['***', 'tasks', 'run', 'my_second_dbt_dag', 'run_dbt_model', 'scheduled__2025-01-20T00:00:00+00:00', '--job-id', '40', '--raw', '--subdir', 'DAGS_FOLDER/my_second_dbt_dag.py', '--cfg-path', '/tmp/tmp9gc3cn0b']
[2025-01-21T16:19:52.637+0000] {standard_task_runner.py:105} INFO - Job 40: Subtask run_dbt_model
[2025-01-21T16:19:52.711+0000] {logging_mixin.py:190} WARNING - /home/***/.local/lib/python3.12/site-packages/***/task/task_runner/standard_task_runner.py:70 DeprecationWarning: This process (pid=20287) is multi-threaded, use of fork() may lead to deadlocks in the child.
[2025-01-21T16:19:52.713+0000] {standard_task_runner.py:72} INFO - Started process 20296 to run task
[2025-01-21T16:19:54.352+0000] {task_command.py:467} INFO - Running <TaskInstance: my_second_dbt_dag.run_dbt_model scheduled__2025-01-20T00:00:00+00:00 [running]> on host 10a7333bcdf9
[2025-01-21T16:19:57.648+0000] {taskinstance.py:3132} INFO - Exporting env vars: AIRFLOW_CTX_DAG_OWNER='***' AIRFLOW_CTX_DAG_ID='my_second_dbt_dag' AIRFLOW_CTX_TASK_ID='run_dbt_model' AIRFLOW_CTX_EXECUTION_DATE='2025-01-20T00:00:00+00:00' AIRFLOW_CTX_TRY_NUMBER='1' AIRFLOW_CTX_DAG_RUN_ID='scheduled__2025-01-20T00:00:00+00:00'
[2025-01-21T16:19:57.681+0000] {taskinstance.py:731} INFO - ::endgroup::
[2025-01-21T16:20:24.229+0000] {logging_mixin.py:190} INFO - 16:20:19  Running with dbt=1.6.1
16:20:19  Registered adapter: postgres=1.6.1
16:20:21  Found 4 models, 2 seeds, 2 sources, 0 exposures, 0 metrics, 464 macros, 0 groups, 0 semantic models
16:20:21  
16:20:21  Concurrency: 1 threads (target='dev')
16:20:21  
16:20:21  1 of 4 START sql table model jin_schema.my_first_dbt_model ..................... [RUN]
16:20:22  1 of 4 OK created sql table model jin_schema.my_first_dbt_model ................ [SELECT 2 in 0.99s]
16:20:22  2 of 4 START sql table model jin_schema.my_fifth_dag_dbt_model ................. [RUN]
16:20:23  2 of 4 OK created sql table model jin_schema.my_fifth_dag_dbt_model ............ [SELECT 2 in 0.12s]
16:20:23  3 of 4 START sql table model jin_schema.my_second_dbt_model .................... [RUN]
16:20:23  3 of 4 OK created sql table model jin_schema.my_second_dbt_model ............... [SELECT 1 in 0.09s]
16:20:23  4 of 4 START sql table model jin_schema.my_third_dbt_model ..................... [RUN]
16:20:23  4 of 4 OK created sql table model jin_schema.my_third_dbt_model ................ [SELECT 2 in 0.16s]
16:20:23  
16:20:23  Finished running 4 table models in 0 hours 0 minutes and 1.67 seconds (1.67s).
16:20:23  
16:20:23  Completed successfully
16:20:23  
16:20:23  Done. PASS=4 WARN=0 ERROR=0 SKIP=0 TOTAL=4
[2025-01-21T16:20:24.229+0000] {python.py:240} INFO - Done. Returned value was: None
[2025-01-21T16:20:24.240+0000] {taskinstance.py:340} INFO - ::group::Post task execution logs
[2025-01-21T16:20:24.241+0000] {taskinstance.py:352} INFO - Marking task as SUCCESS. dag_id=my_second_dbt_dag, task_id=run_dbt_model, run_id=scheduled__2025-01-20T00:00:00+00:00, execution_date=20250120T000000, start_date=20250121T161952, end_date=20250121T162024
[2025-01-21T16:20:24.291+0000] {local_task_job_runner.py:266} INFO - Task exited with return code 0
[2025-01-21T16:20:24.304+0000] {taskinstance.py:3895} INFO - 0 downstream tasks scheduled from follow-on schedule check
[2025-01-21T16:20:24.305+0000] {local_task_job_runner.py:245} INFO - ::endgroup::
