[2025-01-12T13:31:28.463+0000] {local_task_job_runner.py:123} INFO - ::group::Pre task execution logs
[2025-01-12T13:31:28.480+0000] {taskinstance.py:2613} INFO - Dependencies all met for dep_context=non-requeueable deps ti=<TaskInstance: my_second_dbt_dag.run_dbt_model manual__2025-01-12T13:31:27.688423+00:00 [queued]>
[2025-01-12T13:31:28.488+0000] {taskinstance.py:2613} INFO - Dependencies all met for dep_context=requeueable deps ti=<TaskInstance: my_second_dbt_dag.run_dbt_model manual__2025-01-12T13:31:27.688423+00:00 [queued]>
[2025-01-12T13:31:28.490+0000] {taskinstance.py:2866} INFO - Starting attempt 1 of 2
[2025-01-12T13:31:28.508+0000] {taskinstance.py:2889} INFO - Executing <Task(PythonOperator): run_dbt_model> on 2025-01-12 13:31:27.688423+00:00
[2025-01-12T13:31:28.517+0000] {standard_task_runner.py:104} INFO - Running: ['***', 'tasks', 'run', 'my_second_dbt_dag', 'run_dbt_model', 'manual__2025-01-12T13:31:27.688423+00:00', '--job-id', '6', '--raw', '--subdir', 'DAGS_FOLDER/my_second_dbt_dag.py', '--cfg-path', '/tmp/tmpa6r72i9s']
[2025-01-12T13:31:28.520+0000] {standard_task_runner.py:105} INFO - Job 6: Subtask run_dbt_model
[2025-01-12T13:31:28.521+0000] {logging_mixin.py:190} WARNING - /home/***/.local/lib/python3.12/site-packages/***/task/task_runner/standard_task_runner.py:70 DeprecationWarning: This process (pid=247) is multi-threaded, use of fork() may lead to deadlocks in the child.
[2025-01-12T13:31:28.522+0000] {standard_task_runner.py:72} INFO - Started process 248 to run task
[2025-01-12T13:31:28.566+0000] {task_command.py:467} INFO - Running <TaskInstance: my_second_dbt_dag.run_dbt_model manual__2025-01-12T13:31:27.688423+00:00 [running]> on host 10a7333bcdf9
[2025-01-12T13:31:28.662+0000] {taskinstance.py:3132} INFO - Exporting env vars: AIRFLOW_CTX_DAG_OWNER='***' AIRFLOW_CTX_DAG_ID='my_second_dbt_dag' AIRFLOW_CTX_TASK_ID='run_dbt_model' AIRFLOW_CTX_EXECUTION_DATE='2025-01-12T13:31:27.688423+00:00' AIRFLOW_CTX_TRY_NUMBER='1' AIRFLOW_CTX_DAG_RUN_ID='manual__2025-01-12T13:31:27.688423+00:00'
[2025-01-12T13:31:28.663+0000] {taskinstance.py:731} INFO - ::endgroup::
[2025-01-12T13:31:35.249+0000] {logging_mixin.py:190} INFO - 13:31:31  Running with dbt=1.6.1
13:31:31  Registered adapter: postgres=1.6.1
13:31:33  Found 4 models, 2 seeds, 2 sources, 0 exposures, 0 metrics, 464 macros, 0 groups, 0 semantic models
13:31:33  
13:31:33  Concurrency: 1 threads (target='dev')
13:31:33  
13:31:33  1 of 4 START sql table model jin_schema.my_first_dbt_model ..................... [RUN]
13:31:33  1 of 4 OK created sql table model jin_schema.my_first_dbt_model ................ [SELECT 2 in 0.14s]
13:31:33  2 of 4 START sql table model jin_schema.my_fifth_dag_dbt_model ................. [RUN]
13:31:33  2 of 4 OK created sql table model jin_schema.my_fifth_dag_dbt_model ............ [SELECT 2 in 0.09s]
13:31:33  3 of 4 START sql table model jin_schema.my_second_dbt_model .................... [RUN]
13:31:33  3 of 4 OK created sql table model jin_schema.my_second_dbt_model ............... [SELECT 1 in 0.08s]
13:31:33  4 of 4 START sql table model jin_schema.my_third_dbt_model ..................... [RUN]
13:31:33  4 of 4 OK created sql table model jin_schema.my_third_dbt_model ................ [SELECT 2 in 0.08s]
13:31:33  
13:31:33  Finished running 4 table models in 0 hours 0 minutes and 0.59 seconds (0.59s).
13:31:33  
13:31:33  Completed successfully
13:31:33  
13:31:33  Done. PASS=4 WARN=0 ERROR=0 SKIP=0 TOTAL=4
[2025-01-12T13:31:35.250+0000] {python.py:240} INFO - Done. Returned value was: None
[2025-01-12T13:31:35.258+0000] {taskinstance.py:340} INFO - ::group::Post task execution logs
[2025-01-12T13:31:35.259+0000] {taskinstance.py:352} INFO - Marking task as SUCCESS. dag_id=my_second_dbt_dag, task_id=run_dbt_model, run_id=manual__2025-01-12T13:31:27.688423+00:00, execution_date=20250112T133127, start_date=20250112T133128, end_date=20250112T133135
[2025-01-12T13:31:35.282+0000] {local_task_job_runner.py:266} INFO - Task exited with return code 0
[2025-01-12T13:31:35.295+0000] {taskinstance.py:3895} INFO - 0 downstream tasks scheduled from follow-on schedule check
[2025-01-12T13:31:35.298+0000] {local_task_job_runner.py:245} INFO - ::endgroup::
